{"meta": {"format": 3, "version": "7.13.1", "timestamp": "2026-01-03T18:23:41.719288", "branch_coverage": true, "show_contexts": false}, "files": {"core/config/core_lazy_loading.py": {"executed_lines": [7, 9, 10, 11, 13, 19, 22, 28, 29, 30, 32, 41, 42, 43, 44, 46, 49, 52, 58, 59, 60, 62, 68, 69, 70, 71, 73, 75, 81, 83, 85, 86, 87, 90, 104, 107, 122, 124, 125, 126, 127, 128, 130], "summary": {"covered_lines": 43, "num_statements": 43, "percent_covered": 100.0, "percent_covered_display": "100.00", "missing_lines": 0, "excluded_lines": 2, "percent_statements_covered": 100.0, "percent_statements_covered_display": "100.00", "num_branches": 8, "num_partial_branches": 0, "covered_branches": 8, "missing_branches": 0, "percent_branches_covered": 100.0, "percent_branches_covered_display": "100.00"}, "missing_lines": [], "excluded_lines": [15, 16], "executed_branches": [[41, 42], [41, 46], [68, 69], [68, 73], [85, -83], [85, 86], [125, 126], [125, 128]], "missing_branches": [], "functions": {"LazyLoader.__init__": {"executed_lines": [28, 29, 30], "summary": {"covered_lines": 3, "num_statements": 3, "percent_covered": 100.0, "percent_covered_display": "100.00", "missing_lines": 0, "excluded_lines": 0, "percent_statements_covered": 100.0, "percent_statements_covered_display": "100.00", "num_branches": 0, "num_partial_branches": 0, "covered_branches": 0, "missing_branches": 0, "percent_branches_covered": 100.0, "percent_branches_covered_display": "100.00"}, "missing_lines": [], "excluded_lines": [], "start_line": 22, "executed_branches": [], "missing_branches": []}, "LazyLoader.__getattr__": {"executed_lines": [41, 42, 43, 44, 46], "summary": {"covered_lines": 5, "num_statements": 5, "percent_covered": 100.0, "percent_covered_display": "100.00", "missing_lines": 0, "excluded_lines": 0, "percent_statements_covered": 100.0, "percent_statements_covered_display": "100.00", "num_branches": 2, "num_partial_branches": 0, "covered_branches": 2, "missing_branches": 0, "percent_branches_covered": 100.0, "percent_branches_covered_display": "100.00"}, "missing_lines": [], "excluded_lines": [], "start_line": 32, "executed_branches": [[41, 42], [41, 46]], "missing_branches": []}, "LazyComponent.__init__": {"executed_lines": [58, 59, 60], "summary": {"covered_lines": 3, "num_statements": 3, "percent_covered": 100.0, "percent_covered_display": "100.00", "missing_lines": 0, "excluded_lines": 0, "percent_statements_covered": 100.0, "percent_statements_covered_display": "100.00", "num_branches": 0, "num_partial_branches": 0, "covered_branches": 0, "missing_branches": 0, "percent_branches_covered": 100.0, "percent_branches_covered_display": "100.00"}, "missing_lines": [], "excluded_lines": [], "start_line": 52, "executed_branches": [], "missing_branches": []}, "LazyComponent.get": {"executed_lines": [68, 69, 70, 71, 73], "summary": {"covered_lines": 5, "num_statements": 5, "percent_covered": 100.0, "percent_covered_display": "100.00", "missing_lines": 0, "excluded_lines": 0, "percent_statements_covered": 100.0, "percent_statements_covered_display": "100.00", "num_branches": 2, "num_partial_branches": 0, "covered_branches": 2, "missing_branches": 0, "percent_branches_covered": 100.0, "percent_branches_covered_display": "100.00"}, "missing_lines": [], "excluded_lines": [], "start_line": 62, "executed_branches": [[68, 69], [68, 73]], "missing_branches": []}, "LazyComponent.is_loaded": {"executed_lines": [81], "summary": {"covered_lines": 1, "num_statements": 1, "percent_covered": 100.0, "percent_covered_display": "100.00", "missing_lines": 0, "excluded_lines": 0, "percent_statements_covered": 100.0, "percent_statements_covered_display": "100.00", "num_branches": 0, "num_partial_branches": 0, "covered_branches": 0, "missing_branches": 0, "percent_branches_covered": 100.0, "percent_branches_covered_display": "100.00"}, "missing_lines": [], "excluded_lines": [], "start_line": 75, "executed_branches": [], "missing_branches": []}, "LazyComponent.reset": {"executed_lines": [85, 86, 87], "summary": {"covered_lines": 3, "num_statements": 3, "percent_covered": 100.0, "percent_covered_display": "100.00", "missing_lines": 0, "excluded_lines": 0, "percent_statements_covered": 100.0, "percent_statements_covered_display": "100.00", "num_branches": 2, "num_partial_branches": 0, "covered_branches": 2, "missing_branches": 0, "percent_branches_covered": 100.0, "percent_branches_covered_display": "100.00"}, "missing_lines": [], "excluded_lines": [], "start_line": 83, "executed_branches": [[85, -83], [85, 86]], "missing_branches": []}, "lazy_import": {"executed_lines": [104], "summary": {"covered_lines": 1, "num_statements": 1, "percent_covered": 100.0, "percent_covered_display": "100.00", "missing_lines": 0, "excluded_lines": 0, "percent_statements_covered": 100.0, "percent_statements_covered_display": "100.00", "num_branches": 0, "num_partial_branches": 0, "covered_branches": 0, "missing_branches": 0, "percent_branches_covered": 100.0, "percent_branches_covered_display": "100.00"}, "missing_lines": [], "excluded_lines": [], "start_line": 90, "executed_branches": [], "missing_branches": []}, "lazy_property": {"executed_lines": [122, 124, 130], "summary": {"covered_lines": 3, "num_statements": 3, "percent_covered": 100.0, "percent_covered_display": "100.00", "missing_lines": 0, "excluded_lines": 0, "percent_statements_covered": 100.0, "percent_statements_covered_display": "100.00", "num_branches": 0, "num_partial_branches": 0, "covered_branches": 0, "missing_branches": 0, "percent_branches_covered": 100.0, "percent_branches_covered_display": "100.00"}, "missing_lines": [], "excluded_lines": [], "start_line": 107, "executed_branches": [], "missing_branches": []}, "lazy_property.getter": {"executed_lines": [125, 126, 127, 128], "summary": {"covered_lines": 4, "num_statements": 4, "percent_covered": 100.0, "percent_covered_display": "100.00", "missing_lines": 0, "excluded_lines": 0, "percent_statements_covered": 100.0, "percent_statements_covered_display": "100.00", "num_branches": 2, "num_partial_branches": 0, "covered_branches": 2, "missing_branches": 0, "percent_branches_covered": 100.0, "percent_branches_covered_display": "100.00"}, "missing_lines": [], "excluded_lines": [], "start_line": 124, "executed_branches": [[125, 126], [125, 128]], "missing_branches": []}, "": {"executed_lines": [7, 9, 10, 11, 13, 19, 22, 32, 49, 52, 62, 75, 83, 90, 107], "summary": {"covered_lines": 15, "num_statements": 15, "percent_covered": 100.0, "percent_covered_display": "100.00", "missing_lines": 0, "excluded_lines": 2, "percent_statements_covered": 100.0, "percent_statements_covered_display": "100.00", "num_branches": 0, "num_partial_branches": 0, "covered_branches": 0, "missing_branches": 0, "percent_branches_covered": 100.0, "percent_branches_covered_display": "100.00"}, "missing_lines": [], "excluded_lines": [15, 16], "start_line": 1, "executed_branches": [], "missing_branches": []}}, "classes": {"LazyLoader": {"executed_lines": [28, 29, 30, 41, 42, 43, 44, 46], "summary": {"covered_lines": 8, "num_statements": 8, "percent_covered": 100.0, "percent_covered_display": "100.00", "missing_lines": 0, "excluded_lines": 0, "percent_statements_covered": 100.0, "percent_statements_covered_display": "100.00", "num_branches": 2, "num_partial_branches": 0, "covered_branches": 2, "missing_branches": 0, "percent_branches_covered": 100.0, "percent_branches_covered_display": "100.00"}, "missing_lines": [], "excluded_lines": [], "start_line": 19, "executed_branches": [[41, 42], [41, 46]], "missing_branches": []}, "LazyComponent": {"executed_lines": [58, 59, 60, 68, 69, 70, 71, 73, 81, 85, 86, 87], "summary": {"covered_lines": 12, "num_statements": 12, "percent_covered": 100.0, "percent_covered_display": "100.00", "missing_lines": 0, "excluded_lines": 0, "percent_statements_covered": 100.0, "percent_statements_covered_display": "100.00", "num_branches": 4, "num_partial_branches": 0, "covered_branches": 4, "missing_branches": 0, "percent_branches_covered": 100.0, "percent_branches_covered_display": "100.00"}, "missing_lines": [], "excluded_lines": [], "start_line": 49, "executed_branches": [[68, 69], [68, 73], [85, -83], [85, 86]], "missing_branches": []}, "": {"executed_lines": [7, 9, 10, 11, 13, 19, 22, 32, 49, 52, 62, 75, 83, 90, 104, 107, 122, 124, 125, 126, 127, 128, 130], "summary": {"covered_lines": 23, "num_statements": 23, "percent_covered": 100.0, "percent_covered_display": "100.00", "missing_lines": 0, "excluded_lines": 2, "percent_statements_covered": 100.0, "percent_statements_covered_display": "100.00", "num_branches": 2, "num_partial_branches": 0, "covered_branches": 2, "missing_branches": 0, "percent_branches_covered": 100.0, "percent_branches_covered_display": "100.00"}, "missing_lines": [], "excluded_lines": [15, 16], "start_line": 1, "executed_branches": [[125, 126], [125, 128]], "missing_branches": []}}}, "core/config/core_logging_config.py": {"executed_lines": [7, 9, 10, 11, 13, 16, 17, 18, 19, 22, 25, 33, 36, 37, 44, 51, 61, 62, 65, 75, 78, 80, 81, 84, 86, 87, 90, 92, 93], "summary": {"covered_lines": 29, "num_statements": 29, "percent_covered": 100.0, "percent_covered_display": "100.00", "missing_lines": 0, "excluded_lines": 0, "percent_statements_covered": 100.0, "percent_statements_covered_display": "100.00", "num_branches": 4, "num_partial_branches": 0, "covered_branches": 4, "missing_branches": 0, "percent_branches_covered": 100.0, "percent_branches_covered_display": "100.00"}, "missing_lines": [], "excluded_lines": [], "executed_branches": [[36, 37], [36, 44], [61, 62], [61, 75]], "missing_branches": [], "functions": {"configure_logging": {"executed_lines": [33, 36, 37, 44, 51, 61, 62, 65, 75], "summary": {"covered_lines": 9, "num_statements": 9, "percent_covered": 100.0, "percent_covered_display": "100.00", "missing_lines": 0, "excluded_lines": 0, "percent_statements_covered": 100.0, "percent_statements_covered_display": "100.00", "num_branches": 4, "num_partial_branches": 0, "covered_branches": 4, "missing_branches": 0, "percent_branches_covered": 100.0, "percent_branches_covered_display": "100.00"}, "missing_lines": [], "excluded_lines": [], "start_line": 25, "executed_branches": [[36, 37], [36, 44], [61, 62], [61, 75]], "missing_branches": []}, "set_production_mode": {"executed_lines": [80, 81], "summary": {"covered_lines": 2, "num_statements": 2, "percent_covered": 100.0, "percent_covered_display": "100.00", "missing_lines": 0, "excluded_lines": 0, "percent_statements_covered": 100.0, "percent_statements_covered_display": "100.00", "num_branches": 0, "num_partial_branches": 0, "covered_branches": 0, "missing_branches": 0, "percent_branches_covered": 100.0, "percent_branches_covered_display": "100.00"}, "missing_lines": [], "excluded_lines": [], "start_line": 78, "executed_branches": [], "missing_branches": []}, "set_debug_mode": {"executed_lines": [86, 87], "summary": {"covered_lines": 2, "num_statements": 2, "percent_covered": 100.0, "percent_covered_display": "100.00", "missing_lines": 0, "excluded_lines": 0, "percent_statements_covered": 100.0, "percent_statements_covered_display": "100.00", "num_branches": 0, "num_partial_branches": 0, "covered_branches": 0, "missing_branches": 0, "percent_branches_covered": 100.0, "percent_branches_covered_display": "100.00"}, "missing_lines": [], "excluded_lines": [], "start_line": 84, "executed_branches": [], "missing_branches": []}, "set_silent_mode": {"executed_lines": [92, 93], "summary": {"covered_lines": 2, "num_statements": 2, "percent_covered": 100.0, "percent_covered_display": "100.00", "missing_lines": 0, "excluded_lines": 0, "percent_statements_covered": 100.0, "percent_statements_covered_display": "100.00", "num_branches": 0, "num_partial_branches": 0, "covered_branches": 0, "missing_branches": 0, "percent_branches_covered": 100.0, "percent_branches_covered_display": "100.00"}, "missing_lines": [], "excluded_lines": [], "start_line": 90, "executed_branches": [], "missing_branches": []}, "": {"executed_lines": [7, 9, 10, 11, 13, 16, 17, 18, 19, 22, 25, 78, 84, 90], "summary": {"covered_lines": 14, "num_statements": 14, "percent_covered": 100.0, "percent_covered_display": "100.00", "missing_lines": 0, "excluded_lines": 0, "percent_statements_covered": 100.0, "percent_statements_covered_display": "100.00", "num_branches": 0, "num_partial_branches": 0, "covered_branches": 0, "missing_branches": 0, "percent_branches_covered": 100.0, "percent_branches_covered_display": "100.00"}, "missing_lines": [], "excluded_lines": [], "start_line": 1, "executed_branches": [], "missing_branches": []}}, "classes": {"": {"executed_lines": [7, 9, 10, 11, 13, 16, 17, 18, 19, 22, 25, 33, 36, 37, 44, 51, 61, 62, 65, 75, 78, 80, 81, 84, 86, 87, 90, 92, 93], "summary": {"covered_lines": 29, "num_statements": 29, "percent_covered": 100.0, "percent_covered_display": "100.00", "missing_lines": 0, "excluded_lines": 0, "percent_statements_covered": 100.0, "percent_statements_covered_display": "100.00", "num_branches": 4, "num_partial_branches": 0, "covered_branches": 4, "missing_branches": 0, "percent_branches_covered": 100.0, "percent_branches_covered_display": "100.00"}, "missing_lines": [], "excluded_lines": [], "start_line": 1, "executed_branches": [[36, 37], [36, 44], [61, 62], [61, 75]], "missing_branches": []}}}, "core/config/core_paths.py": {"executed_lines": [6, 8, 9, 11, 14, 15, 18, 19, 26, 32, 33, 34, 35, 37, 40, 46], "summary": {"covered_lines": 16, "num_statements": 16, "percent_covered": 100.0, "percent_covered_display": "100.00", "missing_lines": 0, "excluded_lines": 0, "percent_statements_covered": 100.0, "percent_statements_covered_display": "100.00", "num_branches": 4, "num_partial_branches": 0, "covered_branches": 4, "missing_branches": 0, "percent_branches_covered": 100.0, "percent_branches_covered_display": "100.00"}, "missing_lines": [], "excluded_lines": [], "executed_branches": [[32, 33], [32, 37], [34, 32], [34, 35]], "missing_branches": [], "functions": {"get_grub_themes_dir": {"executed_lines": [32, 33, 34, 35, 37], "summary": {"covered_lines": 5, "num_statements": 5, "percent_covered": 100.0, "percent_covered_display": "100.00", "missing_lines": 0, "excluded_lines": 0, "percent_statements_covered": 100.0, "percent_statements_covered_display": "100.00", "num_branches": 4, "num_partial_branches": 0, "covered_branches": 4, "missing_branches": 0, "percent_branches_covered": 100.0, "percent_branches_covered_display": "100.00"}, "missing_lines": [], "excluded_lines": [], "start_line": 26, "executed_branches": [[32, 33], [32, 37], [34, 32], [34, 35]], "missing_branches": []}, "get_all_grub_themes_dirs": {"executed_lines": [46], "summary": {"covered_lines": 1, "num_statements": 1, "percent_covered": 100.0, "percent_covered_display": "100.00", "missing_lines": 0, "excluded_lines": 0, "percent_statements_covered": 100.0, "percent_statements_covered_display": "100.00", "num_branches": 0, "num_partial_branches": 0, "covered_branches": 0, "missing_branches": 0, "percent_branches_covered": 100.0, "percent_branches_covered_display": "100.00"}, "missing_lines": [], "excluded_lines": [], "start_line": 40, "executed_branches": [], "missing_branches": []}, "": {"executed_lines": [6, 8, 9, 11, 14, 15, 18, 19, 26, 40], "summary": {"covered_lines": 10, "num_statements": 10, "percent_covered": 100.0, "percent_covered_display": "100.00", "missing_lines": 0, "excluded_lines": 0, "percent_statements_covered": 100.0, "percent_statements_covered_display": "100.00", "num_branches": 0, "num_partial_branches": 0, "covered_branches": 0, "missing_branches": 0, "percent_branches_covered": 100.0, "percent_branches_covered_display": "100.00"}, "missing_lines": [], "excluded_lines": [], "start_line": 1, "executed_branches": [], "missing_branches": []}}, "classes": {"": {"executed_lines": [6, 8, 9, 11, 14, 15, 18, 19, 26, 32, 33, 34, 35, 37, 40, 46], "summary": {"covered_lines": 16, "num_statements": 16, "percent_covered": 100.0, "percent_covered_display": "100.00", "missing_lines": 0, "excluded_lines": 0, "percent_statements_covered": 100.0, "percent_statements_covered_display": "100.00", "num_branches": 4, "num_partial_branches": 0, "covered_branches": 4, "missing_branches": 0, "percent_branches_covered": 100.0, "percent_branches_covered_display": "100.00"}, "missing_lines": [], "excluded_lines": [], "start_line": 1, "executed_branches": [[32, 33], [32, 37], [34, 32], [34, 35]], "missing_branches": []}}}, "core/config/core_runtime.py": {"executed_lines": [7, 9, 11, 14, 16, 17, 29, 35, 36, 37, 38, 39, 41, 42], "summary": {"covered_lines": 14, "num_statements": 14, "percent_covered": 100.0, "percent_covered_display": "100.00", "missing_lines": 0, "excluded_lines": 0, "percent_statements_covered": 100.0, "percent_statements_covered_display": "100.00", "num_branches": 4, "num_partial_branches": 0, "covered_branches": 4, "missing_branches": 0, "percent_branches_covered": 100.0, "percent_branches_covered_display": "100.00"}, "missing_lines": [], "excluded_lines": [], "executed_branches": [[37, 38], [37, 42], [38, 39], [38, 41]], "missing_branches": [], "functions": {"configure_logging": {"executed_lines": [16, 17], "summary": {"covered_lines": 2, "num_statements": 2, "percent_covered": 100.0, "percent_covered_display": "100.00", "missing_lines": 0, "excluded_lines": 0, "percent_statements_covered": 100.0, "percent_statements_covered_display": "100.00", "num_branches": 0, "num_partial_branches": 0, "covered_branches": 0, "missing_branches": 0, "percent_branches_covered": 100.0, "percent_branches_covered_display": "100.00"}, "missing_lines": [], "excluded_lines": [], "start_line": 14, "executed_branches": [], "missing_branches": []}, "parse_debug_flag": {"executed_lines": [35, 36, 37, 38, 39, 41, 42], "summary": {"covered_lines": 7, "num_statements": 7, "percent_covered": 100.0, "percent_covered_display": "100.00", "missing_lines": 0, "excluded_lines": 0, "percent_statements_covered": 100.0, "percent_statements_covered_display": "100.00", "num_branches": 4, "num_partial_branches": 0, "covered_branches": 4, "missing_branches": 0, "percent_branches_covered": 100.0, "percent_branches_covered_display": "100.00"}, "missing_lines": [], "excluded_lines": [], "start_line": 29, "executed_branches": [[37, 38], [37, 42], [38, 39], [38, 41]], "missing_branches": []}, "": {"executed_lines": [7, 9, 11, 14, 29], "summary": {"covered_lines": 5, "num_statements": 5, "percent_covered": 100.0, "percent_covered_display": "100.00", "missing_lines": 0, "excluded_lines": 0, "percent_statements_covered": 100.0, "percent_statements_covered_display": "100.00", "num_branches": 0, "num_partial_branches": 0, "covered_branches": 0, "missing_branches": 0, "percent_branches_covered": 100.0, "percent_branches_covered_display": "100.00"}, "missing_lines": [], "excluded_lines": [], "start_line": 1, "executed_branches": [], "missing_branches": []}}, "classes": {"": {"executed_lines": [7, 9, 11, 14, 16, 17, 29, 35, 36, 37, 38, 39, 41, 42], "summary": {"covered_lines": 14, "num_statements": 14, "percent_covered": 100.0, "percent_covered_display": "100.00", "missing_lines": 0, "excluded_lines": 0, "percent_statements_covered": 100.0, "percent_statements_covered_display": "100.00", "num_branches": 4, "num_partial_branches": 0, "covered_branches": 4, "missing_branches": 0, "percent_branches_covered": 100.0, "percent_branches_covered_display": "100.00"}, "missing_lines": [], "excluded_lines": [], "start_line": 1, "executed_branches": [[37, 38], [37, 42], [38, 39], [38, 41]], "missing_branches": []}}}, "core/core_exceptions.py": {"executed_lines": [7, 10, 24, 36, 47, 58, 69, 80, 91, 109, 124, 125, 126, 127, 129, 131, 132, 133, 134, 135, 136, 137, 138, 141, 152], "summary": {"covered_lines": 25, "num_statements": 25, "percent_covered": 100.0, "percent_covered_display": "100.00", "missing_lines": 0, "excluded_lines": 0, "percent_statements_covered": 100.0, "percent_statements_covered_display": "100.00", "num_branches": 6, "num_partial_branches": 0, "covered_branches": 6, "missing_branches": 0, "percent_branches_covered": 100.0, "percent_branches_covered_display": "100.00"}, "missing_lines": [], "excluded_lines": [], "executed_branches": [[132, 133], [132, 134], [134, 135], [134, 136], [136, 137], [136, 138]], "missing_branches": [], "functions": {"GrubCommandError.__init__": {"executed_lines": [124, 125, 126, 127], "summary": {"covered_lines": 4, "num_statements": 4, "percent_covered": 100.0, "percent_covered_display": "100.00", "missing_lines": 0, "excluded_lines": 0, "percent_statements_covered": 100.0, "percent_statements_covered_display": "100.00", "num_branches": 0, "num_partial_branches": 0, "covered_branches": 0, "missing_branches": 0, "percent_branches_covered": 100.0, "percent_branches_covered_display": "100.00"}, "missing_lines": [], "excluded_lines": [], "start_line": 109, "executed_branches": [], "missing_branches": []}, "GrubCommandError.__str__": {"executed_lines": [131, 132, 133, 134, 135, 136, 137, 138], "summary": {"covered_lines": 8, "num_statements": 8, "percent_covered": 100.0, "percent_covered_display": "100.00", "missing_lines": 0, "excluded_lines": 0, "percent_statements_covered": 100.0, "percent_statements_covered_display": "100.00", "num_branches": 6, "num_partial_branches": 0, "covered_branches": 6, "missing_branches": 0, "percent_branches_covered": 100.0, "percent_branches_covered_display": "100.00"}, "missing_lines": [], "excluded_lines": [], "start_line": 129, "executed_branches": [[132, 133], [132, 134], [134, 135], [134, 136], [136, 137], [136, 138]], "missing_branches": []}, "": {"executed_lines": [7, 10, 24, 36, 47, 58, 69, 80, 91, 109, 129, 141, 152], "summary": {"covered_lines": 13, "num_statements": 13, "percent_covered": 100.0, "percent_covered_display": "100.00", "missing_lines": 0, "excluded_lines": 0, "percent_statements_covered": 100.0, "percent_statements_covered_display": "100.00", "num_branches": 0, "num_partial_branches": 0, "covered_branches": 0, "missing_branches": 0, "percent_branches_covered": 100.0, "percent_branches_covered_display": "100.00"}, "missing_lines": [], "excluded_lines": [], "start_line": 1, "executed_branches": [], "missing_branches": []}}, "classes": {"GrubManagerError": {"executed_lines": [], "summary": {"covered_lines": 0, "num_statements": 0, "percent_covered": 100.0, "percent_covered_display": "100.00", "missing_lines": 0, "excluded_lines": 0, "percent_statements_covered": 100.0, "percent_statements_covered_display": "100.00", "num_branches": 0, "num_partial_branches": 0, "covered_branches": 0, "missing_branches": 0, "percent_branches_covered": 100.0, "percent_branches_covered_display": "100.00"}, "missing_lines": [], "excluded_lines": [], "start_line": 10, "executed_branches": [], "missing_branches": []}, "GrubConfigError": {"executed_lines": [], "summary": {"covered_lines": 0, "num_statements": 0, "percent_covered": 100.0, "percent_covered_display": "100.00", "missing_lines": 0, "excluded_lines": 0, "percent_statements_covered": 100.0, "percent_statements_covered_display": "100.00", "num_branches": 0, "num_partial_branches": 0, "covered_branches": 0, "missing_branches": 0, "percent_branches_covered": 100.0, "percent_branches_covered_display": "100.00"}, "missing_lines": [], "excluded_lines": [], "start_line": 24, "executed_branches": [], "missing_branches": []}, "GrubScriptNotFoundError": {"executed_lines": [], "summary": {"covered_lines": 0, "num_statements": 0, "percent_covered": 100.0, "percent_covered_display": "100.00", "missing_lines": 0, "excluded_lines": 0, "percent_statements_covered": 100.0, "percent_statements_covered_display": "100.00", "num_branches": 0, "num_partial_branches": 0, "covered_branches": 0, "missing_branches": 0, "percent_branches_covered": 100.0, "percent_branches_covered_display": "100.00"}, "missing_lines": [], "excluded_lines": [], "start_line": 36, "executed_branches": [], "missing_branches": []}, "GrubPermissionError": {"executed_lines": [], "summary": {"covered_lines": 0, "num_statements": 0, "percent_covered": 100.0, "percent_covered_display": "100.00", "missing_lines": 0, "excluded_lines": 0, "percent_statements_covered": 100.0, "percent_statements_covered_display": "100.00", "num_branches": 0, "num_partial_branches": 0, "covered_branches": 0, "missing_branches": 0, "percent_branches_covered": 100.0, "percent_branches_covered_display": "100.00"}, "missing_lines": [], "excluded_lines": [], "start_line": 47, "executed_branches": [], "missing_branches": []}, "GrubParsingError": {"executed_lines": [], "summary": {"covered_lines": 0, "num_statements": 0, "percent_covered": 100.0, "percent_covered_display": "100.00", "missing_lines": 0, "excluded_lines": 0, "percent_statements_covered": 100.0, "percent_statements_covered_display": "100.00", "num_branches": 0, "num_partial_branches": 0, "covered_branches": 0, "missing_branches": 0, "percent_branches_covered": 100.0, "percent_branches_covered_display": "100.00"}, "missing_lines": [], "excluded_lines": [], "start_line": 58, "executed_branches": [], "missing_branches": []}, "GrubBackupError": {"executed_lines": [], "summary": {"covered_lines": 0, "num_statements": 0, "percent_covered": 100.0, "percent_covered_display": "100.00", "missing_lines": 0, "excluded_lines": 0, "percent_statements_covered": 100.0, "percent_statements_covered_display": "100.00", "num_branches": 0, "num_partial_branches": 0, "covered_branches": 0, "missing_branches": 0, "percent_branches_covered": 100.0, "percent_branches_covered_display": "100.00"}, "missing_lines": [], "excluded_lines": [], "start_line": 69, "executed_branches": [], "missing_branches": []}, "GrubThemeError": {"executed_lines": [], "summary": {"covered_lines": 0, "num_statements": 0, "percent_covered": 100.0, "percent_covered_display": "100.00", "missing_lines": 0, "excluded_lines": 0, "percent_statements_covered": 100.0, "percent_statements_covered_display": "100.00", "num_branches": 0, "num_partial_branches": 0, "covered_branches": 0, "missing_branches": 0, "percent_branches_covered": 100.0, "percent_branches_covered_display": "100.00"}, "missing_lines": [], "excluded_lines": [], "start_line": 80, "executed_branches": [], "missing_branches": []}, "GrubCommandError": {"executed_lines": [124, 125, 126, 127, 131, 132, 133, 134, 135, 136, 137, 138], "summary": {"covered_lines": 12, "num_statements": 12, "percent_covered": 100.0, "percent_covered_display": "100.00", "missing_lines": 0, "excluded_lines": 0, "percent_statements_covered": 100.0, "percent_statements_covered_display": "100.00", "num_branches": 6, "num_partial_branches": 0, "covered_branches": 6, "missing_branches": 0, "percent_branches_covered": 100.0, "percent_branches_covered_display": "100.00"}, "missing_lines": [], "excluded_lines": [], "start_line": 91, "executed_branches": [[132, 133], [132, 134], [134, 135], [134, 136], [136, 137], [136, 138]], "missing_branches": []}, "GrubSyncError": {"executed_lines": [], "summary": {"covered_lines": 0, "num_statements": 0, "percent_covered": 100.0, "percent_covered_display": "100.00", "missing_lines": 0, "excluded_lines": 0, "percent_statements_covered": 100.0, "percent_statements_covered_display": "100.00", "num_branches": 0, "num_partial_branches": 0, "covered_branches": 0, "missing_branches": 0, "percent_branches_covered": 100.0, "percent_branches_covered_display": "100.00"}, "missing_lines": [], "excluded_lines": [], "start_line": 141, "executed_branches": [], "missing_branches": []}, "GrubValidationError": {"executed_lines": [], "summary": {"covered_lines": 0, "num_statements": 0, "percent_covered": 100.0, "percent_covered_display": "100.00", "missing_lines": 0, "excluded_lines": 0, "percent_statements_covered": 100.0, "percent_statements_covered_display": "100.00", "num_branches": 0, "num_partial_branches": 0, "covered_branches": 0, "missing_branches": 0, "percent_branches_covered": 100.0, "percent_branches_covered_display": "100.00"}, "missing_lines": [], "excluded_lines": [], "start_line": 152, "executed_branches": [], "missing_branches": []}, "": {"executed_lines": [7, 10, 24, 36, 47, 58, 69, 80, 91, 109, 129, 141, 152], "summary": {"covered_lines": 13, "num_statements": 13, "percent_covered": 100.0, "percent_covered_display": "100.00", "missing_lines": 0, "excluded_lines": 0, "percent_statements_covered": 100.0, "percent_statements_covered_display": "100.00", "num_branches": 0, "num_partial_branches": 0, "covered_branches": 0, "missing_branches": 0, "percent_branches_covered": 100.0, "percent_branches_covered_display": "100.00"}, "missing_lines": [], "excluded_lines": [], "start_line": 1, "executed_branches": [], "missing_branches": []}}}, "core/io/core_grub_default_io.py": {"executed_lines": [6, 8, 9, 10, 11, 12, 13, 14, 16, 18, 21, 23, 24, 25, 26, 29, 31, 32, 33, 34, 35, 36, 37, 38, 39, 40, 42, 43, 46, 63, 64, 65, 69, 71, 72, 73, 77, 78, 79, 82, 83, 84, 85, 86, 87, 88, 90, 92, 94, 95, 96, 97, 98, 99, 100, 102, 103, 105, 107, 108, 109, 110, 114, 148, 149, 151, 152, 153, 156, 162, 165, 166, 167, 170, 171, 174, 191, 192, 193, 194, 196, 197, 198, 199, 200, 202, 203, 204, 210, 211, 212, 213, 214, 215, 216, 218, 219, 220, 221, 222, 223, 224, 225, 226, 228, 232, 234, 236, 238, 239, 240, 241, 242, 243, 244, 246, 247, 249, 250, 251, 255, 282, 283, 290, 291, 292, 293, 296, 302, 303, 304, 305, 306, 307, 310, 327, 329, 330, 332, 333, 334, 335, 337, 338, 340, 341, 342, 343, 345, 347, 348, 349, 350, 351, 352, 354, 356, 357, 358, 359, 360, 361, 364, 365, 367, 369, 370, 371, 374, 383, 386, 389, 392, 393, 395, 396, 397, 400, 403, 405, 406, 407, 408, 409, 410, 411, 412, 413, 414, 415, 416, 417, 418, 419, 420, 421, 424, 434, 439, 440, 441, 442, 443, 445, 446, 449, 451, 452, 453, 454, 455, 456, 457, 459, 462, 463, 464, 465, 467, 470, 472, 473, 474, 475, 476, 479, 481, 482, 483, 484, 485, 486, 487, 488, 489, 490, 491, 492, 493, 494, 495, 496, 497, 498], "summary": {"covered_lines": 244, "num_statements": 298, "percent_covered": 79.31937172774869, "percent_covered_display": "79.32", "missing_lines": 54, "excluded_lines": 0, "percent_statements_covered": 81.87919463087249, "percent_statements_covered_display": "81.88", "num_branches": 84, "num_partial_branches": 5, "covered_branches": 59, "missing_branches": 25, "percent_branches_covered": 70.23809523809524, "percent_branches_covered_display": "70.24"}, "missing_lines": [74, 75, 111, 112, 116, 117, 118, 119, 120, 121, 122, 123, 124, 129, 130, 131, 132, 133, 134, 135, 136, 141, 142, 143, 144, 205, 206, 252, 253, 257, 258, 259, 260, 261, 262, 263, 264, 265, 268, 269, 270, 271, 272, 273, 274, 275, 276, 277, 278, 279, 280, 285, 286, 287], "excluded_lines": [], "executed_branches": [[36, 37], [36, 43], [77, 78], [77, 82], [82, 83], [82, 90], [94, 95], [94, 97], [107, 108], [114, 148], [166, 167], [166, 170], [212, 213], [212, 215], [215, 216], [215, 218], [219, 220], [219, 228], [222, 223], [222, 225], [238, 239], [238, 241], [255, 282], [291, 292], [291, 293], [303, 304], [303, 305], [305, 306], [305, 307], [329, 330], [329, 332], [337, 338], [337, 364], [338, 340], [338, 345], [345, 347], [345, 354], [354, 356], [364, 365], [396, 397], [396, 400], [407, 408], [407, 420], [409, 410], [409, 411], [411, 412], [411, 413], [416, 417], [416, 418], [418, 407], [418, 419], [439, 440], [439, 446], [441, 442], [441, 445], [452, 453], [452, 472], [455, 456], [455, 459]], "missing_branches": [[107, 114], [114, 116], [117, 118], [117, 129], [118, 119], [118, 129], [119, 118], [119, 120], [129, 130], [129, 148], [134, 129], [134, 135], [255, 257], [258, 259], [258, 268], [259, 260], [259, 268], [260, 259], [260, 261], [268, 269], [268, 282], [273, 268], [273, 274], [354, 337], [364, 367]], "functions": {"_touch_now": {"executed_lines": [23, 24, 25, 26], "summary": {"covered_lines": 4, "num_statements": 4, "percent_covered": 100.0, "percent_covered_display": "100.00", "missing_lines": 0, "excluded_lines": 0, "percent_statements_covered": 100.0, "percent_statements_covered_display": "100.00", "num_branches": 0, "num_partial_branches": 0, "covered_branches": 0, "missing_branches": 0, "percent_branches_covered": 100.0, "percent_branches_covered_display": "100.00"}, "missing_lines": [], "excluded_lines": [], "start_line": 21, "executed_branches": [], "missing_branches": []}, "_prune_manual_backups": {"executed_lines": [31, 32, 33, 34, 35, 36, 37, 38, 39, 40, 42, 43], "summary": {"covered_lines": 12, "num_statements": 12, "percent_covered": 100.0, "percent_covered_display": "100.00", "missing_lines": 0, "excluded_lines": 0, "percent_statements_covered": 100.0, "percent_statements_covered_display": "100.00", "num_branches": 2, "num_partial_branches": 0, "covered_branches": 2, "missing_branches": 0, "percent_branches_covered": 100.0, "percent_branches_covered_display": "100.00"}, "missing_lines": [], "excluded_lines": [], "start_line": 29, "executed_branches": [[36, 37], [36, 43]], "missing_branches": []}, "ensure_initial_grub_default_backup": {"executed_lines": [63, 64, 65, 69, 71, 77, 78, 79, 82, 83, 84, 85, 86, 87, 88, 90, 102, 103, 105, 107, 108, 109, 110, 114, 148, 149, 151, 152, 153], "summary": {"covered_lines": 29, "num_statements": 52, "percent_covered": 50.0, "percent_covered_display": "50.00", "missing_lines": 23, "excluded_lines": 0, "percent_statements_covered": 55.76923076923077, "percent_statements_covered_display": "55.77", "num_branches": 18, "num_partial_branches": 2, "covered_branches": 6, "missing_branches": 12, "percent_branches_covered": 33.333333333333336, "percent_branches_covered_display": "33.33"}, "missing_lines": [111, 112, 116, 117, 118, 119, 120, 121, 122, 123, 124, 129, 130, 131, 132, 133, 134, 135, 136, 141, 142, 143, 144], "excluded_lines": [], "start_line": 46, "executed_branches": [[77, 78], [77, 82], [82, 83], [82, 90], [107, 108], [114, 148]], "missing_branches": [[107, 114], [114, 116], [117, 118], [117, 129], [118, 119], [118, 129], [119, 118], [119, 120], [129, 130], [129, 148], [134, 129], [134, 135]]}, "ensure_initial_grub_default_backup._safe_is_file": {"executed_lines": [72, 73], "summary": {"covered_lines": 2, "num_statements": 4, "percent_covered": 50.0, "percent_covered_display": "50.00", "missing_lines": 2, "excluded_lines": 0, "percent_statements_covered": 50.0, "percent_statements_covered_display": "50.00", "num_branches": 0, "num_partial_branches": 0, "covered_branches": 0, "missing_branches": 0, "percent_branches_covered": 100.0, "percent_branches_covered_display": "100.00"}, "missing_lines": [74, 75], "excluded_lines": [], "start_line": 71, "executed_branches": [], "missing_branches": []}, "ensure_initial_grub_default_backup._tar_filter": {"executed_lines": [92, 94, 95, 96, 97, 98, 99, 100], "summary": {"covered_lines": 8, "num_statements": 8, "percent_covered": 100.0, "percent_covered_display": "100.00", "missing_lines": 0, "excluded_lines": 0, "percent_statements_covered": 100.0, "percent_statements_covered_display": "100.00", "num_branches": 2, "num_partial_branches": 0, "covered_branches": 2, "missing_branches": 0, "percent_branches_covered": 100.0, "percent_branches_covered_display": "100.00"}, "missing_lines": [], "excluded_lines": [], "start_line": 90, "executed_branches": [[94, 95], [94, 97]], "missing_branches": []}, "list_grub_default_backups": {"executed_lines": [162, 165, 166, 167, 170, 171], "summary": {"covered_lines": 6, "num_statements": 6, "percent_covered": 100.0, "percent_covered_display": "100.00", "missing_lines": 0, "excluded_lines": 0, "percent_statements_covered": 100.0, "percent_statements_covered_display": "100.00", "num_branches": 2, "num_partial_branches": 0, "covered_branches": 2, "missing_branches": 0, "percent_branches_covered": 100.0, "percent_branches_covered_display": "100.00"}, "missing_lines": [], "excluded_lines": [], "start_line": 156, "executed_branches": [[166, 167], [166, 170]], "missing_branches": []}, "create_grub_default_backup": {"executed_lines": [191, 192, 193, 194, 196, 202, 210, 211, 212, 213, 214, 215, 216, 218, 219, 220, 221, 222, 223, 224, 225, 226, 228, 232, 234, 246, 247, 249, 250, 251, 255, 282, 283, 290, 291, 292, 293], "summary": {"covered_lines": 37, "num_statements": 64, "percent_covered": 55.81395348837209, "percent_covered_display": "55.81", "missing_lines": 27, "excluded_lines": 0, "percent_statements_covered": 57.8125, "percent_statements_covered_display": "57.81", "num_branches": 22, "num_partial_branches": 1, "covered_branches": 11, "missing_branches": 11, "percent_branches_covered": 50.0, "percent_branches_covered_display": "50.00"}, "missing_lines": [252, 253, 257, 258, 259, 260, 261, 262, 263, 264, 265, 268, 269, 270, 271, 272, 273, 274, 275, 276, 277, 278, 279, 280, 285, 286, 287], "excluded_lines": [], "start_line": 174, "executed_branches": [[212, 213], [212, 215], [215, 216], [215, 218], [219, 220], [219, 228], [222, 223], [222, 225], [255, 282], [291, 292], [291, 293]], "missing_branches": [[255, 257], [258, 259], [258, 268], [259, 260], [259, 268], [260, 259], [260, 261], [268, 269], [268, 282], [273, 268], [273, 274]]}, "create_grub_default_backup._safe_exists": {"executed_lines": [197, 198, 199, 200], "summary": {"covered_lines": 4, "num_statements": 4, "percent_covered": 100.0, "percent_covered_display": "100.00", "missing_lines": 0, "excluded_lines": 0, "percent_statements_covered": 100.0, "percent_statements_covered_display": "100.00", "num_branches": 0, "num_partial_branches": 0, "covered_branches": 0, "missing_branches": 0, "percent_branches_covered": 100.0, "percent_branches_covered_display": "100.00"}, "missing_lines": [], "excluded_lines": [], "start_line": 196, "executed_branches": [], "missing_branches": []}, "create_grub_default_backup._safe_is_file": {"executed_lines": [203, 204], "summary": {"covered_lines": 2, "num_statements": 4, "percent_covered": 50.0, "percent_covered_display": "50.00", "missing_lines": 2, "excluded_lines": 0, "percent_statements_covered": 50.0, "percent_statements_covered_display": "50.00", "num_branches": 0, "num_partial_branches": 0, "covered_branches": 0, "missing_branches": 0, "percent_branches_covered": 100.0, "percent_branches_covered_display": "100.00"}, "missing_lines": [205, 206], "excluded_lines": [], "start_line": 202, "executed_branches": [], "missing_branches": []}, "create_grub_default_backup._tar_filter_manual": {"executed_lines": [236, 238, 239, 240, 241, 242, 243, 244], "summary": {"covered_lines": 8, "num_statements": 8, "percent_covered": 100.0, "percent_covered_display": "100.00", "missing_lines": 0, "excluded_lines": 0, "percent_statements_covered": 100.0, "percent_statements_covered_display": "100.00", "num_branches": 2, "num_partial_branches": 0, "covered_branches": 2, "missing_branches": 0, "percent_branches_covered": 100.0, "percent_branches_covered_display": "100.00"}, "missing_lines": [], "excluded_lines": [], "start_line": 234, "executed_branches": [[238, 239], [238, 241]], "missing_branches": []}, "delete_grub_default_backup": {"executed_lines": [302, 303, 304, 305, 306, 307], "summary": {"covered_lines": 6, "num_statements": 6, "percent_covered": 100.0, "percent_covered_display": "100.00", "missing_lines": 0, "excluded_lines": 0, "percent_statements_covered": 100.0, "percent_statements_covered_display": "100.00", "num_branches": 4, "num_partial_branches": 0, "covered_branches": 4, "missing_branches": 0, "percent_branches_covered": 100.0, "percent_branches_covered_display": "100.00"}, "missing_lines": [], "excluded_lines": [], "start_line": 296, "executed_branches": [[303, 304], [303, 305], [305, 306], [305, 307]], "missing_branches": []}, "restore_grub_default_backup": {"executed_lines": [327, 329, 330, 332, 333, 334, 335, 337, 338, 340, 341, 342, 343, 345, 347, 348, 349, 350, 351, 352, 354, 356, 357, 358, 359, 360, 361, 364, 365, 367, 369, 370, 371], "summary": {"covered_lines": 33, "num_statements": 33, "percent_covered": 95.55555555555556, "percent_covered_display": "95.56", "missing_lines": 0, "excluded_lines": 0, "percent_statements_covered": 100.0, "percent_statements_covered_display": "100.00", "num_branches": 12, "num_partial_branches": 2, "covered_branches": 10, "missing_branches": 2, "percent_branches_covered": 83.33333333333333, "percent_branches_covered_display": "83.33"}, "missing_lines": [], "excluded_lines": [], "start_line": 310, "executed_branches": [[329, 330], [329, 332], [337, 338], [337, 364], [338, 340], [338, 345], [345, 347], [345, 354], [354, 356], [364, 365]], "missing_branches": [[354, 337], [364, 367]]}, "_best_fallback_for_missing_config": {"executed_lines": [383, 386, 389, 392, 393, 395, 396, 397, 400], "summary": {"covered_lines": 9, "num_statements": 9, "percent_covered": 100.0, "percent_covered_display": "100.00", "missing_lines": 0, "excluded_lines": 0, "percent_statements_covered": 100.0, "percent_statements_covered_display": "100.00", "num_branches": 2, "num_partial_branches": 0, "covered_branches": 2, "missing_branches": 0, "percent_branches_covered": 100.0, "percent_branches_covered_display": "100.00"}, "missing_lines": [], "excluded_lines": [], "start_line": 374, "executed_branches": [[396, 397], [396, 400]], "missing_branches": []}, "parse_grub_default": {"executed_lines": [405, 406, 407, 408, 409, 410, 411, 412, 413, 414, 415, 416, 417, 418, 419, 420, 421], "summary": {"covered_lines": 17, "num_statements": 17, "percent_covered": 100.0, "percent_covered_display": "100.00", "missing_lines": 0, "excluded_lines": 0, "percent_statements_covered": 100.0, "percent_statements_covered_display": "100.00", "num_branches": 10, "num_partial_branches": 0, "covered_branches": 10, "missing_branches": 0, "percent_branches_covered": 100.0, "percent_branches_covered_display": "100.00"}, "missing_lines": [], "excluded_lines": [], "start_line": 403, "executed_branches": [[407, 408], [407, 420], [409, 410], [409, 411], [411, 412], [411, 413], [416, 417], [416, 418], [418, 407], [418, 419]], "missing_branches": []}, "format_grub_default": {"executed_lines": [434, 439, 440, 441, 442, 443, 445, 446], "summary": {"covered_lines": 8, "num_statements": 8, "percent_covered": 100.0, "percent_covered_display": "100.00", "missing_lines": 0, "excluded_lines": 0, "percent_statements_covered": 100.0, "percent_statements_covered_display": "100.00", "num_branches": 4, "num_partial_branches": 0, "covered_branches": 4, "missing_branches": 0, "percent_branches_covered": 100.0, "percent_branches_covered_display": "100.00"}, "missing_lines": [], "excluded_lines": [], "start_line": 424, "executed_branches": [[439, 440], [439, 446], [441, 442], [441, 445]], "missing_branches": []}, "read_grub_default": {"executed_lines": [451, 452, 453, 454, 455, 456, 457, 459, 462, 463, 464, 465, 467, 470, 472, 473, 474, 475, 476], "summary": {"covered_lines": 19, "num_statements": 19, "percent_covered": 100.0, "percent_covered_display": "100.00", "missing_lines": 0, "excluded_lines": 0, "percent_statements_covered": 100.0, "percent_statements_covered_display": "100.00", "num_branches": 4, "num_partial_branches": 0, "covered_branches": 4, "missing_branches": 0, "percent_branches_covered": 100.0, "percent_branches_covered_display": "100.00"}, "missing_lines": [], "excluded_lines": [], "start_line": 449, "executed_branches": [[452, 453], [452, 472], [455, 456], [455, 459]], "missing_branches": []}, "write_grub_default": {"executed_lines": [481, 482, 483, 484, 485, 486, 487, 488, 489, 490, 491, 492, 493, 494, 495, 496, 497, 498], "summary": {"covered_lines": 18, "num_statements": 18, "percent_covered": 100.0, "percent_covered_display": "100.00", "missing_lines": 0, "excluded_lines": 0, "percent_statements_covered": 100.0, "percent_statements_covered_display": "100.00", "num_branches": 0, "num_partial_branches": 0, "covered_branches": 0, "missing_branches": 0, "percent_branches_covered": 100.0, "percent_branches_covered_display": "100.00"}, "missing_lines": [], "excluded_lines": [], "start_line": 479, "executed_branches": [], "missing_branches": []}, "": {"executed_lines": [6, 8, 9, 10, 11, 12, 13, 14, 16, 18, 21, 29, 46, 156, 174, 296, 310, 374, 403, 424, 449, 479], "summary": {"covered_lines": 22, "num_statements": 22, "percent_covered": 100.0, "percent_covered_display": "100.00", "missing_lines": 0, "excluded_lines": 0, "percent_statements_covered": 100.0, "percent_statements_covered_display": "100.00", "num_branches": 0, "num_partial_branches": 0, "covered_branches": 0, "missing_branches": 0, "percent_branches_covered": 100.0, "percent_branches_covered_display": "100.00"}, "missing_lines": [], "excluded_lines": [], "start_line": 1, "executed_branches": [], "missing_branches": []}}, "classes": {"": {"executed_lines": [6, 8, 9, 10, 11, 12, 13, 14, 16, 18, 21, 23, 24, 25, 26, 29, 31, 32, 33, 34, 35, 36, 37, 38, 39, 40, 42, 43, 46, 63, 64, 65, 69, 71, 72, 73, 77, 78, 79, 82, 83, 84, 85, 86, 87, 88, 90, 92, 94, 95, 96, 97, 98, 99, 100, 102, 103, 105, 107, 108, 109, 110, 114, 148, 149, 151, 152, 153, 156, 162, 165, 166, 167, 170, 171, 174, 191, 192, 193, 194, 196, 197, 198, 199, 200, 202, 203, 204, 210, 211, 212, 213, 214, 215, 216, 218, 219, 220, 221, 222, 223, 224, 225, 226, 228, 232, 234, 236, 238, 239, 240, 241, 242, 243, 244, 246, 247, 249, 250, 251, 255, 282, 283, 290, 291, 292, 293, 296, 302, 303, 304, 305, 306, 307, 310, 327, 329, 330, 332, 333, 334, 335, 337, 338, 340, 341, 342, 343, 345, 347, 348, 349, 350, 351, 352, 354, 356, 357, 358, 359, 360, 361, 364, 365, 367, 369, 370, 371, 374, 383, 386, 389, 392, 393, 395, 396, 397, 400, 403, 405, 406, 407, 408, 409, 410, 411, 412, 413, 414, 415, 416, 417, 418, 419, 420, 421, 424, 434, 439, 440, 441, 442, 443, 445, 446, 449, 451, 452, 453, 454, 455, 456, 457, 459, 462, 463, 464, 465, 467, 470, 472, 473, 474, 475, 476, 479, 481, 482, 483, 484, 485, 486, 487, 488, 489, 490, 491, 492, 493, 494, 495, 496, 497, 498], "summary": {"covered_lines": 244, "num_statements": 298, "percent_covered": 79.31937172774869, "percent_covered_display": "79.32", "missing_lines": 54, "excluded_lines": 0, "percent_statements_covered": 81.87919463087249, "percent_statements_covered_display": "81.88", "num_branches": 84, "num_partial_branches": 5, "covered_branches": 59, "missing_branches": 25, "percent_branches_covered": 70.23809523809524, "percent_branches_covered_display": "70.24"}, "missing_lines": [74, 75, 111, 112, 116, 117, 118, 119, 120, 121, 122, 123, 124, 129, 130, 131, 132, 133, 134, 135, 136, 141, 142, 143, 144, 205, 206, 252, 253, 257, 258, 259, 260, 261, 262, 263, 264, 265, 268, 269, 270, 271, 272, 273, 274, 275, 276, 277, 278, 279, 280, 285, 286, 287], "excluded_lines": [], "start_line": 1, "executed_branches": [[36, 37], [36, 43], [77, 78], [77, 82], [82, 83], [82, 90], [94, 95], [94, 97], [107, 108], [114, 148], [166, 167], [166, 170], [212, 213], [212, 215], [215, 216], [215, 218], [219, 220], [219, 228], [222, 223], [222, 225], [238, 239], [238, 241], [255, 282], [291, 292], [291, 293], [303, 304], [303, 305], [305, 306], [305, 307], [329, 330], [329, 332], [337, 338], [337, 364], [338, 340], [338, 345], [345, 347], [345, 354], [354, 356], [364, 365], [396, 397], [396, 400], [407, 408], [407, 420], [409, 410], [409, 411], [411, 412], [411, 413], [416, 417], [416, 418], [418, 407], [418, 419], [439, 440], [439, 446], [441, 442], [441, 445], [452, 453], [452, 472], [455, 456], [455, 459]], "missing_branches": [[107, 114], [114, 116], [117, 118], [117, 129], [118, 119], [118, 129], [119, 118], [119, 120], [129, 130], [129, 148], [134, 129], [134, 135], [255, 257], [258, 259], [258, 268], [259, 260], [259, 268], [260, 259], [260, 261], [268, 269], [268, 282], [273, 268], [273, 274], [354, 337], [364, 367]]}}}, "core/io/core_grub_menu_parser.py": {"executed_lines": [7, 9, 10, 11, 12, 13, 14, 16, 18, 21, 22, 30, 31, 32, 33, 36, 37, 40, 41, 42, 43, 46, 47, 48, 49, 50, 53, 54, 55, 56, 57, 58, 59, 60, 63, 70, 73, 75, 77, 78, 79, 80, 81, 82, 85, 87, 88, 89, 90, 91, 93, 94, 95, 96, 97, 98, 99, 100, 101, 103, 104, 105, 108, 110, 111, 113, 114, 115, 117, 118, 119, 120, 121, 123, 124, 125, 126, 127, 129, 130, 131, 132, 134, 143, 144, 145, 147, 148, 149, 150, 151, 152, 154, 155, 157, 158, 160, 162, 164, 165, 166, 168, 169, 171, 172, 175, 181, 182, 185, 187, 188, 189, 190, 191, 192, 193, 194, 195, 196, 197, 198, 201, 202, 203, 204, 205, 206, 207, 208, 211, 213, 214, 215, 216, 218, 219, 220, 221, 223, 225, 226, 227, 228, 229, 230, 232, 233, 234, 235, 238, 241, 242, 243, 244, 245, 246, 247, 248], "summary": {"covered_lines": 158, "num_statements": 158, "percent_covered": 100.0, "percent_covered_display": "100.00", "missing_lines": 0, "excluded_lines": 0, "percent_statements_covered": 100.0, "percent_statements_covered_display": "100.00", "num_branches": 52, "num_partial_branches": 0, "covered_branches": 52, "missing_branches": 0, "percent_branches_covered": 100.0, "percent_branches_covered_display": "100.00"}, "missing_lines": [], "excluded_lines": [], "executed_branches": [[55, 56], [55, 57], [58, 59], [58, 60], [75, 77], [75, 82], [78, 79], [78, 81], [79, 78], [79, 80], [89, 90], [89, 93], [94, 95], [94, 103], [103, 104], [103, 105], [117, 118], [117, 171], [119, 120], [119, 123], [124, 125], [124, 147], [143, 144], [143, 145], [148, 149], [148, 164], [157, 158], [157, 160], [168, 117], [168, 169], [190, 191], [190, 201], [192, 193], [192, 197], [193, 194], [193, 195], [197, 190], [197, 198], [201, 202], [201, 207], [203, 204], [203, 205], [214, 215], [214, 218], [219, 220], [219, 223], [228, 229], [228, 232], [233, 234], [233, 244], [235, 233], [235, 238]], "missing_branches": [], "functions": {"_extract_menuentry_id": {"executed_lines": [54, 55, 56, 57, 58, 59, 60], "summary": {"covered_lines": 7, "num_statements": 7, "percent_covered": 100.0, "percent_covered_display": "100.00", "missing_lines": 0, "excluded_lines": 0, "percent_statements_covered": 100.0, "percent_statements_covered_display": "100.00", "num_branches": 4, "num_partial_branches": 0, "covered_branches": 4, "missing_branches": 0, "percent_branches_covered": 100.0, "percent_branches_covered_display": "100.00"}, "missing_lines": [], "excluded_lines": [], "start_line": 53, "executed_branches": [[55, 56], [55, 57], [58, 59], [58, 60]], "missing_branches": []}, "_discover_efi_grub_cfg_paths": {"executed_lines": [70], "summary": {"covered_lines": 1, "num_statements": 1, "percent_covered": 100.0, "percent_covered_display": "100.00", "missing_lines": 0, "excluded_lines": 0, "percent_statements_covered": 100.0, "percent_statements_covered_display": "100.00", "num_branches": 0, "num_partial_branches": 0, "covered_branches": 0, "missing_branches": 0, "percent_branches_covered": 100.0, "percent_branches_covered_display": "100.00"}, "missing_lines": [], "excluded_lines": [], "start_line": 63, "executed_branches": [], "missing_branches": []}, "_candidate_grub_cfg_paths": {"executed_lines": [75, 77, 78, 79, 80, 81, 82], "summary": {"covered_lines": 7, "num_statements": 7, "percent_covered": 100.0, "percent_covered_display": "100.00", "missing_lines": 0, "excluded_lines": 0, "percent_statements_covered": 100.0, "percent_statements_covered_display": "100.00", "num_branches": 6, "num_partial_branches": 0, "covered_branches": 6, "missing_branches": 0, "percent_branches_covered": 100.0, "percent_branches_covered_display": "100.00"}, "missing_lines": [], "excluded_lines": [], "start_line": 73, "executed_branches": [[75, 77], [75, 82], [78, 79], [78, 81], [79, 78], [79, 80]], "missing_branches": []}, "_iter_readable_grub_cfg_lines": {"executed_lines": [87, 88, 89, 90, 91, 93, 94, 95, 96, 97, 98, 99, 100, 101, 103, 104, 105], "summary": {"covered_lines": 17, "num_statements": 17, "percent_covered": 100.0, "percent_covered_display": "100.00", "missing_lines": 0, "excluded_lines": 0, "percent_statements_covered": 100.0, "percent_statements_covered_display": "100.00", "num_branches": 6, "num_partial_branches": 0, "covered_branches": 6, "missing_branches": 0, "percent_branches_covered": 100.0, "percent_branches_covered_display": "100.00"}, "missing_lines": [], "excluded_lines": [], "start_line": 85, "executed_branches": [[89, 90], [89, 93], [94, 95], [94, 103], [103, 104], [103, 105]], "missing_branches": []}, "_parse_choices": {"executed_lines": [110, 111, 113, 114, 115, 117, 118, 119, 120, 121, 123, 124, 125, 126, 127, 129, 130, 131, 132, 134, 143, 144, 145, 147, 148, 149, 150, 151, 152, 154, 155, 157, 158, 160, 162, 164, 165, 166, 168, 169, 171, 172], "summary": {"covered_lines": 42, "num_statements": 42, "percent_covered": 100.0, "percent_covered_display": "100.00", "missing_lines": 0, "excluded_lines": 0, "percent_statements_covered": 100.0, "percent_statements_covered_display": "100.00", "num_branches": 14, "num_partial_branches": 0, "covered_branches": 14, "missing_branches": 0, "percent_branches_covered": 100.0, "percent_branches_covered_display": "100.00"}, "missing_lines": [], "excluded_lines": [], "start_line": 108, "executed_branches": [[117, 118], [117, 171], [119, 120], [119, 123], [124, 125], [124, 147], [143, 144], [143, 145], [148, 149], [148, 164], [157, 158], [157, 160], [168, 117], [168, 169]], "missing_branches": []}, "read_grub_default_choices": {"executed_lines": [181, 182], "summary": {"covered_lines": 2, "num_statements": 2, "percent_covered": 100.0, "percent_covered_display": "100.00", "missing_lines": 0, "excluded_lines": 0, "percent_statements_covered": 100.0, "percent_statements_covered_display": "100.00", "num_branches": 0, "num_partial_branches": 0, "covered_branches": 0, "missing_branches": 0, "percent_branches_covered": 100.0, "percent_branches_covered_display": "100.00"}, "missing_lines": [], "excluded_lines": [], "start_line": 175, "executed_branches": [], "missing_branches": []}, "read_grub_default_choices_with_source": {"executed_lines": [187, 188, 189, 190, 191, 192, 193, 194, 195, 196, 197, 198, 201, 202, 203, 204, 205, 206, 207, 208], "summary": {"covered_lines": 20, "num_statements": 20, "percent_covered": 100.0, "percent_covered_display": "100.00", "missing_lines": 0, "excluded_lines": 0, "percent_statements_covered": 100.0, "percent_statements_covered_display": "100.00", "num_branches": 12, "num_partial_branches": 0, "covered_branches": 12, "missing_branches": 0, "percent_branches_covered": 100.0, "percent_branches_covered_display": "100.00"}, "missing_lines": [], "excluded_lines": [], "start_line": 185, "executed_branches": [[190, 191], [190, 201], [192, 193], [192, 197], [193, 194], [193, 195], [197, 190], [197, 198], [201, 202], [201, 207], [203, 204], [203, 205]], "missing_branches": []}, "get_simulated_os_prober_entries": {"executed_lines": [213, 214, 215, 216, 218, 219, 220, 221, 223, 225, 226, 227, 228, 229, 230, 232, 233, 234, 235, 238, 241, 242, 243, 244, 245, 246, 247, 248], "summary": {"covered_lines": 28, "num_statements": 28, "percent_covered": 100.0, "percent_covered_display": "100.00", "missing_lines": 0, "excluded_lines": 0, "percent_statements_covered": 100.0, "percent_statements_covered_display": "100.00", "num_branches": 10, "num_partial_branches": 0, "covered_branches": 10, "missing_branches": 0, "percent_branches_covered": 100.0, "percent_branches_covered_display": "100.00"}, "missing_lines": [], "excluded_lines": [], "start_line": 211, "executed_branches": [[214, 215], [214, 218], [219, 220], [219, 223], [228, 229], [228, 232], [233, 234], [233, 244], [235, 233], [235, 238]], "missing_branches": []}, "": {"executed_lines": [7, 9, 10, 11, 12, 13, 14, 16, 18, 21, 22, 30, 31, 32, 33, 36, 37, 40, 41, 42, 43, 46, 47, 48, 49, 50, 53, 63, 73, 85, 108, 175, 185, 211], "summary": {"covered_lines": 34, "num_statements": 34, "percent_covered": 100.0, "percent_covered_display": "100.00", "missing_lines": 0, "excluded_lines": 0, "percent_statements_covered": 100.0, "percent_statements_covered_display": "100.00", "num_branches": 0, "num_partial_branches": 0, "covered_branches": 0, "missing_branches": 0, "percent_branches_covered": 100.0, "percent_branches_covered_display": "100.00"}, "missing_lines": [], "excluded_lines": [], "start_line": 1, "executed_branches": [], "missing_branches": []}}, "classes": {"GrubDefaultChoice": {"executed_lines": [], "summary": {"covered_lines": 0, "num_statements": 0, "percent_covered": 100.0, "percent_covered_display": "100.00", "missing_lines": 0, "excluded_lines": 0, "percent_statements_covered": 100.0, "percent_statements_covered_display": "100.00", "num_branches": 0, "num_partial_branches": 0, "covered_branches": 0, "missing_branches": 0, "percent_branches_covered": 100.0, "percent_branches_covered_display": "100.00"}, "missing_lines": [], "excluded_lines": [], "start_line": 22, "executed_branches": [], "missing_branches": []}, "_Scope": {"executed_lines": [], "summary": {"covered_lines": 0, "num_statements": 0, "percent_covered": 100.0, "percent_covered_display": "100.00", "missing_lines": 0, "excluded_lines": 0, "percent_statements_covered": 100.0, "percent_statements_covered_display": "100.00", "num_branches": 0, "num_partial_branches": 0, "covered_branches": 0, "missing_branches": 0, "percent_branches_covered": 100.0, "percent_branches_covered_display": "100.00"}, "missing_lines": [], "excluded_lines": [], "start_line": 37, "executed_branches": [], "missing_branches": []}, "": {"executed_lines": [7, 9, 10, 11, 12, 13, 14, 16, 18, 21, 22, 30, 31, 32, 33, 36, 37, 40, 41, 42, 43, 46, 47, 48, 49, 50, 53, 54, 55, 56, 57, 58, 59, 60, 63, 70, 73, 75, 77, 78, 79, 80, 81, 82, 85, 87, 88, 89, 90, 91, 93, 94, 95, 96, 97, 98, 99, 100, 101, 103, 104, 105, 108, 110, 111, 113, 114, 115, 117, 118, 119, 120, 121, 123, 124, 125, 126, 127, 129, 130, 131, 132, 134, 143, 144, 145, 147, 148, 149, 150, 151, 152, 154, 155, 157, 158, 160, 162, 164, 165, 166, 168, 169, 171, 172, 175, 181, 182, 185, 187, 188, 189, 190, 191, 192, 193, 194, 195, 196, 197, 198, 201, 202, 203, 204, 205, 206, 207, 208, 211, 213, 214, 215, 216, 218, 219, 220, 221, 223, 225, 226, 227, 228, 229, 230, 232, 233, 234, 235, 238, 241, 242, 243, 244, 245, 246, 247, 248], "summary": {"covered_lines": 158, "num_statements": 158, "percent_covered": 100.0, "percent_covered_display": "100.00", "missing_lines": 0, "excluded_lines": 0, "percent_statements_covered": 100.0, "percent_statements_covered_display": "100.00", "num_branches": 52, "num_partial_branches": 0, "covered_branches": 52, "missing_branches": 0, "percent_branches_covered": 100.0, "percent_branches_covered_display": "100.00"}, "missing_lines": [], "excluded_lines": [], "start_line": 1, "executed_branches": [[55, 56], [55, 57], [58, 59], [58, 60], [75, 77], [75, 82], [78, 79], [78, 81], [79, 78], [79, 80], [89, 90], [89, 93], [94, 95], [94, 103], [103, 104], [103, 105], [117, 118], [117, 171], [119, 120], [119, 123], [124, 125], [124, 147], [143, 144], [143, 145], [148, 149], [148, 164], [157, 158], [157, 160], [168, 117], [168, 169], [190, 191], [190, 201], [192, 193], [192, 197], [193, 194], [193, 195], [197, 190], [197, 198], [201, 202], [201, 207], [203, 204], [203, 205], [214, 215], [214, 218], [219, 220], [219, 223], [228, 229], [228, 232], [233, 234], [233, 244], [235, 233], [235, 238]], "missing_branches": []}}}, "core/managers/core_apply_manager.py": {"executed_lines": [7, 9, 10, 11, 12, 13, 14, 16, 18, 19, 22, 25, 26, 27, 28, 29, 30, 31, 32, 33, 36, 37, 40, 41, 42, 43, 46, 51, 53, 54, 56, 57, 59, 61, 63, 65, 66, 67, 68, 70, 71, 72, 73, 75, 78, 79, 83, 84, 87, 88, 89, 90, 91, 92, 93, 96, 97, 100, 101, 104, 105, 106, 107, 109, 112, 113, 114, 116, 117, 123, 125, 126, 128, 129, 135, 136, 137, 144, 145, 146, 147, 148, 151, 152, 153, 154, 155, 156, 162, 163, 164, 171, 172, 176, 177, 178, 180, 182, 183, 186, 187, 190, 191, 192, 193, 194, 195, 198, 199, 200, 201, 202, 204, 205, 206, 207, 210, 211, 212, 215, 216, 217, 218, 220, 221, 222, 223, 225, 227, 228, 229, 230, 232, 233, 234, 236, 237, 238, 241, 242, 243, 244, 246, 247, 248, 251, 256, 257, 261, 262, 263, 264, 266, 268, 270, 273, 274, 275, 276, 278, 279, 280, 281, 283, 284, 288, 291, 292, 293, 294, 295, 296, 297, 298, 299, 300, 302, 305, 306, 307, 308, 311, 312, 315, 321, 322, 323, 324, 326, 327, 330, 331, 332, 333, 337, 341, 342, 343, 344, 346, 348, 350, 351, 352, 353, 355, 356, 358, 359, 360, 361, 362, 363, 364, 366, 368, 369, 370, 371, 374, 375, 376, 377, 378, 379, 380, 381, 382, 383, 386, 388, 389, 390, 391, 392, 393, 394, 395, 398, 399, 402, 403, 404, 407, 408, 409, 410, 412, 413, 414, 415, 417, 419, 420, 421, 422, 423, 424], "summary": {"covered_lines": 258, "num_statements": 258, "percent_covered": 100.0, "percent_covered_display": "100.00", "missing_lines": 0, "excluded_lines": 0, "percent_statements_covered": 100.0, "percent_statements_covered_display": "100.00", "num_branches": 62, "num_partial_branches": 0, "covered_branches": 62, "missing_branches": 0, "percent_branches_covered": 100.0, "percent_branches_covered_display": "100.00"}, "missing_lines": [], "excluded_lines": [], "executed_branches": [[66, 67], [66, 70], [72, 73], [72, 75], [90, 91], [90, 93], [105, 106], [105, 128], [112, 113], [112, 135], [116, 117], [116, 125], [151, 152], [151, 171], [183, 186], [183, 190], [193, 194], [193, 198], [200, 201], [200, 204], [216, 217], [216, 220], [232, 233], [232, 236], [236, 237], [236, 241], [247, 248], [247, 256], [256, 257], [256, 261], [274, 275], [274, 278], [279, 280], [279, 283], [283, 284], [283, 288], [292, 293], [292, 302], [297, 298], [297, 300], [322, 323], [322, 326], [323, 322], [323, 324], [326, 327], [326, 330], [332, 333], [332, 341], [351, 352], [351, 355], [361, 362], [361, 364], [369, 370], [369, 374], [377, 378], [377, 380], [389, 390], [389, 398], [407, 408], [407, 410], [420, -417], [420, 421]], "missing_branches": [], "functions": {"GrubApplyManager.__init__": {"executed_lines": [53, 54, 56, 57], "summary": {"covered_lines": 4, "num_statements": 4, "percent_covered": 100.0, "percent_covered_display": "100.00", "missing_lines": 0, "excluded_lines": 0, "percent_statements_covered": 100.0, "percent_statements_covered_display": "100.00", "num_branches": 0, "num_partial_branches": 0, "covered_branches": 0, "missing_branches": 0, "percent_branches_covered": 100.0, "percent_branches_covered_display": "100.00"}, "missing_lines": [], "excluded_lines": [], "start_line": 51, "executed_branches": [], "missing_branches": []}, "GrubApplyManager.apply_configuration": {"executed_lines": [61, 63, 65, 66, 67, 68, 70, 71, 72, 73, 75, 78, 79, 83, 84, 87, 88, 89, 90, 91, 92, 93, 96, 97, 100, 101, 104, 105, 106, 107, 109, 112, 113, 114, 116, 117, 123, 125, 126, 128, 129, 135, 136, 137, 144, 145, 146, 147, 148, 151, 152, 153, 154, 155, 156, 162, 163, 164, 171, 172], "summary": {"covered_lines": 60, "num_statements": 60, "percent_covered": 100.0, "percent_covered_display": "100.00", "missing_lines": 0, "excluded_lines": 0, "percent_statements_covered": 100.0, "percent_statements_covered_display": "100.00", "num_branches": 14, "num_partial_branches": 0, "covered_branches": 14, "missing_branches": 0, "percent_branches_covered": 100.0, "percent_branches_covered_display": "100.00"}, "missing_lines": [], "excluded_lines": [], "start_line": 59, "executed_branches": [[66, 67], [66, 70], [72, 73], [72, 75], [90, 91], [90, 93], [105, 106], [105, 128], [112, 113], [112, 135], [116, 117], [116, 125], [151, 152], [151, 171]], "missing_branches": []}, "GrubApplyManager._transition_to": {"executed_lines": [177, 178], "summary": {"covered_lines": 2, "num_statements": 2, "percent_covered": 100.0, "percent_covered_display": "100.00", "missing_lines": 0, "excluded_lines": 0, "percent_statements_covered": 100.0, "percent_statements_covered_display": "100.00", "num_branches": 0, "num_partial_branches": 0, "covered_branches": 0, "missing_branches": 0, "percent_branches_covered": 100.0, "percent_branches_covered_display": "100.00"}, "missing_lines": [], "excluded_lines": [], "start_line": 176, "executed_branches": [], "missing_branches": []}, "GrubApplyManager._create_backup": {"executed_lines": [182, 183, 186, 187, 190, 191, 192, 193, 194, 195, 198, 199, 200, 201, 202, 204, 205, 206, 207, 210, 211, 212, 215, 216, 217, 218, 220, 221, 222, 223], "summary": {"covered_lines": 30, "num_statements": 30, "percent_covered": 100.0, "percent_covered_display": "100.00", "missing_lines": 0, "excluded_lines": 0, "percent_statements_covered": 100.0, "percent_statements_covered_display": "100.00", "num_branches": 8, "num_partial_branches": 0, "covered_branches": 8, "missing_branches": 0, "percent_branches_covered": 100.0, "percent_branches_covered_display": "100.00"}, "missing_lines": [], "excluded_lines": [], "start_line": 180, "executed_branches": [[183, 186], [183, 190], [193, 194], [193, 198], [200, 201], [200, 204], [216, 217], [216, 220]], "missing_branches": []}, "GrubApplyManager._generate_test_config": {"executed_lines": [227, 228, 229, 230, 232, 233, 234, 236, 237, 238, 241, 242, 243, 244, 246, 247, 248, 251, 256, 257, 261, 262, 263, 264, 266], "summary": {"covered_lines": 25, "num_statements": 25, "percent_covered": 100.0, "percent_covered_display": "100.00", "missing_lines": 0, "excluded_lines": 0, "percent_statements_covered": 100.0, "percent_statements_covered_display": "100.00", "num_branches": 8, "num_partial_branches": 0, "covered_branches": 8, "missing_branches": 0, "percent_branches_covered": 100.0, "percent_branches_covered_display": "100.00"}, "missing_lines": [], "excluded_lines": [], "start_line": 225, "executed_branches": [[232, 233], [232, 236], [236, 237], [236, 241], [247, 248], [247, 256], [256, 257], [256, 261]], "missing_branches": []}, "GrubApplyManager._validate_config": {"executed_lines": [270, 273, 274, 275, 276, 278, 279, 280, 281, 283, 284, 288, 291, 292, 293, 294, 295, 296, 297, 298, 299, 300, 302, 305, 306, 307, 308, 311, 312, 315, 321, 322, 323, 324, 326, 327, 330, 331, 332, 333, 337, 341, 342, 343, 344, 346], "summary": {"covered_lines": 46, "num_statements": 46, "percent_covered": 100.0, "percent_covered_display": "100.00", "missing_lines": 0, "excluded_lines": 0, "percent_statements_covered": 100.0, "percent_statements_covered_display": "100.00", "num_branches": 18, "num_partial_branches": 0, "covered_branches": 18, "missing_branches": 0, "percent_branches_covered": 100.0, "percent_branches_covered_display": "100.00"}, "missing_lines": [], "excluded_lines": [], "start_line": 268, "executed_branches": [[274, 275], [274, 278], [279, 280], [279, 283], [283, 284], [283, 288], [292, 293], [292, 302], [297, 298], [297, 300], [322, 323], [322, 326], [323, 322], [323, 324], [326, 327], [326, 330], [332, 333], [332, 341]], "missing_branches": []}, "GrubApplyManager._apply_final": {"executed_lines": [350, 351, 352, 353, 355, 356, 358, 359, 360, 361, 362, 363, 364], "summary": {"covered_lines": 13, "num_statements": 13, "percent_covered": 100.0, "percent_covered_display": "100.00", "missing_lines": 0, "excluded_lines": 0, "percent_statements_covered": 100.0, "percent_statements_covered_display": "100.00", "num_branches": 4, "num_partial_branches": 0, "covered_branches": 4, "missing_branches": 0, "percent_branches_covered": 100.0, "percent_branches_covered_display": "100.00"}, "missing_lines": [], "excluded_lines": [], "start_line": 348, "executed_branches": [[351, 352], [351, 355], [361, 362], [361, 364]], "missing_branches": []}, "GrubApplyManager._rollback": {"executed_lines": [368, 369, 370, 371, 374, 375, 376, 377, 378, 379, 380, 381, 382, 383, 386, 388, 389, 390, 391, 392, 393, 394, 395, 398, 399, 402, 403, 404, 407, 408, 409, 410, 412, 413, 414, 415], "summary": {"covered_lines": 36, "num_statements": 36, "percent_covered": 100.0, "percent_covered_display": "100.00", "missing_lines": 0, "excluded_lines": 0, "percent_statements_covered": 100.0, "percent_statements_covered_display": "100.00", "num_branches": 8, "num_partial_branches": 0, "covered_branches": 8, "missing_branches": 0, "percent_branches_covered": 100.0, "percent_branches_covered_display": "100.00"}, "missing_lines": [], "excluded_lines": [], "start_line": 366, "executed_branches": [[369, 370], [369, 374], [377, 378], [377, 380], [389, 390], [389, 398], [407, 408], [407, 410]], "missing_branches": []}, "GrubApplyManager._cleanup_backup": {"executed_lines": [419, 420, 421, 422, 423, 424], "summary": {"covered_lines": 6, "num_statements": 6, "percent_covered": 100.0, "percent_covered_display": "100.00", "missing_lines": 0, "excluded_lines": 0, "percent_statements_covered": 100.0, "percent_statements_covered_display": "100.00", "num_branches": 2, "num_partial_branches": 0, "covered_branches": 2, "missing_branches": 0, "percent_branches_covered": 100.0, "percent_branches_covered_display": "100.00"}, "missing_lines": [], "excluded_lines": [], "start_line": 417, "executed_branches": [[420, -417], [420, 421]], "missing_branches": []}, "": {"executed_lines": [7, 9, 10, 11, 12, 13, 14, 16, 18, 19, 22, 25, 26, 27, 28, 29, 30, 31, 32, 33, 36, 37, 40, 41, 42, 43, 46, 51, 59, 176, 180, 225, 268, 348, 366, 417], "summary": {"covered_lines": 36, "num_statements": 36, "percent_covered": 100.0, "percent_covered_display": "100.00", "missing_lines": 0, "excluded_lines": 0, "percent_statements_covered": 100.0, "percent_statements_covered_display": "100.00", "num_branches": 0, "num_partial_branches": 0, "covered_branches": 0, "missing_branches": 0, "percent_branches_covered": 100.0, "percent_branches_covered_display": "100.00"}, "missing_lines": [], "excluded_lines": [], "start_line": 1, "executed_branches": [], "missing_branches": []}}, "classes": {"ApplyState": {"executed_lines": [], "summary": {"covered_lines": 0, "num_statements": 0, "percent_covered": 100.0, "percent_covered_display": "100.00", "missing_lines": 0, "excluded_lines": 0, "percent_statements_covered": 100.0, "percent_statements_covered_display": "100.00", "num_branches": 0, "num_partial_branches": 0, "covered_branches": 0, "missing_branches": 0, "percent_branches_covered": 100.0, "percent_branches_covered_display": "100.00"}, "missing_lines": [], "excluded_lines": [], "start_line": 22, "executed_branches": [], "missing_branches": []}, "ApplyResult": {"executed_lines": [], "summary": {"covered_lines": 0, "num_statements": 0, "percent_covered": 100.0, "percent_covered_display": "100.00", "missing_lines": 0, "excluded_lines": 0, "percent_statements_covered": 100.0, "percent_statements_covered_display": "100.00", "num_branches": 0, "num_partial_branches": 0, "covered_branches": 0, "missing_branches": 0, "percent_branches_covered": 100.0, "percent_branches_covered_display": "100.00"}, "missing_lines": [], "excluded_lines": [], "start_line": 37, "executed_branches": [], "missing_branches": []}, "GrubApplyManager": {"executed_lines": [53, 54, 56, 57, 61, 63, 65, 66, 67, 68, 70, 71, 72, 73, 75, 78, 79, 83, 84, 87, 88, 89, 90, 91, 92, 93, 96, 97, 100, 101, 104, 105, 106, 107, 109, 112, 113, 114, 116, 117, 123, 125, 126, 128, 129, 135, 136, 137, 144, 145, 146, 147, 148, 151, 152, 153, 154, 155, 156, 162, 163, 164, 171, 172, 177, 178, 182, 183, 186, 187, 190, 191, 192, 193, 194, 195, 198, 199, 200, 201, 202, 204, 205, 206, 207, 210, 211, 212, 215, 216, 217, 218, 220, 221, 222, 223, 227, 228, 229, 230, 232, 233, 234, 236, 237, 238, 241, 242, 243, 244, 246, 247, 248, 251, 256, 257, 261, 262, 263, 264, 266, 270, 273, 274, 275, 276, 278, 279, 280, 281, 283, 284, 288, 291, 292, 293, 294, 295, 296, 297, 298, 299, 300, 302, 305, 306, 307, 308, 311, 312, 315, 321, 322, 323, 324, 326, 327, 330, 331, 332, 333, 337, 341, 342, 343, 344, 346, 350, 351, 352, 353, 355, 356, 358, 359, 360, 361, 362, 363, 364, 368, 369, 370, 371, 374, 375, 376, 377, 378, 379, 380, 381, 382, 383, 386, 388, 389, 390, 391, 392, 393, 394, 395, 398, 399, 402, 403, 404, 407, 408, 409, 410, 412, 413, 414, 415, 419, 420, 421, 422, 423, 424], "summary": {"covered_lines": 222, "num_statements": 222, "percent_covered": 100.0, "percent_covered_display": "100.00", "missing_lines": 0, "excluded_lines": 0, "percent_statements_covered": 100.0, "percent_statements_covered_display": "100.00", "num_branches": 62, "num_partial_branches": 0, "covered_branches": 62, "missing_branches": 0, "percent_branches_covered": 100.0, "percent_branches_covered_display": "100.00"}, "missing_lines": [], "excluded_lines": [], "start_line": 46, "executed_branches": [[66, 67], [66, 70], [72, 73], [72, 75], [90, 91], [90, 93], [105, 106], [105, 128], [112, 113], [112, 135], [116, 117], [116, 125], [151, 152], [151, 171], [183, 186], [183, 190], [193, 194], [193, 198], [200, 201], [200, 204], [216, 217], [216, 220], [232, 233], [232, 236], [236, 237], [236, 241], [247, 248], [247, 256], [256, 257], [256, 261], [274, 275], [274, 278], [279, 280], [279, 283], [283, 284], [283, 288], [292, 293], [292, 302], [297, 298], [297, 300], [322, 323], [322, 326], [323, 322], [323, 324], [326, 327], [326, 330], [332, 333], [332, 341], [351, 352], [351, 355], [361, 362], [361, 364], [369, 370], [369, 374], [377, 378], [377, 380], [389, 390], [389, 398], [407, 408], [407, 410], [420, -417], [420, 421]], "missing_branches": []}, "": {"executed_lines": [7, 9, 10, 11, 12, 13, 14, 16, 18, 19, 22, 25, 26, 27, 28, 29, 30, 31, 32, 33, 36, 37, 40, 41, 42, 43, 46, 51, 59, 176, 180, 225, 268, 348, 366, 417], "summary": {"covered_lines": 36, "num_statements": 36, "percent_covered": 100.0, "percent_covered_display": "100.00", "missing_lines": 0, "excluded_lines": 0, "percent_statements_covered": 100.0, "percent_statements_covered_display": "100.00", "num_branches": 0, "num_partial_branches": 0, "covered_branches": 0, "missing_branches": 0, "percent_branches_covered": 100.0, "percent_branches_covered_display": "100.00"}, "missing_lines": [], "excluded_lines": [], "start_line": 1, "executed_branches": [], "missing_branches": []}}}, "core/managers/core_entry_visibility_manager.py": {"executed_lines": [12, 14, 15, 16, 17, 18, 20, 22, 24, 27, 29, 30, 31, 32, 33, 34, 35, 36, 37, 38, 39, 40, 41, 42, 43, 44, 45, 46, 49, 51, 52, 53, 54, 55, 56, 57, 58, 59, 60, 63, 66, 67, 70, 72, 73, 74, 77, 78, 79, 81, 84, 86, 87, 88, 89, 90, 91, 92, 93, 96, 98, 99, 100, 101, 104, 119, 120, 121, 122, 123, 125, 126, 127, 128, 130, 131, 132, 135, 136, 140, 141, 145, 146, 149, 154, 155, 159, 160, 161, 162, 163, 165, 166, 167, 169, 170, 171, 172, 173, 174, 175, 176, 177, 178, 179, 180, 182, 183, 184, 187, 188, 189, 191, 192, 193, 194, 195, 198, 199, 200, 201, 202, 204, 205, 207, 208], "summary": {"covered_lines": 126, "num_statements": 126, "percent_covered": 100.0, "percent_covered_display": "100.00", "missing_lines": 0, "excluded_lines": 0, "percent_statements_covered": 100.0, "percent_statements_covered_display": "100.00", "num_branches": 38, "num_partial_branches": 0, "covered_branches": 38, "missing_branches": 0, "percent_branches_covered": 100.0, "percent_branches_covered_display": "100.00"}, "missing_lines": [], "excluded_lines": [], "executed_branches": [[33, 34], [33, 46], [73, 74], [73, 77], [78, 79], [78, 81], [87, 88], [87, 90], [88, 87], [88, 89], [90, 91], [90, 93], [91, 90], [91, 92], [98, 99], [98, 101], [99, 98], [99, 100], [120, 121], [120, 125], [126, 127], [126, 130], [145, 146], [145, 154], [154, 155], [154, 159], [165, 166], [165, 191], [169, 170], [169, 187], [170, 171], [170, 182], [172, 173], [172, 182], [188, 165], [188, 189], [193, 194], [193, 198]], "missing_branches": [], "functions": {"load_hidden_entry_ids": {"executed_lines": [29, 30, 31, 32, 33, 34, 35, 36, 37, 38, 39, 40, 41, 42, 43, 44, 45, 46], "summary": {"covered_lines": 18, "num_statements": 18, "percent_covered": 100.0, "percent_covered_display": "100.00", "missing_lines": 0, "excluded_lines": 0, "percent_statements_covered": 100.0, "percent_statements_covered_display": "100.00", "num_branches": 2, "num_partial_branches": 0, "covered_branches": 2, "missing_branches": 0, "percent_branches_covered": 100.0, "percent_branches_covered_display": "100.00"}, "missing_lines": [], "excluded_lines": [], "start_line": 27, "executed_branches": [[33, 34], [33, 46]], "missing_branches": []}, "save_hidden_entry_ids": {"executed_lines": [51, 52, 53, 54, 55, 56, 57, 58, 59, 60], "summary": {"covered_lines": 10, "num_statements": 10, "percent_covered": 100.0, "percent_covered_display": "100.00", "missing_lines": 0, "excluded_lines": 0, "percent_statements_covered": 100.0, "percent_statements_covered_display": "100.00", "num_branches": 0, "num_partial_branches": 0, "covered_branches": 0, "missing_branches": 0, "percent_branches_covered": 100.0, "percent_branches_covered_display": "100.00"}, "missing_lines": [], "excluded_lines": [], "start_line": 49, "executed_branches": [], "missing_branches": []}, "_extract_menuentry_title": {"executed_lines": [66, 67], "summary": {"covered_lines": 2, "num_statements": 2, "percent_covered": 100.0, "percent_covered_display": "100.00", "missing_lines": 0, "excluded_lines": 0, "percent_statements_covered": 100.0, "percent_statements_covered_display": "100.00", "num_branches": 0, "num_partial_branches": 0, "covered_branches": 0, "missing_branches": 0, "percent_branches_covered": 100.0, "percent_branches_covered_display": "100.00"}, "missing_lines": [], "excluded_lines": [], "start_line": 63, "executed_branches": [], "missing_branches": []}, "_extract_menuentry_id": {"executed_lines": [72, 73, 74, 77, 78, 79, 81], "summary": {"covered_lines": 7, "num_statements": 7, "percent_covered": 100.0, "percent_covered_display": "100.00", "missing_lines": 0, "excluded_lines": 0, "percent_statements_covered": 100.0, "percent_statements_covered_display": "100.00", "num_branches": 4, "num_partial_branches": 0, "covered_branches": 4, "missing_branches": 0, "percent_branches_covered": 100.0, "percent_branches_covered_display": "100.00"}, "missing_lines": [], "excluded_lines": [], "start_line": 70, "executed_branches": [[73, 74], [73, 77], [78, 79], [78, 81]], "missing_branches": []}, "_candidate_grub_cfg_paths": {"executed_lines": [86, 87, 88, 89, 90, 91, 92, 93], "summary": {"covered_lines": 8, "num_statements": 8, "percent_covered": 100.0, "percent_covered_display": "100.00", "missing_lines": 0, "excluded_lines": 0, "percent_statements_covered": 100.0, "percent_statements_covered_display": "100.00", "num_branches": 8, "num_partial_branches": 0, "covered_branches": 8, "missing_branches": 0, "percent_branches_covered": 100.0, "percent_branches_covered_display": "100.00"}, "missing_lines": [], "excluded_lines": [], "start_line": 84, "executed_branches": [[87, 88], [87, 90], [88, 87], [88, 89], [90, 91], [90, 93], [91, 90], [91, 92]], "missing_branches": []}, "find_grub_cfg_path": {"executed_lines": [98, 99, 100, 101], "summary": {"covered_lines": 4, "num_statements": 4, "percent_covered": 100.0, "percent_covered_display": "100.00", "missing_lines": 0, "excluded_lines": 0, "percent_statements_covered": 100.0, "percent_statements_covered_display": "100.00", "num_branches": 4, "num_partial_branches": 0, "covered_branches": 4, "missing_branches": 0, "percent_branches_covered": 100.0, "percent_branches_covered_display": "100.00"}, "missing_lines": [], "excluded_lines": [], "start_line": 96, "executed_branches": [[98, 99], [98, 101], [99, 98], [99, 100]], "missing_branches": []}, "apply_hidden_entries_to_grub_cfg": {"executed_lines": [119, 120, 121, 122, 123, 125, 126, 127, 128, 130, 131, 132, 135, 136, 140, 141, 145, 146, 149, 154, 155, 159, 160, 161, 162, 163, 165, 166, 167, 169, 170, 171, 172, 173, 174, 175, 176, 177, 178, 179, 180, 182, 183, 184, 187, 188, 189, 191, 192, 193, 194, 195, 198, 199, 200, 201, 202, 204, 205, 207, 208], "summary": {"covered_lines": 61, "num_statements": 61, "percent_covered": 100.0, "percent_covered_display": "100.00", "missing_lines": 0, "excluded_lines": 0, "percent_statements_covered": 100.0, "percent_statements_covered_display": "100.00", "num_branches": 20, "num_partial_branches": 0, "covered_branches": 20, "missing_branches": 0, "percent_branches_covered": 100.0, "percent_branches_covered_display": "100.00"}, "missing_lines": [], "excluded_lines": [], "start_line": 104, "executed_branches": [[120, 121], [120, 125], [126, 127], [126, 130], [145, 146], [14
[...]
_lines": 0, "excluded_lines": 0, "percent_statements_covered": 100.0, "percent_statements_covered_display": "100.00", "num_branches": 0, "num_partial_branches": 0, "covered_branches": 0, "missing_branches": 0, "percent_branches_covered": 100.0, "percent_branches_covered_display": "100.00"}, "missing_lines": [], "excluded_lines": [], "start_line": 103, "executed_branches": [], "missing_branches": []}, "AppStateManager.update_default_choice_ids": {"executed_lines": [118, 119], "summary": {"covered_lines": 2, "num_statements": 2, "percent_covered": 100.0, "percent_covered_display": "100.00", "missing_lines": 0, "excluded_lines": 0, "percent_statements_covered": 100.0, "percent_statements_covered_display": "100.00", "num_branches": 0, "num_partial_branches": 0, "covered_branches": 0, "missing_branches": 0, "percent_branches_covered": 100.0, "percent_branches_covered_display": "100.00"}, "missing_lines": [], "excluded_lines": [], "start_line": 112, "executed_branches": [], "missing_branches": []}, "AppStateManager.get_default_choice_ids": {"executed_lines": [127], "summary": {"covered_lines": 1, "num_statements": 1, "percent_covered": 100.0, "percent_covered_display": "100.00", "missing_lines": 0, "excluded_lines": 0, "percent_statements_covered": 100.0, "percent_statements_covered_display": "100.00", "num_branches": 0, "num_partial_branches": 0, "covered_branches": 0, "missing_branches": 0, "percent_branches_covered": 100.0, "percent_branches_covered_display": "100.00"}, "missing_lines": [], "excluded_lines": [], "start_line": 121, "executed_branches": [], "missing_branches": []}, "": {"executed_lines": [6, 8, 9, 11, 13, 14, 15, 18, 21, 22, 23, 26, 36, 56, 75, 86, 95, 103, 112, 121], "summary": {"covered_lines": 20, "num_statements": 20, "percent_covered": 100.0, "percent_covered_display": "100.00", "missing_lines": 0, "excluded_lines": 0, "percent_statements_covered": 100.0, "percent_statements_covered_display": "100.00", "num_branches": 0, "num_partial_branches": 0, "covered_branches": 0, "missing_branches": 0, "percent_branches_covered": 100.0, "percent_branches_covered_display": "100.00"}, "missing_lines": [], "excluded_lines": [], "start_line": 1, "executed_branches": [], "missing_branches": []}}, "classes": {"AppState": {"executed_lines": [], "summary": {"covered_lines": 0, "num_statements": 0, "percent_covered": 100.0, "percent_covered_display": "100.00", "missing_lines": 0, "excluded_lines": 0, "percent_statements_covered": 100.0, "percent_statements_covered_display": "100.00", "num_branches": 0, "num_partial_branches": 0, "covered_branches": 0, "missing_branches": 0, "percent_branches_covered": 100.0, "percent_branches_covered_display": "100.00"}, "missing_lines": [], "excluded_lines": [], "start_line": 18, "executed_branches": [], "missing_branches": []}, "AppStateManager": {"executed_lines": [38, 41, 42, 43, 44, 45, 48, 49, 52, 54, 64, 65, 66, 68, 69, 71, 72, 73, 82, 83, 84, 92, 93, 101, 109, 110, 118, 119, 127], "summary": {"covered_lines": 29, "num_statements": 29, "percent_covered": 100.0, "percent_covered_display": "100.00", "missing_lines": 0, "excluded_lines": 0, "percent_statements_covered": 100.0, "percent_statements_covered_display": "100.00", "num_branches": 2, "num_partial_branches": 0, "covered_branches": 2, "missing_branches": 0, "percent_branches_covered": 100.0, "percent_branches_covered_display": "100.00"}, "missing_lines": [], "excluded_lines": [], "start_line": 26, "executed_branches": [[82, -75], [82, 83]], "missing_branches": []}, "": {"executed_lines": [6, 8, 9, 11, 13, 14, 15, 18, 21, 22, 23, 26, 36, 56, 75, 86, 95, 103, 112, 121], "summary": {"covered_lines": 20, "num_statements": 20, "percent_covered": 100.0, "percent_covered_display": "100.00", "missing_lines": 0, "excluded_lines": 0, "percent_statements_covered": 100.0, "percent_statements_covered_display": "100.00", "num_branches": 0, "num_partial_branches": 0, "covered_branches": 0, "missing_branches": 0, "percent_branches_covered": 100.0, "percent_branches_covered_display": "100.00"}, "missing_lines": [], "excluded_lines": [], "start_line": 1, "executed_branches": [], "missing_branches": []}}}, "ui/ui_widgets.py": {"executed_lines": [7, 9, 10, 17, 20, 21, 30, 31, 32, 33, 34, 36, 37, 46, 47, 48, 49, 50, 58, 80, 81, 82, 83, 84, 85, 86, 89, 101, 102, 103, 106, 118, 121, 122, 124, 125, 126, 127, 129, 130, 138, 156, 157, 158, 159, 161, 162, 163, 164, 167, 177, 178, 179, 180, 181, 182, 183, 186, 216, 223, 224, 225, 226, 227, 235, 245, 246, 247, 248, 249, 250, 253, 273, 274, 275, 277, 278, 279, 280, 282, 283, 291, 308, 309, 311, 312, 313, 314, 315, 317, 318, 321, 331, 332, 333, 334, 335, 337, 338, 339, 340, 342, 343, 344, 345, 347, 350, 361, 362, 363, 365, 366, 367, 368, 370, 371, 372, 374, 377, 383, 384, 385, 386, 387, 388, 389, 390, 391, 399, 406, 407, 408, 409, 410, 413, 420, 421, 422, 423, 424, 432, 441, 442, 443, 444, 445, 446, 447], "summary": {"covered_lines": 148, "num_statements": 157, "percent_covered": 94.15204678362574, "percent_covered_display": "94.15", "missing_lines": 9, "excluded_lines": 0, "percent_statements_covered": 94.26751592356688, "percent_statements_covered_display": "94.27", "num_branches": 14, "num_partial_branches": 1, "covered_branches": 13, "missing_branches": 1, "percent_branches_covered": 92.85714285714286, "percent_branches_covered_display": "92.86"}, "missing_lines": [197, 199, 200, 202, 203, 204, 205, 207, 208], "excluded_lines": [], "executed_branches": [[82, 83], [82, 84], [158, 159], [158, 161], [365, 366], [386, 387], [386, 391], [441, 442], [441, 443], [443, 444], [443, 445], [445, 446], [445, 447]], "missing_branches": [[365, 370]], "functions": {"WidgetFactory.create_section_header": {"executed_lines": [30, 31, 32, 33, 34], "summary": {"covered_lines": 5, "num_statements": 5, "percent_covered": 100.0, "percent_covered_display": "100.00", "missing_lines": 0, "excluded_lines": 0, "percent_statements_covered": 100.0, "percent_statements_covered_display": "100.00", "num_branches": 0, "num_partial_branches": 0, "covered_branches": 0, "missing_branches": 0, "percent_branches_covered": 100.0, "percent_branches_covered_display": "100.00"}, "missing_lines": [], "excluded_lines": [], "start_line": 21, "executed_branches": [], "missing_branches": []}, "WidgetFactory.create_section_title": {"executed_lines": [46, 47, 48, 49, 50], "summary": {"covered_lines": 5, "num_statements": 5, "percent_covered": 100.0, "percent_covered_display": "100.00", "missing_lines": 0, "excluded_lines": 0, "percent_statements_covered": 100.0, "percent_statements_covered_display": "100.00", "num_branches": 0, "num_partial_branches": 0, "covered_branches": 0, "missing_branches": 0, "percent_branches_covered": 100.0, "percent_branches_covered_display": "100.00"}, "missing_lines": [], "excluded_lines": [], "start_line": 37, "executed_branches": [], "missing_branches": []}, "grid_add_labeled": {"executed_lines": [80, 81, 82, 83, 84, 85, 86], "summary": {"covered_lines": 7, "num_statements": 7, "percent_covered": 100.0, "percent_covered_display": "100.00", "missing_lines": 0, "excluded_lines": 0, "percent_statements_covered": 100.0, "percent_statements_covered_display": "100.00", "num_branches": 2, "num_partial_branches": 0, "covered_branches": 2, "missing_branches": 0, "percent_branches_covered": 100.0, "percent_branches_covered_display": "100.00"}, "missing_lines": [], "excluded_lines": [], "start_line": 58, "executed_branches": [[82, 83], [82, 84]], "missing_branches": []}, "grid_add_check": {"executed_lines": [101, 102, 103], "summary": {"covered_lines": 3, "num_statements": 3, "percent_covered": 100.0, "percent_covered_display": "100.00", "missing_lines": 0, "excluded_lines": 0, "percent_statements_covered": 100.0, "percent_statements_covered_display": "100.00", "num_branches": 0, "num_partial_branches": 0, "covered_branches": 0, "missing_branches": 0, "percent_branches_covered": 100.0, "percent_branches_covered_display": "100.00"}, "missing_lines": [], "excluded_lines": [], "start_line": 89, "executed_branches": [], "missing_branches": []}, "grid_add_switch": {"executed_lines": [118, 121, 122, 124, 125, 126, 127, 129, 130], "summary": {"covered_lines": 9, "num_statements": 9, "percent_covered": 100.0, "percent_covered_display": "100.00", "missing_lines": 0, "excluded_lines": 0, "percent_statements_covered": 100.0, "percent_statements_covered_display": "100.00", "num_branches": 0, "num_partial_branches": 0, "covered_branches": 0, "missing_branches": 0, "percent_branches_covered": 100.0, "percent_branches_covered_display": "100.00"}, "missing_lines": [], "excluded_lines": [], "start_line": 106, "executed_branches": [], "missing_branches": []}, "box_append_label": {"executed_lines": [156, 157, 158, 159, 161, 162, 163, 164], "summary": {"covered_lines": 8, "num_statements": 8, "percent_covered": 100.0, "percent_covered_display": "100.00", "missing_lines": 0, "excluded_lines": 0, "percent_statements_covered": 100.0, "percent_statements_covered_display": "100.00", "num_branches": 2, "num_partial_branches": 0, "covered_branches": 2, "missing_branches": 0, "percent_branches_covered": 100.0, "percent_branches_covered_display": "100.00"}, "missing_lines": [], "excluded_lines": [], "start_line": 138, "executed_branches": [[158, 159], [158, 161]], "missing_branches": []}, "box_append_section_title": {"executed_lines": [177, 178, 179, 180, 181, 182, 183], "summary": {"covered_lines": 7, "num_statements": 7, "percent_covered": 100.0, "percent_covered_display": "100.00", "missing_lines": 0, "excluded_lines": 0, "percent_statements_covered": 100.0, "percent_statements_covered_display": "100.00", "num_branches": 0, "num_partial_branches": 0, "covered_branches": 0, "missing_branches": 0, "percent_branches_covered": 100.0, "percent_branches_covered_display": "100.00"}, "missing_lines": [], "excluded_lines": [], "start_line": 167, "executed_branches": [], "missing_branches": []}, "box_append_switch": {"executed_lines": [], "summary": {"covered_lines": 0, "num_statements": 9, "percent_covered": 0.0, "percent_covered_display": "0.00", "missing_lines": 9, "excluded_lines": 0, "percent_statements_covered": 0.0, "percent_statements_covered_display": "0.00", "num_branches": 0, "num_partial_branches": 0, "covered_branches": 0, "missing_branches": 0, "percent_branches_covered": 100.0, "percent_branches_covered_display": "100.00"}, "missing_lines": [197, 199, 200, 202, 203, 204, 205, 207, 208], "excluded_lines": [], "start_line": 186, "executed_branches": [], "missing_branches": []}, "apply_margins": {"executed_lines": [223, 224, 225, 226, 227], "summary": {"covered_lines": 5, "num_statements": 5, "percent_covered": 100.0, "percent_covered_display": "100.00", "missing_lines": 0, "excluded_lines": 0, "percent_statements_covered": 100.0, "percent_statements_covered_display": "100.00", "num_branches": 0, "num_partial_branches": 0, "covered_branches": 0, "missing_branches": 0, "percent_branches_covered": 100.0, "percent_branches_covered_display": "100.00"}, "missing_lines": [], "excluded_lines": [], "start_line": 216, "executed_branches": [], "missing_branches": []}, "create_main_box": {"executed_lines": [245, 246, 247, 248, 249, 250], "summary": {"covered_lines": 6, "num_statements": 6, "percent_covered": 100.0, "percent_covered_display": "100.00", "missing_lines": 0, "excluded_lines": 0, "percent_statements_covered": 100.0, "percent_statements_covered_display": "100.00", "num_branches": 0, "num_partial_branches": 0, "covered_branches": 0, "missing_branches": 0, "percent_branches_covered": 100.0, "percent_branches_covered_display": "100.00"}, "missing_lines": [], "excluded_lines": [], "start_line": 235, "executed_branches": [], "missing_branches": []}, "make_scrolled_grid": {"executed_lines": [273, 274, 275, 277, 278, 279, 280, 282, 283], "summary": {"covered_lines": 9, "num_statements": 9, "percent_covered": 100.0, "percent_covered_display": "100.00", "missing_lines": 0, "excluded_lines": 0, "percent_statements_covered": 100.0, "percent_statements_covered_display": "100.00", "num_branches": 0, "num_partial_branches": 0, "covered_branches": 0, "missing_branches": 0, "percent_branches_covered": 100.0, "percent_branches_covered_display": "100.00"}, "missing_lines": [], "excluded_lines": [], "start_line": 253, "executed_branches": [], "missing_branches": []}, "create_list_box_row_with_margins": {"executed_lines": [308, 309, 311, 312, 313, 314, 315, 317, 318], "summary": {"covered_lines": 9, "num_statements": 9, "percent_covered": 100.0, "percent_covered_display": "100.00", "missing_lines": 0, "excluded_lines": 0, "percent_statements_covered": 100.0, "percent_statements_covered_display": "100.00", "num_branches": 0, "num_partial_branches": 0, "covered_branches": 0, "missing_branches": 0, "percent_branches_covered": 100.0, "percent_branches_covered_display": "100.00"}, "missing_lines": [], "excluded_lines": [], "start_line": 291, "executed_branches": [], "missing_branches": []}, "create_two_column_layout": {"executed_lines": [331, 332, 333, 334, 335, 337, 338, 339, 340, 342, 343, 344, 345, 347], "summary": {"covered_lines": 14, "num_statements": 14, "percent_covered": 100.0, "percent_covered_display": "100.00", "missing_lines": 0, "excluded_lines": 0, "percent_statements_covered": 100.0, "percent_statements_covered_display": "100.00", "num_branches": 0, "num_partial_branches": 0, "covered_branches": 0, "missing_branches": 0, "percent_branches_covered": 100.0, "percent_branches_covered_display": "100.00"}, "missing_lines": [], "excluded_lines": [], "start_line": 321, "executed_branches": [], "missing_branches": []}, "create_info_box": {"executed_lines": [361, 362, 363, 365, 366, 367, 368, 370, 371, 372, 374], "summary": {"covered_lines": 11, "num_statements": 11, "percent_covered": 92.3076923076923, "percent_covered_display": "92.31", "missing_lines": 0, "excluded_lines": 0, "percent_statements_covered": 100.0, "percent_statements_covered_display": "100.00", "num_branches": 2, "num_partial_branches": 1, "covered_branches": 1, "missing_branches": 1, "percent_branches_covered": 50.0, "percent_branches_covered_display": "50.00"}, "missing_lines": [], "excluded_lines": [], "start_line": 350, "executed_branches": [[365, 366]], "missing_branches": [[365, 370]]}, "clear_listbox": {"executed_lines": [383, 384, 385, 386, 387, 388, 389, 390, 391], "summary": {"covered_lines": 9, "num_statements": 9, "percent_covered": 100.0, "percent_covered_display": "100.00", "missing_lines": 0, "excluded_lines": 0, "percent_statements_covered": 100.0, "percent_statements_covered_display": "100.00", "num_branches": 2, "num_partial_branches": 0, "covered_branches": 2, "missing_branches": 0, "percent_branches_covered": 100.0, "percent_branches_covered_display": "100.00"}, "missing_lines": [], "excluded_lines": [], "start_line": 377, "executed_branches": [[386, 387], [386, 391]], "missing_branches": []}, "create_error_dialog": {"executed_lines": [406, 407, 408, 409, 410], "summary": {"covered_lines": 5, "num_statements": 5, "percent_covered": 100.0, "percent_covered_display": "100.00", "missing_lines": 0, "excluded_lines": 0, "percent_statements_covered": 100.0, "percent_statements_covered_display": "100.00", "num_branches": 0, "num_partial_branches": 0, "covered_branches": 0, "missing_branches": 0, "percent_branches_covered": 100.0, "percent_branches_covered_display": "100.00"}, "missing_lines": [], "excluded_lines": [], "start_line": 399, "executed_branches": [], "missing_branches": []}, "create_success_dialog": {"executed_lines": [420, 421, 422, 423, 424], "summary": {"covered_lines": 5, "num_statements": 5, "percent_covered": 100.0, "percent_covered_display": "100.00", "missing_lines": 0, "excluded_lines": 0, "percent_statements_covered": 100.0, "percent_statements_covered_display": "100.00", "num_branches": 0, "num_partial_branches": 0, "covered_branches": 0, "missing_branches": 0, "percent_branches_covered": 100.0, "percent_branches_covered_display": "100.00"}, "missing_lines": [], "excluded_lines": [], "start_line": 413, "executed_branches": [], "missing_branches": []}, "categorize_backup_type": {"executed_lines": [441, 442, 443, 444, 445, 446, 447], "summary": {"covered_lines": 7, "num_statements": 7, "percent_covered": 100.0, "percent_covered_display": "100.00", "missing_lines": 0, "excluded_lines": 0, "percent_statements_covered": 100.0, "percent_statements_covered_display": "100.00", "num_branches": 6, "num_partial_branches": 0, "covered_branches": 6, "missing_branches": 0, "percent_branches_covered": 100.0, "percent_branches_covered_display": "100.00"}, "missing_lines": [], "excluded_lines": [], "start_line": 432, "executed_branches": [[441, 442], [441, 443], [443, 444], [443, 445], [445, 446], [445, 447]], "missing_branches": []}, "": {"executed_lines": [7, 9, 10, 17, 20, 21, 36, 37, 58, 89, 106, 138, 167, 186, 216, 235, 253, 291, 321, 350, 377, 399, 413, 432], "summary": {"covered_lines": 24, "num_statements": 24, "percent_covered": 100.0, "percent_covered_display": "100.00", "missing_lines": 0, "excluded_lines": 0, "percent_statements_covered": 100.0, "percent_statements_covered_display": "100.00", "num_branches": 0, "num_partial_branches": 0, "covered_branches": 0, "missing_branches": 0, "percent_branches_covered": 100.0, "percent_branches_covered_display": "100.00"}, "missing_lines": [], "excluded_lines": [], "start_line": 1, "executed_branches": [], "missing_branches": []}}, "classes": {"WidgetFactory": {"executed_lines": [30, 31, 32, 33, 34, 46, 47, 48, 49, 50], "summary": {"covered_lines": 10, "num_statements": 10, "percent_covered": 100.0, "percent_covered_display": "100.00", "missing_lines": 0, "excluded_lines": 0, "percent_statements_covered": 100.0, "percent_statements_covered_display": "100.00", "num_branches": 0, "num_partial_branches": 0, "covered_branches": 0, "missing_branches": 0, "percent_branches_covered": 100.0, "percent_branches_covered_display": "100.00"}, "missing_lines": [], "excluded_lines": [], "start_line": 17, "executed_branches": [], "missing_branches": []}, "": {"executed_lines": [7, 9, 10, 17, 20, 21, 36, 37, 58, 80, 81, 82, 83, 84, 85, 86, 89, 101, 102, 103, 106, 118, 121, 122, 124, 125, 126, 127, 129, 130, 138, 156, 157, 158, 159, 161, 162, 163, 164, 167, 177, 178, 179, 180, 181, 182, 183, 186, 216, 223, 224, 225, 226, 227, 235, 245, 246, 247, 248, 249, 250, 253, 273, 274, 275, 277, 278, 279, 280, 282, 283, 291, 308, 309, 311, 312, 313, 314, 315, 317, 318, 321, 331, 332, 333, 334, 335, 337, 338, 339, 340, 342, 343, 344, 345, 347, 350, 361, 362, 363, 365, 366, 367, 368, 370, 371, 372, 374, 377, 383, 384, 385, 386, 387, 388, 389, 390, 391, 399, 406, 407, 408, 409, 410, 413, 420, 421, 422, 423, 424, 432, 441, 442, 443, 444, 445, 446, 447], "summary": {"covered_lines": 138, "num_statements": 147, "percent_covered": 93.7888198757764, "percent_covered_display": "93.79", "missing_lines": 9, "excluded_lines": 0, "percent_statements_covered": 93.87755102040816, "percent_statements_covered_display": "93.88", "num_branches": 14, "num_partial_branches": 1, "covered_branches": 13, "missing_branches": 1, "percent_branches_covered": 92.85714285714286, "percent_branches_covered_display": "92.86"}, "missing_lines": [197, 199, 200, 202, 203, 204, 205, 207, 208], "excluded_lines": [], "start_line": 1, "executed_branches": [[82, 83], [82, 84], [158, 159], [158, 161], [365, 366], [386, 387], [386, 391], [441, 442], [441, 443], [443, 444], [443, 445], [445, 446], [445, 447]], "missing_branches": [[365, 370]]}}}}, "totals": {"covered_lines": 4238, "num_statements": 4556, "percent_covered": 91.51115989754848, "percent_covered_display": "91.51", "missing_lines": 318, "excluded_lines": 22, "percent_statements_covered": 93.02019315188763, "percent_statements_covered_display": "93.02", "num_branches": 910, "num_partial_branches": 42, "covered_branches": 764, "missing_branches": 146, "percent_branches_covered": 83.95604395604396, "percent_branches_covered_display": "83.96"}}