{"meta": {"format": 3, "version": "7.13.1", "timestamp": "2026-01-03T11:36:37.289287", "branch_coverage": true, "show_contexts": false}, "files": {"core/config/core_lazy_loading.py": {"executed_lines": [7, 9, 10, 11, 13, 19, 22, 28, 29, 30, 32, 41, 42, 43, 44, 46, 49, 52, 58, 59, 60, 62, 68, 69, 70, 71, 73, 75, 81, 83, 85, 86, 87, 90, 104, 107, 122, 124, 125, 126, 127, 128, 130], "summary": {"covered_lines": 43, "num_statements": 43, "percent_covered": 100.0, "percent_covered_display": "100.00", "missing_lines": 0, "excluded_lines": 2, "percent_statements_covered": 100.0, "percent_statements_covered_display": "100.00", "num_branches": 8, "num_partial_branches": 0, "covered_branches": 8, "missing_branches": 0, "percent_branches_covered": 100.0, "percent_branches_covered_display": "100.00"}, "missing_lines": [], "excluded_lines": [15, 16], "executed_branches": [[41, 42], [41, 46], [68, 69], [68, 73], [85, -83], [85, 86], [125, 126], [125, 128]], "missing_branches": [], "functions": {"LazyLoader.__init__": {"executed_lines": [28, 29, 30], "summary": {"covered_lines": 3, "num_statements": 3, "percent_covered": 100.0, "percent_covered_display": "100.00", "missing_lines": 0, "excluded_lines": 0, "percent_statements_covered": 100.0, "percent_statements_covered_display": "100.00", "num_branches": 0, "num_partial_branches": 0, "covered_branches": 0, "missing_branches": 0, "percent_branches_covered": 100.0, "percent_branches_covered_display": "100.00"}, "missing_lines": [], "excluded_lines": [], "start_line": 22, "executed_branches": [], "missing_branches": []}, "LazyLoader.__getattr__": {"executed_lines": [41, 42, 43, 44, 46], "summary": {"covered_lines": 5, "num_statements": 5, "percent_covered": 100.0, "percent_covered_display": "100.00", "missing_lines": 0, "excluded_lines": 0, "percent_statements_covered": 100.0, "percent_statements_covered_display": "100.00", "num_branches": 2, "num_partial_branches": 0, "covered_branches": 2, "missing_branches": 0, "percent_branches_covered": 100.0, "percent_branches_covered_display": "100.00"}, "missing_lines": [], "excluded_lines": [], "start_line": 32, "executed_branches": [[41, 42], [41, 46]], "missing_branches": []}, "LazyComponent.__init__": {"executed_lines": [58, 59, 60], "summary": {"covered_lines": 3, "num_statements": 3, "percent_covered": 100.0, "percent_covered_display": "100.00", "missing_lines": 0, "excluded_lines": 0, "percent_statements_covered": 100.0, "percent_statements_covered_display": "100.00", "num_branches": 0, "num_partial_branches": 0, "covered_branches": 0, "missing_branches": 0, "percent_branches_covered": 100.0, "percent_branches_covered_display": "100.00"}, "missing_lines": [], "excluded_lines": [], "start_line": 52, "executed_branches": [], "missing_branches": []}, "LazyComponent.get": {"executed_lines": [68, 69, 70, 71, 73], "summary": {"covered_lines": 5, "num_statements": 5, "percent_covered": 100.0, "percent_covered_display": "100.00", "missing_lines": 0, "excluded_lines": 0, "percent_statements_covered": 100.0, "percent_statements_covered_display": "100.00", "num_branches": 2, "num_partial_branches": 0, "covered_branches": 2, "missing_branches": 0, "percent_branches_covered": 100.0, "percent_branches_covered_display": "100.00"}, "missing_lines": [], "excluded_lines": [], "start_line": 62, "executed_branches": [[68, 69], [68, 73]], "missing_branches": []}, "LazyComponent.is_loaded": {"executed_lines": [81], "summary": {"covered_lines": 1, "num_statements": 1, "percent_covered": 100.0, "percent_covered_display": "100.00", "missing_lines": 0, "excluded_lines": 0, "percent_statements_covered": 100.0, "percent_statements_covered_display": "100.00", "num_branches": 0, "num_partial_branches": 0, "covered_branches": 0, "missing_branches": 0, "percent_branches_covered": 100.0, "percent_branches_covered_display": "100.00"}, "missing_lines": [], "excluded_lines": [], "start_line": 75, "executed_branches": [], "missing_branches": []}, "LazyComponent.reset": {"executed_lines": [85, 86, 87], "summary": {"covered_lines": 3, "num_statements": 3, "percent_covered": 100.0, "percent_covered_display": "100.00", "missing_lines": 0, "excluded_lines": 0, "percent_statements_covered": 100.0, "percent_statements_covered_display": "100.00", "num_branches": 2, "num_partial_branches": 0, "covered_branches": 2, "missing_branches": 0, "percent_branches_covered": 100.0, "percent_branches_covered_display": "100.00"}, "missing_lines": [], "excluded_lines": [], "start_line": 83, "executed_branches": [[85, -83], [85, 86]], "missing_branches": []}, "lazy_import": {"executed_lines": [104], "summary": {"covered_lines": 1, "num_statements": 1, "percent_covered": 100.0, "percent_covered_display": "100.00", "missing_lines": 0, "excluded_lines": 0, "percent_statements_covered": 100.0, "percent_statements_covered_display": "100.00", "num_branches": 0, "num_partial_branches": 0, "covered_branches": 0, "missing_branches": 0, "percent_branches_covered": 100.0, "percent_branches_covered_display": "100.00"}, "missing_lines": [], "excluded_lines": [], "start_line": 90, "executed_branches": [], "missing_branches": []}, "lazy_property": {"executed_lines": [122, 124, 130], "summary": {"covered_lines": 3, "num_statements": 3, "percent_covered": 100.0, "percent_covered_display": "100.00", "missing_lines": 0, "excluded_lines": 0, "percent_statements_covered": 100.0, "percent_statements_covered_display": "100.00", "num_branches": 0, "num_partial_branches": 0, "covered_branches": 0, "missing_branches": 0, "percent_branches_covered": 100.0, "percent_branches_covered_display": "100.00"}, "missing_lines": [], "excluded_lines": [], "start_line": 107, "executed_branches": [], "missing_branches": []}, "lazy_property.getter": {"executed_lines": [125, 126, 127, 128], "summary": {"covered_lines": 4, "num_statements": 4, "percent_covered": 100.0, "percent_covered_display": "100.00", "missing_lines": 0, "excluded_lines": 0, "percent_statements_covered": 100.0, "percent_statements_covered_display": "100.00", "num_branches": 2, "num_partial_branches": 0, "covered_branches": 2, "missing_branches": 0, "percent_branches_covered": 100.0, "percent_branches_covered_display": "100.00"}, "missing_lines": [], "excluded_lines": [], "start_line": 124, "executed_branches": [[125, 126], [125, 128]], "missing_branches": []}, "": {"executed_lines": [7, 9, 10, 11, 13, 19, 22, 32, 49, 52, 62, 75, 83, 90, 107], "summary": {"covered_lines": 15, "num_statements": 15, "percent_covered": 100.0, "percent_covered_display": "100.00", "missing_lines": 0, "excluded_lines": 2, "percent_statements_covered": 100.0, "percent_statements_covered_display": "100.00", "num_branches": 0, "num_partial_branches": 0, "covered_branches": 0, "missing_branches": 0, "percent_branches_covered": 100.0, "percent_branches_covered_display": "100.00"}, "missing_lines": [], "excluded_lines": [15, 16], "start_line": 1, "executed_branches": [], "missing_branches": []}}, "classes": {"LazyLoader": {"executed_lines": [28, 29, 30, 41, 42, 43, 44, 46], "summary": {"covered_lines": 8, "num_statements": 8, "percent_covered": 100.0, "percent_covered_display": "100.00", "missing_lines": 0, "excluded_lines": 0, "percent_statements_covered": 100.0, "percent_statements_covered_display": "100.00", "num_branches": 2, "num_partial_branches": 0, "covered_branches": 2, "missing_branches": 0, "percent_branches_covered": 100.0, "percent_branches_covered_display": "100.00"}, "missing_lines": [], "excluded_lines": [], "start_line": 19, "executed_branches": [[41, 42], [41, 46]], "missing_branches": []}, "LazyComponent": {"executed_lines": [58, 59, 60, 68, 69, 70, 71, 73, 81, 85, 86, 87], "summary": {"covered_lines": 12, "num_statements": 12, "percent_covered": 100.0, "percent_covered_display": "100.00", "missing_lines": 0, "excluded_lines": 0, "percent_statements_covered": 100.0, "percent_statements_covered_display": "100.00", "num_branches": 4, "num_partial_branches": 0, "covered_branches": 4, "missing_branches": 0, "percent_branches_covered": 100.0, "percent_branches_covered_display": "100.00"}, "missing_lines": [], "excluded_lines": [], "start_line": 49, "executed_branches": [[68, 69], [68, 73], [85, -83], [85, 86]], "missing_branches": []}, "": {"executed_lines": [7, 9, 10, 11, 13, 19, 22, 32, 49, 52, 62, 75, 83, 90, 104, 107, 122, 124, 125, 126, 127, 128, 130], "summary": {"covered_lines": 23, "num_statements": 23, "percent_covered": 100.0, "percent_covered_display": "100.00", "missing_lines": 0, "excluded_lines": 2, "percent_statements_covered": 100.0, "percent_statements_covered_display": "100.00", "num_branches": 2, "num_partial_branches": 0, "covered_branches": 2, "missing_branches": 0, "percent_branches_covered": 100.0, "percent_branches_covered_display": "100.00"}, "missing_lines": [], "excluded_lines": [15, 16], "start_line": 1, "executed_branches": [[125, 126], [125, 128]], "missing_branches": []}}}, "core/config/core_logging_config.py": {"executed_lines": [7, 9, 10, 11, 13, 16, 17, 18, 19, 22, 25, 33, 36, 37, 44, 51, 61, 62, 65, 75, 78, 80, 81, 84, 86, 87, 90, 92, 93], "summary": {"covered_lines": 29, "num_statements": 29, "percent_covered": 100.0, "percent_covered_display": "100.00", "missing_lines": 0, "excluded_lines": 0, "percent_statements_covered": 100.0, "percent_statements_covered_display": "100.00", "num_branches": 4, "num_partial_branches": 0, "covered_branches": 4, "missing_branches": 0, "percent_branches_covered": 100.0, "percent_branches_covered_display": "100.00"}, "missing_lines": [], "excluded_lines": [], "executed_branches": [[36, 37], [36, 44], [61, 62], [61, 75]], "missing_branches": [], "functions": {"configure_logging": {"executed_lines": [33, 36, 37, 44, 51, 61, 62, 65, 75], "summary": {"covered_lines": 9, "num_statements": 9, "percent_covered": 100.0, "percent_covered_display": "100.00", "missing_lines": 0, "excluded_lines": 0, "percent_statements_covered": 100.0, "percent_statements_covered_display": "100.00", "num_branches": 4, "num_partial_branches": 0, "covered_branches": 4, "missing_branches": 0, "percent_branches_covered": 100.0, "percent_branches_covered_display": "100.00"}, "missing_lines": [], "excluded_lines": [], "start_line": 25, "executed_branches": [[36, 37], [36, 44], [61, 62], [61, 75]], "missing_branches": []}, "set_production_mode": {"executed_lines": [80, 81], "summary": {"covered_lines": 2, "num_statements": 2, "percent_covered": 100.0, "percent_covered_display": "100.00", "missing_lines": 0, "excluded_lines": 0, "percent_statements_covered": 100.0, "percent_statements_covered_display": "100.00", "num_branches": 0, "num_partial_branches": 0, "covered_branches": 0, "missing_branches": 0, "percent_branches_covered": 100.0, "percent_branches_covered_display": "100.00"}, "missing_lines": [], "excluded_lines": [], "start_line": 78, "executed_branches": [], "missing_branches": []}, "set_debug_mode": {"executed_lines": [86, 87], "summary": {"covered_lines": 2, "num_statements": 2, "percent_covered": 100.0, "percent_covered_display": "100.00", "missing_lines": 0, "excluded_lines": 0, "percent_statements_covered": 100.0, "percent_statements_covered_display": "100.00", "num_branches": 0, "num_partial_branches": 0, "covered_branches": 0, "missing_branches": 0, "percent_branches_covered": 100.0, "percent_branches_covered_display": "100.00"}, "missing_lines": [], "excluded_lines": [], "start_line": 84, "executed_branches": [], "missing_branches": []}, "set_silent_mode": {"executed_lines": [92, 93], "summary": {"covered_lines": 2, "num_statements": 2, "percent_covered": 100.0, "percent_covered_display": "100.00", "missing_lines": 0, "excluded_lines": 0, "percent_statements_covered": 100.0, "percent_statements_covered_display": "100.00", "num_branches": 0, "num_partial_branches": 0, "covered_branches": 0, "missing_branches": 0, "percent_branches_covered": 100.0, "percent_branches_covered_display": "100.00"}, "missing_lines": [], "excluded_lines": [], "start_line": 90, "executed_branches": [], "missing_branches": []}, "": {"executed_lines": [7, 9, 10, 11, 13, 16, 17, 18, 19, 22, 25, 78, 84, 90], "summary": {"covered_lines": 14, "num_statements": 14, "percent_covered": 100.0, "percent_covered_display": "100.00", "missing_lines": 0, "excluded_lines": 0, "percent_statements_covered": 100.0, "percent_statements_covered_display": "100.00", "num_branches": 0, "num_partial_branches": 0, "covered_branches": 0, "missing_branches": 0, "percent_branches_covered": 100.0, "percent_branches_covered_display": "100.00"}, "missing_lines": [], "excluded_lines": [], "start_line": 1, "executed_branches": [], "missing_branches": []}}, "classes": {"": {"executed_lines": [7, 9, 10, 11, 13, 16, 17, 18, 19, 22, 25, 33, 36, 37, 44, 51, 61, 62, 65, 75, 78, 80, 81, 84, 86, 87, 90, 92, 93], "summary": {"covered_lines": 29, "num_statements": 29, "percent_covered": 100.0, "percent_covered_display": "100.00", "missing_lines": 0, "excluded_lines": 0, "percent_statements_covered": 100.0, "percent_statements_covered_display": "100.00", "num_branches": 4, "num_partial_branches": 0, "covered_branches": 4, "missing_branches": 0, "percent_branches_covered": 100.0, "percent_branches_covered_display": "100.00"}, "missing_lines": [], "excluded_lines": [], "start_line": 1, "executed_branches": [[36, 37], [36, 44], [61, 62], [61, 75]], "missing_branches": []}}}, "core/config/core_paths.py": {"executed_lines": [6, 8, 9, 11, 14, 15, 18, 19, 26, 32, 33, 34, 35, 37, 40, 46], "summary": {"covered_lines": 16, "num_statements": 16, "percent_covered": 100.0, "percent_covered_display": "100.00", "missing_lines": 0, "excluded_lines": 0, "percent_statements_covered": 100.0, "percent_statements_covered_display": "100.00", "num_branches": 4, "num_partial_branches": 0, "covered_branches": 4, "missing_branches": 0, "percent_branches_covered": 100.0, "percent_branches_covered_display": "100.00"}, "missing_lines": [], "excluded_lines": [], "executed_branches": [[32, 33], [32, 37], [34, 32], [34, 35]], "missing_branches": [], "functions": {"get_grub_themes_dir": {"executed_lines": [32, 33, 34, 35, 37], "summary": {"covered_lines": 5, "num_statements": 5, "percent_covered": 100.0, "percent_covered_display": "100.00", "missing_lines": 0, "excluded_lines": 0, "percent_statements_covered": 100.0, "percent_statements_covered_display": "100.00", "num_branches": 4, "num_partial_branches": 0, "covered_branches": 4, "missing_branches": 0, "percent_branches_covered": 100.0, "percent_branches_covered_display": "100.00"}, "missing_lines": [], "excluded_lines": [], "start_line": 26, "executed_branches": [[32, 33], [32, 37], [34, 32], [34, 35]], "missing_branches": []}, "get_all_grub_themes_dirs": {"executed_lines": [46], "summary": {"covered_lines": 1, "num_statements": 1, "percent_covered": 100.0, "percent_covered_display": "100.00", "missing_lines": 0, "excluded_lines": 0, "percent_statements_covered": 100.0, "percent_statements_covered_display": "100.00", "num_branches": 0, "num_partial_branches": 0, "covered_branches": 0, "missing_branches": 0, "percent_branches_covered": 100.0, "percent_branches_covered_display": "100.00"}, "missing_lines": [], "excluded_lines": [], "start_line": 40, "executed_branches": [], "missing_branches": []}, "": {"executed_lines": [6, 8, 9, 11, 14, 15, 18, 19, 26, 40], "summary": {"covered_lines": 10, "num_statements": 10, "percent_covered": 100.0, "percent_covered_display": "100.00", "missing_lines": 0, "excluded_lines": 0, "percent_statements_covered": 100.0, "percent_statements_covered_display": "100.00", "num_branches": 0, "num_partial_branches": 0, "covered_branches": 0, "missing_branches": 0, "percent_branches_covered": 100.0, "percent_branches_covered_display": "100.00"}, "missing_lines": [], "excluded_lines": [], "start_line": 1, "executed_branches": [], "missing_branches": []}}, "classes": {"": {"executed_lines": [6, 8, 9, 11, 14, 15, 18, 19, 26, 32, 33, 34, 35, 37, 40, 46], "summary": {"covered_lines": 16, "num_statements": 16, "percent_covered": 100.0, "percent_covered_display": "100.00", "missing_lines": 0, "excluded_lines": 0, "percent_statements_covered": 100.0, "percent_statements_covered_display": "100.00", "num_branches": 4, "num_partial_branches": 0, "covered_branches": 4, "missing_branches": 0, "percent_branches_covered": 100.0, "percent_branches_covered_display": "100.00"}, "missing_lines": [], "excluded_lines": [], "start_line": 1, "executed_branches": [[32, 33], [32, 37], [34, 32], [34, 35]], "missing_branches": []}}}, "core/config/core_runtime.py": {"executed_lines": [7, 9, 11, 14, 16, 17, 29, 35, 36, 37, 38, 39, 41, 42], "summary": {"covered_lines": 14, "num_statements": 14, "percent_covered": 100.0, "percent_covered_display": "100.00", "missing_lines": 0, "excluded_lines": 0, "percent_statements_covered": 100.0, "percent_statements_covered_display": "100.00", "num_branches": 4, "num_partial_branches": 0, "covered_branches": 4, "missing_branches": 0, "percent_branches_covered": 100.0, "percent_branches_covered_display": "100.00"}, "missing_lines": [], "excluded_lines": [], "executed_branches": [[37, 38], [37, 42], [38, 39], [38, 41]], "missing_branches": [], "functions": {"configure_logging": {"executed_lines": [16, 17], "summary": {"covered_lines": 2, "num_statements": 2, "percent_covered": 100.0, "percent_covered_display": "100.00", "missing_lines": 0, "excluded_lines": 0, "percent_statements_covered": 100.0, "percent_statements_covered_display": "100.00", "num_branches": 0, "num_partial_branches": 0, "covered_branches": 0, "missing_branches": 0, "percent_branches_covered": 100.0, "percent_branches_covered_display": "100.00"}, "missing_lines": [], "excluded_lines": [], "start_line": 14, "executed_branches": [], "missing_branches": []}, "parse_debug_flag": {"executed_lines": [35, 36, 37, 38, 39, 41, 42], "summary": {"covered_lines": 7, "num_statements": 7, "percent_covered": 100.0, "percent_covered_display": "100.00", "missing_lines": 0, "excluded_lines": 0, "percent_statements_covered": 100.0, "percent_statements_covered_display": "100.00", "num_branches": 4, "num_partial_branches": 0, "covered_branches": 4, "missing_branches": 0, "percent_branches_covered": 100.0, "percent_branches_covered_display": "100.00"}, "missing_lines": [], "excluded_lines": [], "start_line": 29, "executed_branches": [[37, 38], [37, 42], [38, 39], [38, 41]], "missing_branches": []}, "": {"executed_lines": [7, 9, 11, 14, 29], "summary": {"covered_lines": 5, "num_statements": 5, "percent_covered": 100.0, "percent_covered_display": "100.00", "missing_lines": 0, "excluded_lines": 0, "percent_statements_covered": 100.0, "percent_statements_covered_display": "100.00", "num_branches": 0, "num_partial_branches": 0, "covered_branches": 0, "missing_branches": 0, "percent_branches_covered": 100.0, "percent_branches_covered_display": "100.00"}, "missing_lines": [], "excluded_lines": [], "start_line": 1, "executed_branches": [], "missing_branches": []}}, "classes": {"": {"executed_lines": [7, 9, 11, 14, 16, 17, 29, 35, 36, 37, 38, 39, 41, 42], "summary": {"covered_lines": 14, "num_statements": 14, "percent_covered": 100.0, "percent_covered_display": "100.00", "missing_lines": 0, "excluded_lines": 0, "percent_statements_covered": 100.0, "percent_statements_covered_display": "100.00", "num_branches": 4, "num_partial_branches": 0, "covered_branches": 4, "missing_branches": 0, "percent_branches_covered": 100.0, "percent_branches_covered_display": "100.00"}, "missing_lines": [], "excluded_lines": [], "start_line": 1, "executed_branches": [[37, 38], [37, 42], [38, 39], [38, 41]], "missing_branches": []}}}, "core/core_exceptions.py": {"executed_lines": [7, 10, 24, 36, 47, 58, 69, 80, 91, 109, 124, 125, 126, 127, 129, 131, 132, 133, 134, 135, 136, 137, 138, 141, 152], "summary": {"covered_lines": 25, "num_statements": 25, "percent_covered": 100.0, "percent_covered_display": "100.00", "missing_lines": 0, "excluded_lines": 0, "percent_statements_covered": 100.0, "percent_statements_covered_display": "100.00", "num_branches": 6, "num_partial_branches": 0, "covered_branches": 6, "missing_branches": 0, "percent_branches_covered": 100.0, "percent_branches_covered_display": "100.00"}, "missing_lines": [], "excluded_lines": [], "executed_branches": [[132, 133], [132, 134], [134, 135], [134, 136], [136, 137], [136, 138]], "missing_branches": [], "functions": {"GrubCommandError.__init__": {"executed_lines": [124, 125, 126, 127], "summary": {"covered_lines": 4, "num_statements": 4, "percent_covered": 100.0, "percent_covered_display": "100.00", "missing_lines": 0, "excluded_lines": 0, "percent_statements_covered": 100.0, "percent_statements_covered_display": "100.00", "num_branches": 0, "num_partial_branches": 0, "covered_branches": 0, "missing_branches": 0, "percent_branches_covered": 100.0, "percent_branches_covered_display": "100.00"}, "missing_lines": [], "excluded_lines": [], "start_line": 109, "executed_branches": [], "missing_branches": []}, "GrubCommandError.__str__": {"executed_lines": [131, 132, 133, 134, 135, 136, 137, 138], "summary": {"covered_lines": 8, "num_statements": 8, "percent_covered": 100.0, "percent_covered_display": "100.00", "missing_lines": 0, "excluded_lines": 0, "percent_statements_covered": 100.0, "percent_statements_covered_display": "100.00", "num_branches": 6, "num_partial_branches": 0, "covered_branches": 6, "missing_branches": 0, "percent_branches_covered": 100.0, "percent_branches_covered_display": "100.00"}, "missing_lines": [], "excluded_lines": [], "start_line": 129, "executed_branches": [[132, 133], [132, 134], [134, 135], [134, 136], [136, 137], [136, 138]], "missing_branches": []}, "": {"executed_lines": [7, 10, 24, 36, 47, 58, 69, 80, 91, 109, 129, 141, 152], "summary": {"covered_lines": 13, "num_statements": 13, "percent_covered": 100.0, "percent_covered_display": "100.00", "missing_lines": 0, "excluded_lines": 0, "percent_statements_covered": 100.0, "percent_statements_covered_display": "100.00", "num_branches": 0, "num_partial_branches": 0, "covered_branches": 0, "missing_branches": 0, "percent_branches_covered": 100.0, "percent_branches_covered_display": "100.00"}, "missing_lines": [], "excluded_lines": [], "start_line": 1, "executed_branches": [], "missing_branches": []}}, "classes": {"GrubManagerError": {"executed_lines": [], "summary": {"covered_lines": 0, "num_statements": 0, "percent_covered": 100.0, "percent_covered_display": "100.00", "missing_lines": 0, "excluded_lines": 0, "percent_statements_covered": 100.0, "percent_statements_covered_display": "100.00", "num_branches": 0, "num_partial_branches": 0, "covered_branches": 0, "missing_branches": 0, "percent_branches_covered": 100.0, "percent_branches_covered_display": "100.00"}, "missing_lines": [], "excluded_lines": [], "start_line": 10, "executed_branches": [], "missing_branches": []}, "GrubConfigError": {"executed_lines": [], "summary": {"covered_lines": 0, "num_statements": 0, "percent_covered": 100.0, "percent_covered_display": "100.00", "missing_lines": 0, "excluded_lines": 0, "percent_statements_covered": 100.0, "percent_statements_covered_display": "100.00", "num_branches": 0, "num_partial_branches": 0, "covered_branches": 0, "missing_branches": 0, "percent_branches_covered": 100.0, "percent_branches_covered_display": "100.00"}, "missing_lines": [], "excluded_lines": [], "start_line": 24, "executed_branches": [], "missing_branches": []}, "GrubScriptNotFoundError": {"executed_lines": [], "summary": {"covered_lines": 0, "num_statements": 0, "percent_covered": 100.0, "percent_covered_display": "100.00", "missing_lines": 0, "excluded_lines": 0, "percent_statements_covered": 100.0, "percent_statements_covered_display": "100.00", "num_branches": 0, "num_partial_branches": 0, "covered_branches": 0, "missing_branches": 0, "percent_branches_covered": 100.0, "percent_branches_covered_display": "100.00"}, "missing_lines": [], "excluded_lines": [], "start_line": 36, "executed_branches": [], "missing_branches": []}, "GrubPermissionError": {"executed_lines": [], "summary": {"covered_lines": 0, "num_statements": 0, "percent_covered": 100.0, "percent_covered_display": "100.00", "missing_lines": 0, "excluded_lines": 0, "percent_statements_covered": 100.0, "percent_statements_covered_display": "100.00", "num_branches": 0, "num_partial_branches": 0, "covered_branches": 0, "missing_branches": 0, "percent_branches_covered": 100.0, "percent_branches_covered_display": "100.00"}, "missing_lines": [], "excluded_lines": [], "start_line": 47, "executed_branches": [], "missing_branches": []}, "GrubParsingError": {"executed_lines": [], "summary": {"covered_lines": 0, "num_statements": 0, "percent_covered": 100.0, "percent_covered_display": "100.00", "missing_lines": 0, "excluded_lines": 0, "percent_statements_covered": 100.0, "percent_statements_covered_display": "100.00", "num_branches": 0, "num_partial_branches": 0, "covered_branches": 0, "missing_branches": 0, "percent_branches_covered": 100.0, "percent_branches_covered_display": "100.00"}, "missing_lines": [], "excluded_lines": [], "start_line": 58, "executed_branches": [], "missing_branches": []}, "GrubBackupError": {"executed_lines": [], "summary": {"covered_lines": 0, "num_statements": 0, "percent_covered": 100.0, "percent_covered_display": "100.00", "missing_lines": 0, "excluded_lines": 0, "percent_statements_covered": 100.0, "percent_statements_covered_display": "100.00", "num_branches": 0, "num_partial_branches": 0, "covered_branches": 0, "missing_branches": 0, "percent_branches_covered": 100.0, "percent_branches_covered_display": "100.00"}, "missing_lines": [], "excluded_lines": [], "start_line": 69, "executed_branches": [], "missing_branches": []}, "GrubThemeError": {"executed_lines": [], "summary": {"covered_lines": 0, "num_statements": 0, "percent_covered": 100.0, "percent_covered_display": "100.00", "missing_lines": 0, "excluded_lines": 0, "percent_statements_covered": 100.0, "percent_statements_covered_display": "100.00", "num_branches": 0, "num_partial_branches": 0, "covered_branches": 0, "missing_branches": 0, "percent_branches_covered": 100.0, "percent_branches_covered_display": "100.00"}, "missing_lines": [], "excluded_lines": [], "start_line": 80, "executed_branches": [], "missing_branches": []}, "GrubCommandError": {"executed_lines": [124, 125, 126, 127, 131, 132, 133, 134, 135, 136, 137, 138], "summary": {"covered_lines": 12, "num_statements": 12, "percent_covered": 100.0, "percent_covered_display": "100.00", "missing_lines": 0, "excluded_lines": 0, "percent_statements_covered": 100.0, "percent_statements_covered_display": "100.00", "num_branches": 6, "num_partial_branches": 0, "covered_branches": 6, "missing_branches": 0, "percent_branches_covered": 100.0, "percent_branches_covered_display": "100.00"}, "missing_lines": [], "excluded_lines": [], "start_line": 91, "executed_branches": [[132, 133], [132, 134], [134, 135], [134, 136], [136, 137], [136, 138]], "missing_branches": []}, "GrubSyncError": {"executed_lines": [], "summary": {"covered_lines": 0, "num_statements": 0, "percent_covered": 100.0, "percent_covered_display": "100.00", "missing_lines": 0, "excluded_lines": 0, "percent_statements_covered": 100.0, "percent_statements_covered_display": "100.00", "num_branches": 0, "num_partial_branches": 0, "covered_branches": 0, "missing_branches": 0, "percent_branches_covered": 100.0, "percent_branches_covered_display": "100.00"}, "missing_lines": [], "excluded_lines": [], "start_line": 141, "executed_branches": [], "missing_branches": []}, "GrubValidationError": {"executed_lines": [], "summary": {"covered_lines": 0, "num_statements": 0, "percent_covered": 100.0, "percent_covered_display": "100.00", "missing_lines": 0, "excluded_lines": 0, "percent_statements_covered": 100.0, "percent_statements_covered_display": "100.00", "num_branches": 0, "num_partial_branches": 0, "covered_branches": 0, "missing_branches": 0, "percent_branches_covered": 100.0, "percent_branches_covered_display": "100.00"}, "missing_lines": [], "excluded_lines": [], "start_line": 152, "executed_branches": [], "missing_branches": []}, "": {"executed_lines": [7, 10, 24, 36, 47, 58, 69, 80, 91, 109, 129, 141, 152], "summary": {"covered_lines": 13, "num_statements": 13, "percent_covered": 100.0, "percent_covered_display": "100.00", "missing_lines": 0, "excluded_lines": 0, "percent_statements_covered": 100.0, "percent_statements_covered_display": "100.00", "num_branches": 0, "num_partial_branches": 0, "covered_branches": 0, "missing_branches": 0, "percent_branches_covered": 100.0, "percent_branches_covered_display": "100.00"}, "missing_lines": [], "excluded_lines": [], "start_line": 1, "executed_branches": [], "missing_branches": []}}}, "core/io/core_grub_default_io.py": {"executed_lines": [6, 8, 9, 10, 11, 13, 15, 18, 20, 21, 22, 23, 26, 28, 29, 30, 31, 32, 33, 34, 35, 36, 37, 39, 40, 43, 55, 56, 57, 58, 59, 63, 64, 65, 66, 67, 68, 69, 71, 72, 73, 74, 75, 76, 77, 78, 81, 87, 89, 90, 93, 105, 106, 107, 108, 111, 112, 113, 114, 116, 117, 118, 119, 120, 121, 122, 123, 124, 126, 127, 128, 129, 132, 133, 134, 135, 138, 144, 145, 146, 147, 148, 149, 152, 161, 164, 167, 170, 171, 173, 174, 175, 178, 181, 183, 184, 185, 186, 187, 188, 189, 190, 191, 192, 193, 194, 195, 196, 197, 198, 199, 202, 212, 217, 218, 219, 220, 221, 223, 224, 227, 229, 230, 231, 232, 233, 234, 235, 237, 240, 241, 242, 243, 245, 248, 250, 251, 252, 253, 254, 257, 259, 260, 261, 262, 263, 264, 265, 266, 267, 268, 269, 270, 271, 272, 273, 274, 275, 276], "summary": {"covered_lines": 159, "num_statements": 159, "percent_covered": 100.0, "percent_covered_display": "100.00", "missing_lines": 0, "excluded_lines": 0, "percent_statements_covered": 100.0, "percent_statements_covered_display": "100.00", "num_branches": 38, "num_partial_branches": 0, "covered_branches": 38, "missing_branches": 0, "percent_branches_covered": 100.0, "percent_branches_covered_display": "100.00"}, "missing_lines": [], "excluded_lines": [], "executed_branches": [[33, 34], [33, 40], [57, 58], [57, 63], [63, 64], [63, 71], [112, 113], [112, 116], [117, 118], [117, 126], [120, 121], [120, 123], [133, 134], [133, 135], [145, 146], [145, 147], [147, 148], [147, 149], [174, 175], [174, 178], [185, 186], [185, 198], [187, 188], [187, 189], [189, 190], [189, 191], [194, 195], [194, 196], [196, 185], [196, 197], [217, 218], [217, 224], [219, 220], [219, 223], [230, 231], [230, 250], [233, 234], [233, 237]], "missing_branches": [], "functions": {"_touch_now": {"executed_lines": [20, 21, 22, 23], "summary": {"covered_lines": 4, "num_statements": 4, "percent_covered": 100.0, "percent_covered_display": "100.00", "missing_lines": 0, "excluded_lines": 0, "percent_statements_covered": 100.0, "percent_statements_covered_display": "100.00", "num_branches": 0, "num_partial_branches": 0, "covered_branches": 0, "missing_branches": 0, "percent_branches_covered": 100.0, "percent_branches_covered_display": "100.00"}, "missing_lines": [], "excluded_lines": [], "start_line": 18, "executed_branches": [], "missing_branches": []}, "_prune_manual_backups": {"executed_lines": [28, 29, 30, 31, 32, 33, 34, 35, 36, 37, 39, 40], "summary": {"covered_lines": 12, "num_statements": 12, "percent_covered": 100.0, "percent_covered_display": "100.00", "missing_lines": 0, "excluded_lines": 0, "percent_statements_covered": 100.0, "percent_statements_covered_display": "100.00", "num_branches": 2, "num_partial_branches": 0, "covered_branches": 2, "missing_branches": 0, "percent_branches_covered": 100.0, "percent_branches_covered_display": "100.00"}, "missing_lines": [], "excluded_lines": [], "start_line": 26, "executed_branches": [[33, 34], [33, 40]], "missing_branches": []}, "ensure_initial_grub_default_backup": {"executed_lines": [55, 56, 57, 58, 59, 63, 64, 65, 66, 67, 68, 69, 71, 72, 73, 74, 75, 76, 77, 78], "summary": {"covered_lines": 20, "num_statements": 20, "percent_covered": 100.0, "percent_covered_display": "100.00", "missing_lines": 0, "excluded_lines": 0, "percent_statements_covered": 100.0, "percent_statements_covered_display": "100.00", "num_branches": 4, "num_partial_branches": 0, "covered_branches": 4, "missing_branches": 0, "percent_branches_covered": 100.0, "percent_branches_covered_display": "100.00"}, "missing_lines": [], "excluded_lines": [], "start_line": 43, "executed_branches": [[57, 58], [57, 63], [63, 64], [63, 71]], "missing_branches": []}, "list_grub_default_backups": {"executed_lines": [87, 89, 90], "summary": {"covered_lines": 3, "num_statements": 3, "percent_covered": 100.0, "percent_covered_display": "100.00", "missing_lines": 0, "excluded_lines": 0, "percent_statements_covered": 100.0, "percent_statements_covered_display": "100.00", "num_branches": 0, "num_partial_branches": 0, "covered_branches": 0, "missing_branches": 0, "percent_branches_covered": 100.0, "percent_branches_covered_display": "100.00"}, "missing_lines": [], "excluded_lines": [], "start_line": 81, "executed_branches": [], "missing_branches": []}, "create_grub_default_backup": {"executed_lines": [105, 106, 107, 108, 111, 112, 113, 114, 116, 117, 118, 119, 120, 121, 122, 123, 124, 126, 127, 128, 129, 132, 133, 134, 135], "summary": {"covered_lines": 25, "num_statements": 25, "percent_covered": 100.0, "percent_covered_display": "100.00", "missing_lines": 0, "excluded_lines": 0, "percent_statements_covered": 100.0, "percent_statements_covered_display": "100.00", "num_branches": 8, "num_partial_branches": 0, "covered_branches": 8, "missing_branches": 0, "percent_branches_covered": 100.0, "percent_branches_covered_display": "100.00"}, "missing_lines": [], "excluded_lines": [], "start_line": 93, "executed_branches": [[112, 113], [112, 116], [117, 118], [117, 126], [120, 121], [120, 123], [133, 134], [133, 135]], "missing_branches": []}, "delete_grub_default_backup": {"executed_lines": [144, 145, 146, 147, 148, 149], "summary": {"covered_lines": 6, "num_statements": 6, "percent_covered": 100.0, "percent_covered_display": "100.00", "missing_lines": 0, "excluded_lines": 0, "percent_statements_covered": 100.0, "percent_statements_covered_display": "100.00", "num_branches": 4, "num_partial_branches": 0, "covered_branches": 4, "missing_branches": 0, "percent_branches_covered": 100.0, "percent_branches_covered_display": "100.00"}, "missing_lines": [], "excluded_lines": [], "start_line": 138, "executed_branches": [[145, 146], [145, 147], [147, 148], [147, 149]], "missing_branches": []}, "_best_fallback_for_missing_config": {"executed_lines": [161, 164, 167, 170, 171, 173, 174, 175, 178], "summary": {"covered_lines": 9, "num_statements": 9, "percent_covered": 100.0, "percent_covered_display": "100.00", "missing_lines": 0, "excluded_lines": 0, "percent_statements_covered": 100.0, "percent_statements_covered_display": "100.00", "num_branches": 2, "num_partial_branches": 0, "covered_branches": 2, "missing_branches": 0, "percent_branches_covered": 100.0, "percent_branches_covered_display": "100.00"}, "missing_lines": [], "excluded_lines": [], "start_line": 152, "executed_branches": [[174, 175], [174, 178]], "missing_branches": []}, "parse_grub_default": {"executed_lines": [183, 184, 185, 186, 187, 188, 189, 190, 191, 192, 193, 194, 195, 196, 197, 198, 199], "summary": {"covered_lines": 17, "num_statements": 17, "percent_covered": 100.0, "percent_covered_display": "100.00", "missing_lines": 0, "excluded_lines": 0, "percent_statements_covered": 100.0, "percent_statements_covered_display": "100.00", "num_branches": 10, "num_partial_branches": 0, "covered_branches": 10, "missing_branches": 0, "percent_branches_covered": 100.0, "percent_branches_covered_display": "100.00"}, "missing_lines": [], "excluded_lines": [], "start_line": 181, "executed_branches": [[185, 186], [185, 198], [187, 188], [187, 189], [189, 190], [189, 191], [194, 195], [194, 196], [196, 185], [196, 197]], "missing_branches": []}, "format_grub_default": {"executed_lines": [212, 217, 218, 219, 220, 221, 223, 224], "summary": {"covered_lines": 8, "num_statements": 8, "percent_covered": 100.0, "percent_covered_display": "100.00", "missing_lines": 0, "excluded_lines": 0, "percent_statements_covered": 100.0, "percent_statements_covered_display": "100.00", "num_branches": 4, "num_partial_branches": 0, "covered_branches": 4, "missing_branches": 0, "percent_branches_covered": 100.0, "percent_branches_covered_display": "100.00"}, "missing_lines": [], "excluded_lines": [], "start_line": 202, "executed_branches": [[217, 218], [217, 224], [219, 220], [219, 223]], "missing_branches": []}, "read_grub_default": {"executed_lines": [229, 230, 231, 232, 233, 234, 235, 237, 240, 241, 242, 243, 245, 248, 250, 251, 252, 253, 254], "summary": {"covered_lines": 19, "num_statements": 19, "percent_covered": 100.0, "percent_covered_display": "100.00", "missing_lines": 0, "excluded_lines": 0, "percent_statements_covered": 100.0, "percent_statements_covered_display": "100.00", "num_branches": 4, "num_partial_branches": 0, "covered_branches": 4, "missing_branches": 0, "percent_branches_covered": 100.0, "percent_branches_covered_display": "100.00"}, "missing_lines": [], "excluded_lines": [], "start_line": 227, "executed_branches": [[230, 231], [230, 250], [233, 234], [233, 237]], "missing_branches": []}, "write_grub_default": {"executed_lines": [259, 260, 261, 262, 263, 264, 265, 266, 267, 268, 269, 270, 271, 272, 273, 274, 275, 276], "summary": {"covered_lines": 18, "num_statements": 18, "percent_covered": 100.0, "percent_covered_display": "100.00", "missing_lines": 0, "excluded_lines": 0, "percent_statements_covered": 100.0, "percent_statements_covered_display": "100.00", "num_branches": 0, "num_partial_branches": 0, "covered_branches": 0, "missing_branches": 0, "percent_branches_covered": 100.0, "percent_branches_covered_display": "100.00"}, "missing_lines": [], "excluded_lines": [], "start_line": 257, "executed_branches": [], "missing_branches": []}, "": {"executed_lines": [6, 8, 9, 10, 11, 13, 15, 18, 26, 43, 81, 93, 138, 152, 181, 202, 227, 257], "summary": {"covered_lines": 18, "num_statements": 18, "percent_covered": 100.0, "percent_covered_display": "100.00", "missing_lines": 0, "excluded_lines": 0, "percent_statements_covered": 100.0, "percent_statements_covered_display": "100.00", "num_branches": 0, "num_partial_branches": 0, "covered_branches": 0, "missing_branches": 0, "percent_branches_covered": 100.0, "percent_branches_covered_display": "100.00"}, "missing_lines": [], "excluded_lines": [], "start_line": 1, "executed_branches": [], "missing_branches": []}}, "classes": {"": {"executed_lines": [6, 8, 9, 10, 11, 13, 15, 18, 20, 21, 22, 23, 26, 28, 29, 30, 31, 32, 33, 34, 35, 36, 37, 39, 40, 43, 55, 56, 57, 58, 59, 63, 64, 65, 66, 67, 68, 69, 71, 72, 73, 74, 75, 76, 77, 78, 81, 87, 89, 90, 93, 105, 106, 107, 108, 111, 112, 113, 114, 116, 117, 118, 119, 120, 121, 122, 123, 124, 126, 127, 128, 129, 132, 133, 134, 135, 138, 144, 145, 146, 147, 148, 149, 152, 161, 164, 167, 170, 171, 173, 174, 175, 178, 181, 183, 184, 185, 186, 187, 188, 189, 190, 191, 192, 193, 194, 195, 196, 197, 198, 199, 202, 212, 217, 218, 219, 220, 221, 223, 224, 227, 229, 230, 231, 232, 233, 234, 235, 237, 240, 241, 242, 243, 245, 248, 250, 251, 252, 253, 254, 257, 259, 260, 261, 262, 263, 264, 265, 266, 267, 268, 269, 270, 271, 272, 273, 274, 275, 276], "summary": {"covered_lines": 159, "num_statements": 159, "percent_covered": 100.0, "percent_covered_display": "100.00", "missing_lines": 0, "excluded_lines": 0, "percent_statements_covered": 100.0, "percent_statements_covered_display": "100.00", "num_branches": 38, "num_partial_branches": 0, "covered_branches": 38, "missing_branches": 0, "percent_branches_covered": 100.0, "percent_branches_covered_display": "100.00"}, "missing_lines": [], "excluded_lines": [], "start_line": 1, "executed_branches": [[33, 34], [33, 40], [57, 58], [57, 63], [63, 64], [63, 71], [112, 113], [112, 116], [117, 118], [117, 126], [120, 121], [120, 123], [133, 134], [133, 135], [145, 146], [145, 147], [147, 148], [147, 149], [174, 175], [174, 178], [185, 186], [185, 198], [187, 188], [187, 189], [189, 190], [189, 191], [194, 195], [194, 196], [196, 185], [196, 197], [217, 218], [217, 224], [219, 220], [219, 223], [230, 231], [230, 250], [233, 234], [233, 237]], "missing_branches": []}}}, "core/io/core_grub_menu_parser.py": {"executed_lines": [7, 9, 10, 11, 12, 13, 14, 16, 18, 21, 22, 30, 31, 32, 33, 36, 37, 40, 41, 42, 43, 46, 47, 48, 49, 50, 53, 54, 55, 56, 57, 58, 59, 60, 63, 70, 73, 75, 77, 78, 79, 80, 81, 82, 85, 87, 88, 89, 90, 91, 93, 94, 95, 96, 97, 98, 99, 100, 101, 103, 104, 105, 108, 110, 111, 113, 114, 115, 117, 118, 119, 120, 121, 123, 124, 125, 126, 127, 129, 130, 131, 132, 134, 143, 144, 145, 147, 148, 149, 150, 151, 152, 154, 155, 157, 158, 160, 162, 164, 165, 166, 168, 169, 171, 172, 175, 181, 182, 185, 187, 188, 189, 190, 191, 192, 193, 194, 195, 196, 197, 198, 201, 202, 203, 204, 205, 206, 207, 208, 211, 213, 214, 215, 216, 218, 219, 220, 221, 223, 225, 226, 227, 228, 229, 230, 232, 233, 234, 235, 238, 241, 242, 243, 244, 245, 246, 247, 248], "summary": {"covered_lines": 158, "num_statements": 158, "percent_covered": 100.0, "percent_covered_display": "100.00", "missing_lines": 0, "excluded_lines": 0, "percent_statements_covered": 100.0, "percent_statements_covered_display": "100.00", "num_branches": 52, "num_partial_branches": 0, "covered_branches": 52, "missing_branches": 0, "percent_branches_covered": 100.0, "percent_branches_covered_display": "100.00"}, "missing_lines": [], "excluded_lines": [], "executed_branches": [[55, 56], [55, 57], [58, 59], [58, 60], [75, 77], [75, 82], [78, 79], [78, 81], [79, 78], [79, 80], [89, 90], [89, 93], [94, 95], [94, 103], [103, 104], [103, 105], [117, 118], [117, 171], [119, 120], [119, 123], [124, 125], [124, 147], [143, 144], [143, 145], [148, 149], [148, 164], [157, 158], [157, 160], [168, 117], [168, 169], [190, 191], [190, 201], [192, 193], [192, 197], [193, 194], [193, 195], [197, 190], [197, 198], [201, 202], [201, 207], [203, 204], [203, 205], [214, 215], [214, 218], [219, 220], [219, 223], [228, 229], [228, 232], [233, 234], [233, 244], [235, 233], [235, 238]], "missing_branches": [], "functions": {"_extract_menuentry_id": {"executed_lines": [54, 55, 56, 57, 58, 59, 60], "summary": {"covered_lines": 7, "num_statements": 7, "percent_covered": 100.0, "percent_covered_display": "100.00", "missing_lines": 0, "excluded_lines": 0, "percent_statements_covered": 100.0, "percent_statements_covered_display": "100.00", "num_branches": 4, "num_partial_branches": 0, "covered_branches": 4, "missing_branches": 0, "percent_branches_covered": 100.0, "percent_branches_covered_display": "100.00"}, "missing_lines": [], "excluded_lines": [], "start_line": 53, "executed_branches": [[55, 56], [55, 57], [58, 59], [58, 60]], "missing_branches": []}, "_discover_efi_grub_cfg_paths": {"executed_lines": [70], "summary": {"covered_lines": 1, "num_statements": 1, "percent_covered": 100.0, "percent_covered_display": "100.00", "missing_lines": 0, "excluded_lines": 0, "percent_statements_covered": 100.0, "percent_statements_covered_display": "100.00", "num_branches": 0, "num_partial_branches": 0, "covered_branches": 0, "missing_branches": 0, "percent_branches_covered": 100.0, "percent_branches_covered_display": "100.00"}, "missing_lines": [], "excluded_lines": [], "start_line": 63, "executed_branches": [], "missing_branches": []}, "_candidate_grub_cfg_paths": {"executed_lines": [75, 77, 78, 79, 80, 81, 82], "summary": {"covered_lines": 7, "num_statements": 7, "percent_covered": 100.0, "percent_covered_display": "100.00", "missing_lines": 0, "excluded_lines": 0, "percent_statements_covered": 100.0, "percent_statements_covered_display": "100.00", "num_branches": 6, "num_partial_branches": 0, "covered_branches": 6, "missing_branches": 0, "percent_branches_covered": 100.0, "percent_branches_covered_display": "100.00"}, "missing_lines": [], "excluded_lines": [], "start_line": 73, "executed_branches": [[75, 77], [75, 82], [78, 79], [78, 81], [79, 78], [79, 80]], "missing_branches": []}, "_iter_readable_grub_cfg_lines": {"executed_lines": [87, 88, 89, 90, 91, 93, 94, 95, 96, 97, 98, 99, 100, 101, 103, 104, 105], "summary": {"covered_lines": 17, "num_statements": 17, "percent_covered": 100.0, "percent_covered_display": "100.00", "missing_lines": 0, "excluded_lines": 0, "percent_statements_covered": 100.0, "percent_statements_covered_display": "100.00", "num_branches": 6, "num_partial_branches": 0, "covered_branches": 6, "missing_branches": 0, "percent_branches_covered": 100.0, "percent_branches_covered_display": "100.00"}, "missing_lines": [], "excluded_lines": [], "start_line": 85, "executed_branches": [[89, 90], [89, 93], [94, 95], [94, 103], [103, 104], [103, 105]], "missing_branches": []}, "_parse_choices": {"executed_lines": [110, 111, 113, 114, 115, 117, 118, 119, 120, 121, 123, 124, 125, 126, 127, 129, 130, 131, 132, 134, 143, 144, 145, 147, 148, 149, 150, 151, 152, 154, 155, 157, 158, 160, 162, 164, 165, 166, 168, 169, 171, 172], "summary": {"covered_lines": 42, "num_statements": 42, "percent_covered": 100.0, "percent_covered_display": "100.00", "missing_lines": 0, "excluded_lines": 0, "percent_statements_covered": 100.0, "percent_statements_covered_display": "100.00", "num_branches": 14, "num_partial_branches": 0, "covered_branches": 14, "missing_branches": 0, "percent_branches_covered": 100.0, "percent_branches_covered_display": "100.00"}, "missing_lines": [], "excluded_lines": [], "start_line": 108, "executed_branches": [[117, 118], [117, 171], [119, 120], [119, 123], [124, 125], [124, 147], [143, 144], [143, 145], [148, 149], [148, 164], [157, 158], [157, 160], [168, 117], [168, 169]], "missing_branches": []}, "read_grub_default_choices": {"executed_lines": [181, 182], "summary": {"covered_lines": 2, "num_statements": 2, "percent_covered": 100.0, "percent_covered_display": "100.00", "missing_lines": 0, "excluded_lines": 0, "percent_statements_covered": 100.0, "percent_statements_covered_display": "100.00", "num_branches": 0, "num_partial_branches": 0, "covered_branches": 0, "missing_branches": 0, "percent_branches_covered": 100.0, "percent_branches_covered_display": "100.00"}, "missing_lines": [], "excluded_lines": [], "start_line": 175, "executed_branches": [], "missing_branches": []}, "read_grub_default_choices_with_source": {"executed_lines": [187, 188, 189, 190, 191, 192, 193, 194, 195, 196, 197, 198, 201, 202, 203, 204, 205, 206, 207, 208], "summary": {"covered_lines": 20, "num_statements": 20, "percent_covered": 100.0, "percent_covered_display": "100.00", "missing_lines": 0, "excluded_lines": 0, "percent_statements_covered": 100.0, "percent_statements_covered_display": "100.00", "num_branches": 12, "num_partial_branches": 0, "covered_branches": 12, "missing_branches": 0, "percent_branches_covered": 100.0, "percent_branches_covered_display": "100.00"}, "missing_lines": [], "excluded_lines": [], "start_line": 185, "executed_branches": [[190, 191], [190, 201], [192, 193], [192, 197], [193, 194], [193, 195], [197, 190], [197, 198], [201, 202], [201, 207], [203, 204], [203, 205]], "missing_branches": []}, "get_simulated_os_prober_entries": {"executed_lines": [213, 214, 215, 216, 218, 219, 220, 221, 223, 225, 226, 227, 228, 229, 230, 232, 233, 234, 235, 238, 241, 242, 243, 244, 245, 246, 247, 248], "summary": {"covered_lines": 28, "num_statements": 28, "percent_covered": 100.0, "percent_covered_display": "100.00", "missing_lines": 0, "excluded_lines": 0, "percent_statements_covered": 100.0, "percent_statements_covered_display": "100.00", "num_branches": 10, "num_partial_branches": 0, "covered_branches": 10, "missing_branches": 0, "percent_branches_covered": 100.0, "percent_branches_covered_display": "100.00"}, "missing_lines": [], "excluded_lines": [], "start_line": 211, "executed_branches": [[214, 215], [214, 218], [219, 220], [219, 223], [228, 229], [228, 232], [233, 234], [233, 244], [235, 233], [235, 238]], "missing_branches": []}, "": {"executed_lines": [7, 9, 10, 11, 12, 13, 14, 16, 18, 21, 22, 30, 31, 32, 33, 36, 37, 40, 41, 42, 43, 46, 47, 48, 49, 50, 53, 63, 73, 85, 108, 175, 185, 211], "summary": {"covered_lines": 34, "num_statements": 34, "percent_covered": 100.0, "percent_covered_display": "100.00", "missing_lines": 0, "excluded_lines": 0, "percent_statements_covered": 100.0, "percent_statements_covered_display": "100.00", "num_branches": 0, "num_partial_branches": 0, "covered_branches": 0, "missing_branches": 0, "percent_branches_covered": 100.0, "percent_branches_covered_display": "100.00"}, "missing_lines": [], "excluded_lines": [], "start_line": 1, "executed_branches": [], "missing_branches": []}}, "classes": {"GrubDefaultChoice": {"executed_lines": [], "summary": {"covered_lines": 0, "num_statements": 0, "percent_covered": 100.0, "percent_covered_display": "100.00", "missing_lines": 0, "excluded_lines": 0, "percent_statements_covered": 100.0, "percent_statements_covered_display": "100.00", "num_branches": 0, "num_partial_branches": 0, "covered_branches": 0, "missing_branches": 0, "percent_branches_covered": 100.0, "percent_branches_covered_display": "100.00"}, "missing_lines": [], "excluded_lines": [], "start_line": 22, "executed_branches": [], "missing_branches": []}, "_Scope": {"executed_lines": [], "summary": {"covered_lines": 0, "num_statements": 0, "percent_covered": 100.0, "percent_covered_display": "100.00", "missing_lines": 0, "excluded_lines": 0, "percent_statements_covered": 100.0, "percent_statements_covered_display": "100.00", "num_branches": 0, "num_partial_branches": 0, "covered_branches": 0, "missing_branches": 0, "percent_branches_covered": 100.0, "percent_branches_covered_display": "100.00"}, "missing_lines": [], "excluded_lines": [], "start_line": 37, "executed_branches": [], "missing_branches": []}, "": {"executed_lines": [7, 9, 10, 11, 12, 13, 14, 16, 18, 21, 22, 30, 31, 32, 33, 36, 37, 40, 41, 42, 43, 46, 47, 48, 49, 50, 53, 54, 55, 56, 57, 58, 59, 60, 63, 70, 73, 75, 77, 78, 79, 80, 81, 82, 85, 87, 88, 89, 90, 91, 93, 94, 95, 96, 97, 98, 99, 100, 101, 103, 104, 105, 108, 110, 111, 113, 114, 115, 117, 118, 119, 120, 121, 123, 124, 125, 126, 127, 129, 130, 131, 132, 134, 143, 144, 145, 147, 148, 149, 150, 151, 152, 154, 155, 157, 158, 160, 162, 164, 165, 166, 168, 169, 171, 172, 175, 181, 182, 185, 187, 188, 189, 190, 191, 192, 193, 194, 195, 196, 197, 198, 201, 202, 203, 204, 205, 206, 207, 208, 211, 213, 214, 215, 216, 218, 219, 220, 221, 223, 225, 226, 227, 228, 229, 230, 232, 233, 234, 235, 238, 241, 242, 243, 244, 245, 246, 247, 248], "summary": {"covered_lines": 158, "num_statements": 158, "percent_covered": 100.0, "percent_covered_display": "100.00", "missing_lines": 0, "excluded_lines": 0, "percent_statements_covered": 100.0, "percent_statements_covered_display": "100.00", "num_branches": 52, "num_partial_branches": 0, "covered_branches": 52, "missing_branches": 0, "percent_branches_covered": 100.0, "percent_branches_covered_display": "100.00"}, "missing_lines": [], "excluded_lines": [], "start_line": 1, "executed_branches": [[55, 56], [55, 57], [58, 59], [58, 60], [75, 77], [75, 82], [78, 79], [78, 81], [79, 78], [79, 80], [89, 90], [89, 93], [94, 95], [94, 103], [103, 104], [103, 105], [117, 118], [117, 171], [119, 120], [119, 123], [124, 125], [124, 147], [143, 144], [143, 145], [148, 149], [148, 164], [157, 158], [157, 160], [168, 117], [168, 169], [190, 191], [190, 201], [192, 193], [192, 197], [193, 194], [193, 195], [197, 190], [197, 198], [201, 202], [201, 207], [203, 204], [203, 205], [214, 215], [214, 218], [219, 220], [219, 223], [228, 229], [228, 232], [233, 234], [233, 244], [235, 233], [235, 238]], "missing_branches": []}}}, "core/managers/core_apply_manager.py": {"executed_lines": [7, 9, 10, 11, 12, 13, 14, 16, 18, 19, 22, 25, 26, 27, 28, 29, 30, 31, 32, 33, 36, 37, 40, 41, 42, 43, 46, 51, 53, 54, 56, 57, 59, 61, 63, 65, 66, 67, 68, 70, 71, 72, 73, 75, 78, 79, 83, 84, 87, 88, 89, 90, 91, 92, 93, 96, 97, 100, 101, 104, 105, 106, 107, 109, 112, 113, 114, 116, 117, 123, 125, 126, 128, 129, 135, 136, 137, 144, 145, 146, 147, 148, 151, 152, 153, 154, 155, 156, 162, 163, 164, 171, 172, 176, 177, 178, 180, 182, 183, 186, 187, 190, 191, 192, 193, 194, 195, 198, 199, 200, 201, 202, 204, 205, 206, 207, 210, 211, 212, 215, 216, 217, 218, 220, 221, 222, 223, 225, 227, 228, 229, 230, 232, 233, 234, 236, 237, 238, 241, 242, 243, 244, 246, 247, 248, 251, 256, 257, 261, 262, 263, 264, 266, 268, 270, 273, 274, 275, 276, 278, 279, 280, 281, 283, 284, 288, 291, 292, 293, 294, 295, 296, 297, 298, 299, 300, 302, 305, 306, 307, 308, 311, 312, 315, 321, 322, 323, 324, 326, 327, 330, 331, 332, 333, 337, 341, 342, 343, 344, 346, 348, 350, 351, 352, 353, 355, 356, 358, 359, 360, 361, 362, 363, 364, 366, 368, 369, 370, 371, 374, 375, 376, 377, 378, 379, 380, 381, 382, 383, 386, 388, 389, 390, 391, 392, 393, 394, 395, 398, 399, 402, 403, 404, 407, 408, 409, 410, 412, 413, 414, 415, 417, 419, 420, 421, 422, 423, 424], "summary": {"covered_lines": 258, "num_statements": 258, "percent_covered": 100.0, "percent_covered_display": "100.00", "missing_lines": 0, "excluded_lines": 0, "percent_statements_covered": 100.0, "percent_statements_covered_display": "100.00", "num_branches": 62, "num_partial_branches": 0, "covered_branches": 62, "missing_branches": 0, "percent_branches_covered": 100.0, "percent_branches_covered_display": "100.00"}, "missing_lines": [], "excluded_lines": [], "executed_branches": [[66, 67], [66, 70], [72, 73], [72, 75], [90, 91], [90, 93], [105, 106], [105, 128], [112, 113], [112, 135], [116, 117], [116, 125], [151, 152], [151, 171], [183, 186], [183, 190], [193, 194], [193, 198], [200, 201], [200, 204], [216, 217], [216, 220], [232, 233], [232, 236], [236, 237], [236, 241], [247, 248], [247, 256], [256, 257], [256, 261], [274, 275], [274, 278], [279, 280], [279, 283], [283, 284], [283, 288], [292, 293], [292, 302], [297, 298], [297, 300], [322, 323], [322, 326], [323, 322], [323, 324], [326, 327], [326, 330], [332, 333], [332, 341], [351, 352], [351, 355], [361, 362], [361, 364], [369, 370], [369, 374], [377, 378], [377, 380], [389, 390], [389, 398], [407, 408], [407, 410], [420, -417], [420, 421]], "missing_branches": [], "functions": {"GrubApplyManager.__init__": {"executed_lines": [53, 54, 56, 57], "summary": {"covered_lines": 4, "num_statements": 4, "percent_covered": 100.0, "percent_covered_display": "100.00", "missing_lines": 0, "excluded_lines": 0, "percent_statements_covered": 100.0, "percent_statements_covered_display": "100.00", "num_branches": 0, "num_partial_branches": 0, "covered_branches": 0, "missing_branches": 0, "percent_branches_covered": 100.0, "percent_branches_covered_display": "100.00"}, "missing_lines": [], "excluded_lines": [], "start_line": 51, "executed_branches": [], "missing_branches": []}, "GrubApplyManager.apply_configuration": {"executed_lines": [61, 63, 65, 66, 67, 68, 70, 71, 72, 73, 75, 78, 79, 83, 84, 87, 88, 89, 90, 91, 92, 93, 96, 97, 100, 101, 104, 105, 106, 107, 109, 112, 113, 114, 116, 117, 123, 125, 126, 128, 129, 135, 136, 137, 144, 145, 146, 147, 148, 151, 152, 153, 154, 155, 156, 162, 163, 164, 171, 172], "summary": {"covered_lines": 60, "num_statements": 60, "percent_covered": 100.0, "percent_covered_display": "100.00", "missing_lines": 0, "excluded_lines": 0, "percent_statements_covered": 100.0, "percent_statements_covered_display": "100.00", "num_branches": 14, "num_partial_branches": 0, "covered_branches": 14, "missing_branches": 0, "percent_branches_covered": 100.0, "percent_branches_covered_display": "100.00"}, "missing_lines": [], "excluded_lines": [], "start_line": 59, "executed_branches": [[66, 67], [66, 70], [72, 73], [72, 75], [90, 91], [90, 93], [105, 106], [105, 128], [112, 113], [112, 135], [116, 117], [116, 125], [151, 152], [151, 171]], "missing_branches": []}, "GrubApplyManager._transition_to": {"executed_lines": [177, 178], "summary": {"covered_lines": 2, "num_statements": 2, "percent_covered": 100.0, "percent_covered_display": "100.00", "missing_lines": 0, "excluded_lines": 0, "percent_statements_covered": 100.0, "percent_statements_covered_display": "100.00", "num_branches": 0, "num_partial_branches": 0, "covered_branches": 0, "missing_branches": 0, "percent_branches_covered": 100.0, "percent_branches_covered_display": "100.00"}, "missing_lines": [], "excluded_lines": [], "start_line": 176, "executed_branches": [], "missing_branches": []}, "GrubApplyManager._create_backup": {"executed_lines": [182, 183, 186, 187, 190, 191, 192, 193, 194, 195, 198, 199, 200, 201, 202, 204, 205, 206, 207, 210, 211, 212, 215, 216, 217, 218, 220, 221, 222, 223], "summary": {"covered_lines": 30, "num_statements": 30, "percent_covered": 100.0, "percent_covered_display": "100.00", "missing_lines": 0, "excluded_lines": 0, "percent_statements_covered": 100.0, "percent_statements_covered_display": "100.00", "num_branches": 8, "num_partial_branches": 0, "covered_branches": 8, "missing_branches": 0, "percent_branches_covered": 100.0, "percent_branches_covered_display": "100.00"}, "missing_lines": [], "excluded_lines": [], "start_line": 180, "executed_branches": [[183, 186], [183, 190], [193, 194], [193, 198], [200, 201], [200, 204], [216, 217], [216, 220]], "missing_branches": []}, "GrubApplyManager._generate_test_config": {"executed_lines": [227, 228, 229, 230, 232, 233, 234, 236, 237, 238, 241, 242, 243, 244, 246, 247, 248, 251, 256, 257, 261, 262, 263, 264, 266], "summary": {"covered_lines": 25, "num_statements": 25, "percent_covered": 100.0, "percent_covered_display": "100.00", "missing_lines": 0, "excluded_lines": 0, "percent_statements_covered": 100.0, "percent_statements_covered_display": "100.00", "num_branches": 8, "num_partial_branches": 0, "covered_branches": 8, "missing_branches": 0, "percent_branches_covered": 100.0, "percent_branches_covered_display": "100.00"}, "missing_lines": [], "excluded_lines": [], "start_line": 225, "executed_branches": [[232, 233], [232, 236], [236, 237], [236, 241], [247, 248], [247, 256], [256, 257], [256, 261]], "missing_branches": []}, "GrubApplyManager._validate_config": {"executed_lines": [270, 273, 274, 275, 276, 278, 279, 280, 281, 283, 284, 288, 291, 292, 293, 294, 295, 296, 297, 298, 299, 300, 302, 305, 306, 307, 308, 311, 312, 315, 321, 322, 323, 324, 326, 327, 330, 331, 332, 333, 337, 341, 342, 343, 344, 346], "summary": {"covered_lines": 46, "num_statements": 46, "percent_covered": 100.0, "percent_covered_display": "100.00", "missing_lines": 0, "excluded_lines": 0, "percent_statements_covered": 100.0, "percent_statements_covered_display": "100.00", "num_branches": 18, "num_partial_branches": 0, "covered_branches": 18, "missing_branches": 0, "percent_branches_covered": 100.0, "percent_branches_covered_display": "100.00"}, "missing_lines": [], "excluded_lines": [], "start_line": 268, "executed_branches": [[274, 275], [274, 278], [279, 280], [279, 283], [283, 284], [283, 288], [292, 293], [292, 302], [297, 298], [297, 300], [322, 323], [322, 326], [323, 322], [323, 324], [326, 327], [326, 330], [332, 333], [332, 341]], "missing_branches": []}, "GrubApplyManager._apply_final": {"executed_lines": [350, 351, 352, 353, 355, 356, 358, 359, 360, 361, 362, 363, 364], "summary": {"covered_lines": 13, "num_statements": 13, "percent_covered": 100.0, "percent_covered_display": "100.00", "missing_lines": 0, "excluded_lines": 0, "percent_statements_covered": 100.0, "percent_statements_covered_display": "100.00", "num_branches": 4, "num_partial_branches": 0, "covered_branches": 4, "missing_branches": 0, "percent_branches_covered": 100.0, "percent_branches_covered_display": "100.00"}, "missing_lines": [], "excluded_lines": [], "start_line": 348, "executed_branches": [[351, 352], [351, 355], [361, 362], [361, 364]], "missing_branches": []}, "GrubApplyManager._rollback": {"executed_lines": [368, 369, 370, 371, 374, 375, 376, 377, 378, 379, 380, 381, 382, 383, 386, 388, 389, 390, 391, 392, 393, 394, 395, 398, 399, 402, 403, 404, 407, 408, 409, 410, 412, 413, 414, 415], "summary": {"covered_lines": 36, "num_statements": 36, "percent_covered": 100.0, "percent_covered_display": "100.00", "missing_lines": 0, "excluded_lines": 0, "percent_statements_covered": 100.0, "percent_statements_covered_display": "100.00", "num_branches": 8, "num_partial_branches": 0, "covered_branches": 8, "missing_branches": 0, "percent_branches_covered": 100.0, "percent_branches_covered_display": "100.00"}, "missing_lines": [], "excluded_lines": [], "start_line": 366, "executed_branches": [[369, 370], [369, 374], [377, 378], [377, 380], [389, 390], [389, 398], [407, 408], [407, 410]], "missing_branches": []}, "GrubApplyManager._cleanup_backup": {"executed_lines": [419, 420, 421, 422, 423, 424], "summary": {"covered_lines": 6, "num_statements": 6, "percent_covered": 100.0, "percent_covered_display": "100.00", "missing_lines": 0, "excluded_lines": 0, "percent_statements_covered": 100.0, "percent_statements_covered_display": "100.00", "num_branches": 2, "num_partial_branches": 0, "covered_branches": 2, "missing_branches": 0, "percent_branches_covered": 100.0, "percent_branches_covered_display": "100.00"}, "missing_lines": [], "excluded_lines": [], "start_line": 417, "executed_branches": [[420, -417], [420, 421]], "missing_branches": []}, "": {"executed_lines": [7, 9, 10, 11, 12, 13, 14, 16, 18, 19, 22, 25, 26, 27, 28, 29, 30, 31, 32, 33, 36, 37, 40, 41, 42, 43, 46, 51, 59, 176, 180, 225, 268, 348, 366, 417], "summary": {"covered_lines": 36, "num_statements": 36, "percent_covered": 100.0, "percent_covered_display": "100.00", "missing_lines": 0, "excluded_lines": 0, "percent_statements_covered": 100.0, "percent_statements_covered_display": "100.00", "num_branches": 0, "num_partial_branches": 0, "covered_branches": 0, "missing_branches": 0, "percent_branches_covered": 100.0, "percent_branches_covered_display": "100.00"}, "missing_lines": [], "excluded_lines": [], "start_line": 1, "executed_branches": [], "missing_branches": []}}, "classes": {"ApplyState": {"executed_lines": [], "summary": {"covered_lines": 0, "num_statements": 0, "percent_covered": 100.0, "percent_covered_display": "100.00", "missing_lines": 0, "excluded_lines": 0, "percent_statements_covered": 100.0, "percent_statements_covered_display": "100.00", "num_branches": 0, "num_partial_branches": 0, "covered_branches": 0, "missing_branches": 0, "percent_branches_covered": 100.0, "percent_branches_covered_display": "100.00"}, "missing_lines": [], "excluded_lines": [], "start_line": 22, "executed_branches": [], "missing_branches": []}, "ApplyResult": {"executed_lines": [], "summary": {"covered_lines": 0, "num_statements": 0, "percent_covered": 100.0, "percent_covered_display": "100.00", "missing_lines": 0, "excluded_lines": 0, "percent_statements_covered": 100.0, "percent_statements_covered_display": "100.00", "num_branches": 0, "num_partial_branches": 0, "covered_branches": 0, "missing_branches": 0, "percent_branches_covered": 100.0, "percent_branches_covered_display": "100.00"}, "missing_lines": [], "excluded_lines": [], "start_line": 37, "executed_branches": [], "missing_branches": []}, "GrubApplyManager": {"executed_lines": [53, 54, 56, 57, 61, 63, 65, 66, 67, 68, 70, 71, 72, 73, 75, 78, 79, 83, 84, 87, 88, 89, 90, 91, 92, 93, 96, 97, 100, 101, 104, 105, 106, 107, 109, 112, 113, 114, 116, 117, 123, 125, 126, 128, 129, 135, 136, 137, 144, 145, 146, 147, 148, 151, 152, 153, 154, 155, 156, 162, 163, 164, 171, 172, 177, 178, 182, 183, 186, 187, 190, 191, 192, 193, 194, 195, 198, 199, 200, 201, 202, 204, 205, 206, 207, 210, 211, 212, 215, 216, 217, 218, 220, 221, 222, 223, 227, 228, 229, 230, 232, 233, 234, 236, 237, 238, 241, 242, 243, 244, 246, 247, 248, 251, 256, 257, 261, 262, 263, 264, 266, 270, 273, 274, 275, 276, 278, 279, 280, 281, 283, 284, 288, 291, 292, 293, 294, 295, 296, 297, 298, 299, 300, 302, 305, 306, 307, 308, 311, 312, 315, 321, 322, 323, 324, 326, 327, 330, 331, 332, 333, 337, 341, 342, 343, 344, 346, 350, 351, 352, 353, 355, 356, 358, 359, 360, 361, 362, 363, 364, 368, 369, 370, 371, 374, 375, 376, 377, 378, 379, 380, 381, 382, 383, 386, 388, 389, 390, 391, 392, 393, 394, 395, 398, 399, 402, 403, 404, 407, 408, 409, 410, 412, 413, 414, 415, 419, 420, 421, 422, 423, 424], "summary": {"covered_lines": 222, "num_statements": 222, "percent_covered": 100.0, "percent_covered_display": "100.00", "missing_lines": 0, "excluded_lines": 0, "percent_statements_covered": 100.0, "percent_statements_covered_display": "100.00", "num_branches": 62, "num_partial_branches": 0, "covered_branches": 62, "missing_branches": 0, "percent_branches_covered": 100.0, "percent_branches_covered_display": "100.00"}, "missing_lines": [], "excluded_lines": [], "start_line": 46, "executed_branches": [[66, 67], [66, 70], [72, 73], [72, 75], [90, 91], [90, 93], [105, 106], [105, 128], [112, 113], [112, 135], [116, 117], [116, 125], [151, 152], [151, 171], [183, 186], [183, 190], [193, 194], [193, 198], [200, 201], [200, 204], [216, 217], [216, 220], [232, 233], [232, 236], [236, 237], [236, 241], [247, 248], [247, 256], [256, 257], [256, 261], [274, 275], [274, 278], [279, 280], [279, 283], [283, 284], [283, 288], [292, 293], [292, 302], [297, 298], [297, 300], [322, 323], [322, 326], [323, 322], [323, 324], [326, 327], [326, 330], [332, 333], [332, 341], [351, 352], [351, 355], [361, 362], [361, 364], [369, 370], [369, 374], [377, 378], [377, 380], [389, 390], [389, 398], [407, 408], [407, 410], [420, -417], [420, 421]], "missing_branches": []}, "": {"executed_lines": [7, 9, 10, 11, 12, 13, 14, 16, 18, 19, 22, 25, 26, 27, 28, 29, 30, 31, 32, 33, 36, 37, 40, 41, 42, 43, 46, 51, 59, 176, 180, 225, 268, 348, 366, 417], "summary": {"covered_lines": 36, "num_statements": 36, "percent_covered": 100.0, "percent_covered_display": "100.00", "missing_lines": 0, "excluded_lines": 0, "percent_statements_covered": 100.0, "percent_statements_covered_display": "100.00", "num_branches": 0, "num_partial_branches": 0, "covered_branches": 0, "missing_branches": 0, "percent_branches_covered": 100.0, "percent_branches_covered_display": "100.00"}, "missing_lines": [], "excluded_lines": [], "start_line": 1, "executed_branches": [], "missing_branches": []}}}, "core/managers/core_entry_visibility_manager.py": {"executed_lines": [12, 14, 15, 16, 17, 18, 20, 22, 24, 27, 29, 30, 31, 32, 33, 34, 35, 36, 37, 38, 39, 40, 41, 42, 43, 44, 45, 46, 49, 51, 52, 53, 54, 55, 56, 57, 58, 59, 60, 63, 66, 67, 70, 72, 73, 74, 77, 78, 79, 81, 84, 86, 87, 88, 89, 90, 91, 92, 93, 96, 98, 99, 100, 101, 104, 119, 120, 121, 122, 123, 125, 126, 127, 128, 130, 131, 132, 135, 136, 140, 141, 145, 146, 149, 154, 155, 159, 160, 161, 162, 163, 165, 166, 167, 169, 170, 171, 172, 173, 174, 175, 176, 177, 178, 179, 180, 182, 183, 184, 187, 188, 189, 191, 192, 193, 194, 195, 198, 199, 200, 201, 202, 204, 205, 207, 208], "summary": {"covered_lines": 126, "num_statements": 126, "percent_covered": 100.0, "percent_covered_display": "100.00", "missing_lines": 0, "excluded_lines": 0, "percent_statements_covered": 100.0, "percent_statements_covered_display": "100.00", "num_branches": 38, "num_partial_branches": 0, "covered_branches": 38, "missing_branches": 0, "percent_branches_covered": 100.0, "percent_branches_covered_display": "100.00"}, "missing_lines": [], "excluded_lines": [], "executed_branches": [[33, 34], [33, 46], [73, 74], [73, 77], [78, 79], [78, 81], [87, 88], [87, 90], [88, 87], [88, 89], [90, 91], [90, 93], [91, 90], [91, 92], [98, 99], [98, 101], [99, 98], [99, 100], [120, 121], [120, 125], [126, 127], [126, 130], [145, 146], [145, 154], [154, 155], [154, 159], [165, 166], [165, 191], [169, 170], [169, 187], [170, 171], [170, 182], [172, 173], [172, 182], [188, 165], [188, 189], [193, 194], [193, 198]], "missing_branches": [], "functions": {"load_hidden_entry_ids": {"executed_lines": [29, 30, 31, 32, 33, 34, 35, 36, 37, 38, 39, 40, 41, 42, 43, 44, 45, 46], "summary": {"covered_lines": 18, "num_statements": 18, "percent_covered": 100.0, "percent_covered_display": "100.00", "missing_lines": 0, "excluded_lines": 0, "percent_statements_covered": 100.0, "percent_statements_covered_display": "100.00", "num_branches": 2, "num_partial_branches": 0, "covered_branches": 2, "missing_branches": 0, "percent_branches_covered": 100.0, "percent_branches_covered_display": "100.00"}, "missing_lines": [], "excluded_lines": [], "start_line": 27, "executed_branches": [[33, 34], [33, 46]], "missing_branches": []}, "save_hidden_entry_ids": {"executed_lines": [51, 52, 53, 54, 55, 56, 57, 58, 59, 60], "summary": {"covered_lines": 10, "num_statements": 10, "percent_covered": 100.0, "percent_covered_display": "100.00", "missing_lines": 0, "excluded_lines": 0, "percent_statements_covered": 100.0, "percent_statements_covered_display": "100.00", "num_branches": 0, "num_partial_branches": 0, "covered_branches": 0, "missing_branches": 0, "percent_branches_covered": 100.0, "percent_branches_covered_display": "100.00"}, "missing_lines": [], "excluded_lines": [], "start_line": 49, "executed_branches": [], "missing_branches": []}, "_extract_menuentry_title": {"executed_lines": [66, 67], "summary": {"covered_lines": 2, "num_statements": 2, "percent_covered": 100.0, "percent_covered_display": "100.00", "missing_lines": 0, "excluded_lines": 0, "percent_statements_covered": 100.0, "percent_statements_covered_display": "100.00", "num_branches": 0, "num_partial_branches": 0, "covered_branches": 0, "missing_branches": 0, "percent_branches_covered": 100.0, "percent_branches_covered_display": "100.00"}, "missing_lines": [], "excluded_lines": [], "start_line": 63, "executed_branches": [], "missing_branches": []}, "_extract_menuentry_id": {"executed_lines": [72, 73, 74, 77, 78, 79, 81], "summary": {"covered_lines": 7, "num_statements": 7, "percent_covered": 100.0, "percent_covered_display": "100.00", "missing_lines": 0, "excluded_lines": 0, "percent_statements_covered": 100.0, "percent_statements_covered_display": "100.00", "num_branches": 4, "num_partial_branches": 0, "covered_branches": 4, "missing_branches": 0, "percent_branches_covered": 100.0, "percent_branches_covered_display": "100.00"}, "missing_lines": [], "excluded_lines": [], "start_line": 70, "executed_branches": [[73, 74], [73, 77], [78, 79], [78, 81]], "missing_branches": []}, "_candidate_grub_cfg_paths": {"executed_lines": [86, 87, 88, 89, 90, 91, 92, 93], "summary": {"covered_lines": 8, "num_statements": 8, "percent_covered": 100.0, "percent_covered_display": "100.00", "missing_lines": 0, "excluded_lines": 0, "percent_statements_covered": 100.0, "percent_statements_covered_display": "100.00", "num_branches": 8, "num_partial_branches": 0, "covered_branches": 8, "missing_branches": 0, "percent_branches_covered": 100.0, "percent_branches_covered_display": "100.00"}, "missing_lines": [], "excluded_lines": [], "start_line": 84, "executed_branches": [[87, 88], [87, 90], [88, 87], [88, 89], [90, 91], [90, 93], [91, 90], [91, 92]], "missing_branches": []}, "find_grub_cfg_path": {"executed_lines": [98, 99, 100, 101], "summary": {"covered_lines": 4, "num_statements": 4, "percent_covered": 100.0, "percent_covered_display": "100.00", "missing_lines": 0, "excluded_lines": 0, "percent_statements_covered": 100.0, "percent_statements_covered_display": "100.00", "num_branches": 4, "num_partial_branches": 0, "covered_branches": 4, "missing_branches": 0, "percent_branches_covered": 100.0, "percent_branches_covered_display": "100.00"}, "missing_lines": [], "excluded_lines": [], "start_line": 96, "executed_branches": [[98, 99], [98, 101], [99, 98], [99, 100]], "missing_branches": []}, "apply_hidden_entries_to_grub_cfg": {"executed_lines": [119, 120, 121, 122, 123, 125, 126, 127, 128, 130, 131, 132, 135, 136, 140, 141, 145, 146, 149, 154, 155, 159, 160, 161, 162, 163, 165, 166, 167, 169, 170, 171, 172, 173, 174, 175, 176, 177, 178, 179, 180, 182, 183, 184, 187, 188, 189, 191, 192, 193, 194, 195, 198, 199, 200, 201, 202, 204, 205, 207, 208], "summary": {"covered_lines": 61, "num_statements": 61, "percent_covered": 100.0, "percent_covered_display": "100.00", "missing_lines": 0, "excluded_lines": 0, "percent_statements_covered": 100.0, "percent_statements_covered_display": "100.00", "num_branches": 20, "num_partial_branches": 0, "covered_branches": 20, "missing_branches": 0, "percent_branches_covered": 100.0, "percent_branches_covered_display": "100.00"}, "missing_lines": [], "excluded_lines": [], "start_line": 104, "executed_branches": [[120, 121], [120, 125], [126, 127], [126, 130], [145, 146], [145, 154], [154, 155], [154, 159], [165, 166], [165, 191], [169, 170], [169, 187], [170, 171], [170, 182], [172, 173], [172, 182], [188, 165], [188, 189], [193, 194], [193, 198]], "missing_branches": []}, "": {"executed_lines": [12, 14, 15, 16, 17, 18, 20, 22, 24, 27, 49, 63, 70, 84, 96, 104], "summary": {"covered_lines": 16, "num_statements": 16, "percent_covered": 100.0, "percent_covered_display": "100.00", "missing_lines": 0, "excluded_lines": 0, "percent_statements_covered": 100.0, "percent_statements_covered_display": "100.00", "num_branches": 0, "num_partial_branches": 0, "covered_branches": 0, "missing_branches": 0, "percent_branches_covered": 100.0, "percent_branches_covered_display": "100.00"}, "missing_lines": [], "excluded_lines": [], "start_line": 1, "executed_branches": [], "missing_branches": []}}, "classes": {"": {"executed_lines": [12, 14, 15, 16, 17, 18, 20, 22, 24, 27, 29, 30, 31, 32, 33, 34, 35, 36, 37, 38, 39, 40, 41, 42, 43, 44, 45, 46, 49, 51, 52, 53, 54, 55, 56, 57, 58, 59, 60, 63, 66, 67, 70, 72, 73, 74, 77, 78, 79, 81, 84, 86, 87, 88, 89, 90, 91, 92, 93, 96, 98, 99, 100, 101, 104, 119, 120, 121, 122, 123, 125, 126, 127, 128, 130, 131, 132, 135, 136, 140, 141, 145, 146, 149, 154, 155, 159, 160, 161, 162, 163, 165, 166, 167, 169, 170, 171, 172, 173, 174, 175, 176, 177, 178, 179, 180, 182, 183, 184, 187, 188, 189, 191, 192, 193, 194, 195, 198, 199, 200, 201, 202, 204, 205, 207, 208], "summary": {"covered_lines": 126, "num_statements": 126, "percent_covered": 100.0, "percent_covered_display": "100.00", "missing_lines": 0, "excluded_lines": 0, "percent_statements_covered": 100.0, "percent_statements_covered_display": "100.00", "num_branches": 38, "num_partial_branches": 0, "covered_branches": 38, "missing_branches": 0, "percent_branches_covered": 100.0, "percent_branches_covered_display": "100.00"}, "missing_lines": [], "excluded_lines": [], "start_line": 1, "executed_branches": [[33, 34], [33, 46], [73, 74], [73, 77], [78, 79], [78, 81], [87, 88], [87, 90], [88, 87], [88, 89], [90, 91], [90, 93], [91, 90], [91, 92], [98, 99], [98, 101], [99, 98], [99, 100], [120, 121], [120, 125], [126, 127], [126, 130], [145, 146], [145, 154], [154, 155], [154, 159], [165, 166], [165, 191], [169, 170], [169, 187], [170, 171], [170, 182], [172, 173], [172, 182], [188, 165], [188, 189], [193, 194], [193, 198]], "missing_branches": []}}}, "core/models/core_grub_ui_model.py": {"executed_lines": [7, 9, 10, 12, 14, 15, 16, 19, 20, 26, 27, 29, 30, 32, 33, 35, 36, 37, 38, 41, 42, 49, 50, 51, 54, 68, 73, 74, 75, 76, 79, 81, 83, 84, 85, 86, 87, 89, 90, 91, 92, 94, 108, 115, 116, 119, 120, 123, 124, 125, 129, 130, 132, 133, 136, 137, 140, 141, 145, 146, 147, 148, 151, 152, 155, 159, 162, 170, 171, 172, 174, 175, 177, 179, 180, 183, 191, 192, 193, 194, 195, 196], "summary": {"covered_lines": 82, "num_statements": 82, "percent_covered": 100.0, "percent_covered_display": "100.00", "missing_lines": 0, "excluded_lines": 0, "percent_statements_covered": 100.0, "percent_statements_covered_display": "100.00", "num_branches": 18, "num_partial_branches": 0, "covered_branches": 18, "missing_branches": 0, "percent_branches_covered": 100.0, "percent_branches_covered_display": "100.00"}, "missing_lines": [], "excluded_lines": [], "executed_branches": [[74, 75], [74, 76], [119, 120], [119, 123], [129, 130], [129, 132], [132, 133], [132, 136], [136, 137], [136, 140], [140, 141], [140, 145], [145, 146], [145, 147], [147, 148], [147, 151], [151, 152], [151, 155]], "missing_branches": [], "functions": {"_as_bool": {"executed_lines": [73, 74, 75, 76], "summary": {"covered_lines": 4, "num_statements": 4, "percent_covered": 100.0, "percent_covered_display": "100.00", "missing_lines": 0, "excluded_lines": 0, "percent_statements_covered": 100.0, "percent_statements_covered_display": "100.00", "num_branches": 2, "num_partial_branches": 0, "covered_branches": 2, "missing_branches": 0, "percent_branches_covered": 100.0, "percent_branches_covered_display": "100.00"}, "missing_lines": [], "excluded_lines": [], "start_line": 68, "executed_branches": [[74, 75], [74, 76]], "missing_branches": []}, "model_from_config": {"executed_lines": [81, 83, 89, 90, 91, 92, 94], "summary": {"covered_lines": 7, "num_statements": 7, "percent_covered": 100.0, "percent_covered_display": "100.00", "missing_lines": 0, "excluded_lines": 0, "percent_statements_covered": 100.0, "percent_statements_covered_display": "100.00", "num_branches": 0, "num_partial_branches": 0, "covered_branches": 0, "missing_branches": 0, "percent_branches_covered": 100.0, "percent_branches_covered_display": "100.00"}, "missing_lines": [], "excluded_lines": [], "start_line": 79, "executed_branches": [], "missing_branches": []}, "model_from_config._int": {"executed_lines": [84, 85, 86, 87], "summary": {"covered_lines": 4, "num_statements": 4, "percent_covered": 100.0, "percent_covered_display": "100.00", "missing_lines": 0, "excluded_lines": 0, "percent_statements_covered": 100.0, "percent_statements_covered_display": "100.00", "num_branches": 0, "num_partial_branches": 0, "covered_branches": 0, "missing_branches": 0, "percent_branches_covered": 100.0, "percent_branches_covered_display": "100.00"}, "missing_lines": [], "excluded_lines": [], "start_line": 83, "executed_branches": [], "missing_branches": []}, "merged_config_from_model": {"executed_lines": [115, 116, 119, 120, 123, 124, 125, 129, 130, 132, 133, 136, 137, 140, 141, 145, 146, 147, 148, 151, 152, 155, 159], "summary": {"covered_lines": 23, "num_statements": 23, "percent_covered": 100.0, "percent_covered_display": "100.00", "missing_lines": 0, "excluded_lines": 0, "percent_statements_covered": 100.0, "percent_statements_covered_display": "100.00", "num_branches": 16, "num_partial_branches": 0, "covered_branches": 16, "missing_branches": 0, "percent_branches_covered": 100.0, "percent_branches_covered_display": "100.00"}, "missing_lines": [], "excluded_lines": [], "start_line": 108, "executed_branches": [[119, 120], [119, 123], [129, 130], [129, 132], [132, 133], [132, 136], [136, 137], [136, 140], [140, 141], [140, 145], [145, 146], [145, 147], [147, 148], [147, 151], [151, 152], [151, 155]], "missing_branches": []}, "load_grub_ui_state": {"executed_lines": [170, 171, 172, 174, 175, 177, 179, 180], "summary": {"covered_lines": 8, "num_statements": 8, "percent_covered": 100.0, "percent_covered_display": "100.00", "missing_lines": 0, "excluded_lines": 0, "percent_statements_covered": 100.0, "percent_statements_covered_display": "100.00", "num_branches": 0, "num_partial_branches": 0, "covered_branches": 0, "missing_branches": 0, "percent_branches_covered": 100.0, "percent_branches_covered_display": "100.00"}, "missing_lines": [], "excluded_lines": [], "start_line": 162, "executed_branches": [], "missing_branches": []}, "save_grub_ui_state": {"executed_lines": [191, 192, 193, 194, 195, 196], "summary": {"covered_lines": 6, "num_statements": 6, "percent_covered": 100.0, "percent_covered_display": "100.00", "missing_lines": 0, "excluded_lines": 0, "percent_statements_covered": 100.0, "percent_statements_covered_display": "100.00", "num_branches": 0, "num_partial_branches": 0, "covered_branches": 0, "missing_branches": 0, "percent_branches_covered": 100.0, "percent_branches_covered_display": "100.00"}, "missing_lines": [], "excluded_lines": [], "start_line": 183, "ex
[...]
45, 48, 49, 52, 54], "summary": {"covered_lines": 10, "num_statements": 10, "percent_covered": 100.0, "percent_covered_display": "100.00", "missing_lines": 0, "excluded_lines": 0, "percent_statements_covered": 100.0, "percent_statements_covered_display": "100.00", "num_branches": 0, "num_partial_branches": 0, "covered_branches": 0, "missing_branches": 0, "percent_branches_covered": 100.0, "percent_branches_covered_display": "100.00"}, "missing_lines": [], "excluded_lines": [], "start_line": 36, "executed_branches": [], "missing_branches": []}, "AppStateManager.apply_state": {"executed_lines": [64, 65, 66, 68, 69, 71, 72, 73], "summary": {"covered_lines": 8, "num_statements": 8, "percent_covered": 100.0, "percent_covered_display": "100.00", "missing_lines": 0, "excluded_lines": 0, "percent_statements_covered": 100.0, "percent_statements_covered_display": "100.00", "num_branches": 0, "num_partial_branches": 0, "covered_branches": 0, "missing_branches": 0, "percent_branches_covered": 100.0, "percent_branches_covered_display": "100.00"}, "missing_lines": [], "excluded_lines": [], "start_line": 56, "executed_branches": [], "missing_branches": []}, "AppStateManager.mark_dirty": {"executed_lines": [82, 83, 84], "summary": {"covered_lines": 3, "num_statements": 3, "percent_covered": 100.0, "percent_covered_display": "100.00", "missing_lines": 0, "excluded_lines": 0, "percent_statements_covered": 100.0, "percent_statements_covered_display": "100.00", "num_branches": 2, "num_partial_branches": 0, "covered_branches": 2, "missing_branches": 0, "percent_branches_covered": 100.0, "percent_branches_covered_display": "100.00"}, "missing_lines": [], "excluded_lines": [], "start_line": 75, "executed_branches": [[82, -75], [82, 83]], "missing_branches": []}, "AppStateManager.set_loading": {"executed_lines": [92, 93], "summary": {"covered_lines": 2, "num_statements": 2, "percent_covered": 100.0, "percent_covered_display": "100.00", "missing_lines": 0, "excluded_lines": 0, "percent_statements_covered": 100.0, "percent_statements_covered_display": "100.00", "num_branches": 0, "num_partial_branches": 0, "covered_branches": 0, "missing_branches": 0, "percent_branches_covered": 100.0, "percent_branches_covered_display": "100.00"}, "missing_lines": [], "excluded_lines": [], "start_line": 86, "executed_branches": [], "missing_branches": []}, "AppStateManager.is_loading": {"executed_lines": [101], "summary": {"covered_lines": 1, "num_statements": 1, "percent_covered": 100.0, "percent_covered_display": "100.00", "missing_lines": 0, "excluded_lines": 0, "percent_statements_covered": 100.0, "percent_statements_covered_display": "100.00", "num_branches": 0, "num_partial_branches": 0, "covered_branches": 0, "missing_branches": 0, "percent_branches_covered": 100.0, "percent_branches_covered_display": "100.00"}, "missing_lines": [], "excluded_lines": [], "start_line": 95, "executed_branches": [], "missing_branches": []}, "AppStateManager.update_state_data": {"executed_lines": [109, 110], "summary": {"covered_lines": 2, "num_statements": 2, "percent_covered": 100.0, "percent_covered_display": "100.00", "missing_lines": 0, "excluded_lines": 0, "percent_statements_covered": 100.0, "percent_statements_covered_display": "100.00", "num_branches": 0, "num_partial_branches": 0, "covered_branches": 0, "missing_branches": 0, "percent_branches_covered": 100.0, "percent_branches_covered_display": "100.00"}, "missing_lines": [], "excluded_lines": [], "start_line": 103, "executed_branches": [], "missing_branches": []}, "AppStateManager.update_default_choice_ids": {"executed_lines": [118, 119], "summary": {"covered_lines": 2, "num_statements": 2, "percent_covered": 100.0, "percent_covered_display": "100.00", "missing_lines": 0, "excluded_lines": 0, "percent_statements_covered": 100.0, "percent_statements_covered_display": "100.00", "num_branches": 0, "num_partial_branches": 0, "covered_branches": 0, "missing_branches": 0, "percent_branches_covered": 100.0, "percent_branches_covered_display": "100.00"}, "missing_lines": [], "excluded_lines": [], "start_line": 112, "executed_branches": [], "missing_branches": []}, "AppStateManager.get_default_choice_ids": {"executed_lines": [127], "summary": {"covered_lines": 1, "num_statements": 1, "percent_covered": 100.0, "percent_covered_display": "100.00", "missing_lines": 0, "excluded_lines": 0, "percent_statements_covered": 100.0, "percent_statements_covered_display": "100.00", "num_branches": 0, "num_partial_branches": 0, "covered_branches": 0, "missing_branches": 0, "percent_branches_covered": 100.0, "percent_branches_covered_display": "100.00"}, "missing_lines": [], "excluded_lines": [], "start_line": 121, "executed_branches": [], "missing_branches": []}, "": {"executed_lines": [6, 8, 9, 11, 13, 14, 15, 18, 21, 22, 23, 26, 36, 56, 75, 86, 95, 103, 112, 121], "summary": {"covered_lines": 20, "num_statements": 20, "percent_covered": 100.0, "percent_covered_display": "100.00", "missing_lines": 0, "excluded_lines": 0, "percent_statements_covered": 100.0, "percent_statements_covered_display": "100.00", "num_branches": 0, "num_partial_branches": 0, "covered_branches": 0, "missing_branches": 0, "percent_branches_covered": 100.0, "percent_branches_covered_display": "100.00"}, "missing_lines": [], "excluded_lines": [], "start_line": 1, "executed_branches": [], "missing_branches": []}}, "classes": {"AppState": {"executed_lines": [], "summary": {"covered_lines": 0, "num_statements": 0, "percent_covered": 100.0, "percent_covered_display": "100.00", "missing_lines": 0, "excluded_lines": 0, "percent_statements_covered": 100.0, "percent_statements_covered_display": "100.00", "num_branches": 0, "num_partial_branches": 0, "covered_branches": 0, "missing_branches": 0, "percent_branches_covered": 100.0, "percent_branches_covered_display": "100.00"}, "missing_lines": [], "excluded_lines": [], "start_line": 18, "executed_branches": [], "missing_branches": []}, "AppStateManager": {"executed_lines": [38, 41, 42, 43, 44, 45, 48, 49, 52, 54, 64, 65, 66, 68, 69, 71, 72, 73, 82, 83, 84, 92, 93, 101, 109, 110, 118, 119, 127], "summary": {"covered_lines": 29, "num_statements": 29, "percent_covered": 100.0, "percent_covered_display": "100.00", "missing_lines": 0, "excluded_lines": 0, "percent_statements_covered": 100.0, "percent_statements_covered_display": "100.00", "num_branches": 2, "num_partial_branches": 0, "covered_branches": 2, "missing_branches": 0, "percent_branches_covered": 100.0, "percent_branches_covered_display": "100.00"}, "missing_lines": [], "excluded_lines": [], "start_line": 26, "executed_branches": [[82, -75], [82, 83]], "missing_branches": []}, "": {"executed_lines": [6, 8, 9, 11, 13, 14, 15, 18, 21, 22, 23, 26, 36, 56, 75, 86, 95, 103, 112, 121], "summary": {"covered_lines": 20, "num_statements": 20, "percent_covered": 100.0, "percent_covered_display": "100.00", "missing_lines": 0, "excluded_lines": 0, "percent_statements_covered": 100.0, "percent_statements_covered_display": "100.00", "num_branches": 0, "num_partial_branches": 0, "covered_branches": 0, "missing_branches": 0, "percent_branches_covered": 100.0, "percent_branches_covered_display": "100.00"}, "missing_lines": [], "excluded_lines": [], "start_line": 1, "executed_branches": [], "missing_branches": []}}}, "ui/ui_widgets.py": {"executed_lines": [7, 9, 10, 17, 20, 21, 30, 31, 32, 33, 34, 36, 37, 46, 47, 48, 49, 50, 58, 80, 81, 82, 83, 84, 85, 86, 89, 101, 102, 103, 111, 129, 130, 131, 132, 134, 135, 136, 137, 140, 150, 151, 152, 153, 154, 155, 163, 170, 171, 172, 173, 174, 182, 192, 193, 194, 195, 196, 197, 200, 220, 221, 222, 224, 225, 226, 227, 229, 230, 238, 255, 256, 258, 259, 260, 261, 262, 264, 265, 268, 274, 275, 276, 277, 278, 279, 280, 281, 282, 290, 297, 298, 299, 300, 301, 304, 311, 312, 313, 314, 315, 323, 332, 333, 334, 335, 336, 337, 338], "summary": {"covered_lines": 109, "num_statements": 109, "percent_covered": 100.0, "percent_covered_display": "100.00", "missing_lines": 0, "excluded_lines": 0, "percent_statements_covered": 100.0, "percent_statements_covered_display": "100.00", "num_branches": 12, "num_partial_branches": 0, "covered_branches": 12, "missing_branches": 0, "percent_branches_covered": 100.0, "percent_branches_covered_display": "100.00"}, "missing_lines": [], "excluded_lines": [], "executed_branches": [[82, 83], [82, 84], [131, 132], [131, 134], [277, 278], [277, 282], [332, 333], [332, 334], [334, 335], [334, 336], [336, 337], [336, 338]], "missing_branches": [], "functions": {"WidgetFactory.create_section_header": {"executed_lines": [30, 31, 32, 33, 34], "summary": {"covered_lines": 5, "num_statements": 5, "percent_covered": 100.0, "percent_covered_display": "100.00", "missing_lines": 0, "excluded_lines": 0, "percent_statements_covered": 100.0, "percent_statements_covered_display": "100.00", "num_branches": 0, "num_partial_branches": 0, "covered_branches": 0, "missing_branches": 0, "percent_branches_covered": 100.0, "percent_branches_covered_display": "100.00"}, "missing_lines": [], "excluded_lines": [], "start_line": 21, "executed_branches": [], "missing_branches": []}, "WidgetFactory.create_section_title": {"executed_lines": [46, 47, 48, 49, 50], "summary": {"covered_lines": 5, "num_statements": 5, "percent_covered": 100.0, "percent_covered_display": "100.00", "missing_lines": 0, "excluded_lines": 0, "percent_statements_covered": 100.0, "percent_statements_covered_display": "100.00", "num_branches": 0, "num_partial_branches": 0, "covered_branches": 0, "missing_branches": 0, "percent_branches_covered": 100.0, "percent_branches_covered_display": "100.00"}, "missing_lines": [], "excluded_lines": [], "start_line": 37, "executed_branches": [], "missing_branches": []}, "grid_add_labeled": {"executed_lines": [80, 81, 82, 83, 84, 85, 86], "summary": {"covered_lines": 7, "num_statements": 7, "percent_covered": 100.0, "percent_covered_display": "100.00", "missing_lines": 0, "excluded_lines": 0, "percent_statements_covered": 100.0, "percent_statements_covered_display": "100.00", "num_branches": 2, "num_partial_branches": 0, "covered_branches": 2, "missing_branches": 0, "percent_branches_covered": 100.0, "percent_branches_covered_display": "100.00"}, "missing_lines": [], "excluded_lines": [], "start_line": 58, "executed_branches": [[82, 83], [82, 84]], "missing_branches": []}, "grid_add_check": {"executed_lines": [101, 102, 103], "summary": {"covered_lines": 3, "num_statements": 3, "percent_covered": 100.0, "percent_covered_display": "100.00", "missing_lines": 0, "excluded_lines": 0, "percent_statements_covered": 100.0, "percent_statements_covered_display": "100.00", "num_branches": 0, "num_partial_branches": 0, "covered_branches": 0, "missing_branches": 0, "percent_branches_covered": 100.0, "percent_branches_covered_display": "100.00"}, "missing_lines": [], "excluded_lines": [], "start_line": 89, "executed_branches": [], "missing_branches": []}, "box_append_label": {"executed_lines": [129, 130, 131, 132, 134, 135, 136, 137], "summary": {"covered_lines": 8, "num_statements": 8, "percent_covered": 100.0, "percent_covered_display": "100.00", "missing_lines": 0, "excluded_lines": 0, "percent_statements_covered": 100.0, "percent_statements_covered_display": "100.00", "num_branches": 2, "num_partial_branches": 0, "covered_branches": 2, "missing_branches": 0, "percent_branches_covered": 100.0, "percent_branches_covered_display": "100.00"}, "missing_lines": [], "excluded_lines": [], "start_line": 111, "executed_branches": [[131, 132], [131, 134]], "missing_branches": []}, "box_append_section_title": {"executed_lines": [150, 151, 152, 153, 154, 155], "summary": {"covered_lines": 6, "num_statements": 6, "percent_covered": 100.0, "percent_covered_display": "100.00", "missing_lines": 0, "excluded_lines": 0, "percent_statements_covered": 100.0, "percent_statements_covered_display": "100.00", "num_branches": 0, "num_partial_branches": 0, "covered_branches": 0, "missing_branches": 0, "percent_branches_covered": 100.0, "percent_branches_covered_display": "100.00"}, "missing_lines": [], "excluded_lines": [], "start_line": 140, "executed_branches": [], "missing_branches": []}, "apply_margins": {"executed_lines": [170, 171, 172, 173, 174], "summary": {"covered_lines": 5, "num_statements": 5, "percent_covered": 100.0, "percent_covered_display": "100.00", "missing_lines": 0, "excluded_lines": 0, "percent_statements_covered": 100.0, "percent_statements_covered_display": "100.00", "num_branches": 0, "num_partial_branches": 0, "covered_branches": 0, "missing_branches": 0, "percent_branches_covered": 100.0, "percent_branches_covered_display": "100.00"}, "missing_lines": [], "excluded_lines": [], "start_line": 163, "executed_branches": [], "missing_branches": []}, "create_main_box": {"executed_lines": [192, 193, 194, 195, 196, 197], "summary": {"covered_lines": 6, "num_statements": 6, "percent_covered": 100.0, "percent_covered_display": "100.00", "missing_lines": 0, "excluded_lines": 0, "percent_statements_covered": 100.0, "percent_statements_covered_display": "100.00", "num_branches": 0, "num_partial_branches": 0, "covered_branches": 0, "missing_branches": 0, "percent_branches_covered": 100.0, "percent_branches_covered_display": "100.00"}, "missing_lines": [], "excluded_lines": [], "start_line": 182, "executed_branches": [], "missing_branches": []}, "make_scrolled_grid": {"executed_lines": [220, 221, 222, 224, 225, 226, 227, 229, 230], "summary": {"covered_lines": 9, "num_statements": 9, "percent_covered": 100.0, "percent_covered_display": "100.00", "missing_lines": 0, "excluded_lines": 0, "percent_statements_covered": 100.0, "percent_statements_covered_display": "100.00", "num_branches": 0, "num_partial_branches": 0, "covered_branches": 0, "missing_branches": 0, "percent_branches_covered": 100.0, "percent_branches_covered_display": "100.00"}, "missing_lines": [], "excluded_lines": [], "start_line": 200, "executed_branches": [], "missing_branches": []}, "create_list_box_row_with_margins": {"executed_lines": [255, 256, 258, 259, 260, 261, 262, 264, 265], "summary": {"covered_lines": 9, "num_statements": 9, "percent_covered": 100.0, "percent_covered_display": "100.00", "missing_lines": 0, "excluded_lines": 0, "percent_statements_covered": 100.0, "percent_statements_covered_display": "100.00", "num_branches": 0, "num_partial_branches": 0, "covered_branches": 0, "missing_branches": 0, "percent_branches_covered": 100.0, "percent_branches_covered_display": "100.00"}, "missing_lines": [], "excluded_lines": [], "start_line": 238, "executed_branches": [], "missing_branches": []}, "clear_listbox": {"executed_lines": [274, 275, 276, 277, 278, 279, 280, 281, 282], "summary": {"covered_lines": 9, "num_statements": 9, "percent_covered": 100.0, "percent_covered_display": "100.00", "missing_lines": 0, "excluded_lines": 0, "percent_statements_covered": 100.0, "percent_statements_covered_display": "100.00", "num_branches": 2, "num_partial_branches": 0, "covered_branches": 2, "missing_branches": 0, "percent_branches_covered": 100.0, "percent_branches_covered_display": "100.00"}, "missing_lines": [], "excluded_lines": [], "start_line": 268, "executed_branches": [[277, 278], [277, 282]], "missing_branches": []}, "create_error_dialog": {"executed_lines": [297, 298, 299, 300, 301], "summary": {"covered_lines": 5, "num_statements": 5, "percent_covered": 100.0, "percent_covered_display": "100.00", "missing_lines": 0, "excluded_lines": 0, "percent_statements_covered": 100.0, "percent_statements_covered_display": "100.00", "num_branches": 0, "num_partial_branches": 0, "covered_branches": 0, "missing_branches": 0, "percent_branches_covered": 100.0, "percent_branches_covered_display": "100.00"}, "missing_lines": [], "excluded_lines": [], "start_line": 290, "executed_branches": [], "missing_branches": []}, "create_success_dialog": {"executed_lines": [311, 312, 313, 314, 315], "summary": {"covered_lines": 5, "num_statements": 5, "percent_covered": 100.0, "percent_covered_display": "100.00", "missing_lines": 0, "excluded_lines": 0, "percent_statements_covered": 100.0, "percent_statements_covered_display": "100.00", "num_branches": 0, "num_partial_branches": 0, "covered_branches": 0, "missing_branches": 0, "percent_branches_covered": 100.0, "percent_branches_covered_display": "100.00"}, "missing_lines": [], "excluded_lines": [], "start_line": 304, "executed_branches": [], "missing_branches": []}, "categorize_backup_type": {"executed_lines": [332, 333, 334, 335, 336, 337, 338], "summary": {"covered_lines": 7, "num_statements": 7, "percent_covered": 100.0, "percent_covered_display": "100.00", "missing_lines": 0, "excluded_lines": 0, "percent_statements_covered": 100.0, "percent_statements_covered_display": "100.00", "num_branches": 6, "num_partial_branches": 0, "covered_branches": 6, "missing_branches": 0, "percent_branches_covered": 100.0, "percent_branches_covered_display": "100.00"}, "missing_lines": [], "excluded_lines": [], "start_line": 323, "executed_branches": [[332, 333], [332, 334], [334, 335], [334, 336], [336, 337], [336, 338]], "missing_branches": []}, "": {"executed_lines": [7, 9, 10, 17, 20, 21, 36, 37, 58, 89, 111, 140, 163, 182, 200, 238, 268, 290, 304, 323], "summary": {"covered_lines": 20, "num_statements": 20, "percent_covered": 100.0, "percent_covered_display": "100.00", "missing_lines": 0, "excluded_lines": 0, "percent_statements_covered": 100.0, "percent_statements_covered_display": "100.00", "num_branches": 0, "num_partial_branches": 0, "covered_branches": 0, "missing_branches": 0, "percent_branches_covered": 100.0, "percent_branches_covered_display": "100.00"}, "missing_lines": [], "excluded_lines": [], "start_line": 1, "executed_branches": [], "missing_branches": []}}, "classes": {"WidgetFactory": {"executed_lines": [30, 31, 32, 33, 34, 46, 47, 48, 49, 50], "summary": {"covered_lines": 10, "num_statements": 10, "percent_covered": 100.0, "percent_covered_display": "100.00", "missing_lines": 0, "excluded_lines": 0, "percent_statements_covered": 100.0, "percent_statements_covered_display": "100.00", "num_branches": 0, "num_partial_branches": 0, "covered_branches": 0, "missing_branches": 0, "percent_branches_covered": 100.0, "percent_branches_covered_display": "100.00"}, "missing_lines": [], "excluded_lines": [], "start_line": 17, "executed_branches": [], "missing_branches": []}, "": {"executed_lines": [7, 9, 10, 17, 20, 21, 36, 37, 58, 80, 81, 82, 83, 84, 85, 86, 89, 101, 102, 103, 111, 129, 130, 131, 132, 134, 135, 136, 137, 140, 150, 151, 152, 153, 154, 155, 163, 170, 171, 172, 173, 174, 182, 192, 193, 194, 195, 196, 197, 200, 220, 221, 222, 224, 225, 226, 227, 229, 230, 238, 255, 256, 258, 259, 260, 261, 262, 264, 265, 268, 274, 275, 276, 277, 278, 279, 280, 281, 282, 290, 297, 298, 299, 300, 301, 304, 311, 312, 313, 314, 315, 323, 332, 333, 334, 335, 336, 337, 338], "summary": {"covered_lines": 99, "num_statements": 99, "percent_covered": 100.0, "percent_covered_display": "100.00", "missing_lines": 0, "excluded_lines": 0, "percent_statements_covered": 100.0, "percent_statements_covered_display": "100.00", "num_branches": 12, "num_partial_branches": 0, "covered_branches": 12, "missing_branches": 0, "percent_branches_covered": 100.0, "percent_branches_covered_display": "100.00"}, "missing_lines": [], "excluded_lines": [], "start_line": 1, "executed_branches": [[82, 83], [82, 84], [131, 132], [131, 134], [277, 278], [277, 282], [332, 333], [332, 334], [334, 335], [334, 336], [336, 337], [336, 338]], "missing_branches": []}}}}, "totals": {"covered_lines": 2598, "num_statements": 4292, "percent_covered": 58.140447234209496, "percent_covered_display": "58.14", "missing_lines": 1694, "excluded_lines": 20, "percent_statements_covered": 60.531220876048465, "percent_statements_covered_display": "60.53", "num_branches": 806, "num_partial_branches": 4, "covered_branches": 366, "missing_branches": 440, "percent_branches_covered": 45.40942928039702, "percent_branches_covered_display": "45.41"}}